2020-03-05 21:29:21 [main] INFO  DataBaseTestConfig:20 - Create DB connection
2020-03-05 21:29:23 [main] INFO  DataBaseTestConfig:30 - Closing DB connection
2020-03-05 21:29:23 [main] INFO  DataBaseTestConfig:20 - Create DB connection
2020-03-05 21:29:23 [main] INFO  DataBaseTestConfig:54 - Closing Result Set
2020-03-05 21:29:23 [main] INFO  DataBaseTestConfig:42 - Closing Prepared Statement
2020-03-05 21:29:23 [main] INFO  DataBaseTestConfig:20 - Create DB connection
2020-03-05 21:29:23 [main] INFO  DataBaseTestConfig:20 - Create DB connection
2020-03-05 21:29:23 [main] INFO  DataBaseTestConfig:42 - Closing Prepared Statement
2020-03-05 21:29:23 [main] INFO  DataBaseTestConfig:20 - Create DB connection
2020-03-05 21:29:24 [main] INFO  DataBaseTestConfig:20 - Create DB connection
2020-03-05 21:29:24 [main] INFO  DataBaseTestConfig:20 - Create DB connection
2020-03-05 21:29:24 [main] INFO  DataBaseTestConfig:20 - Create DB connection
2020-03-05 21:29:24 [main] INFO  DataBaseTestConfig:20 - Create DB connection
2020-03-05 21:29:24 [main] INFO  DataBaseTestConfig:42 - Closing Prepared Statement
2020-03-05 21:29:24 [main] INFO  DataBaseTestConfig:20 - Create DB connection
2020-03-05 21:29:24 [main] INFO  DataBaseTestConfig:54 - Closing Result Set
2020-03-05 21:29:24 [main] INFO  DataBaseTestConfig:42 - Closing Prepared Statement
2020-03-05 21:29:24 [main] INFO  DataBaseTestConfig:20 - Create DB connection
2020-03-05 21:29:24 [main] INFO  DataBaseTestConfig:20 - Create DB connection
2020-03-05 21:29:24 [main] INFO  DataBaseTestConfig:42 - Closing Prepared Statement
2020-03-05 21:29:24 [main] INFO  DataBaseTestConfig:20 - Create DB connection
2020-03-05 21:29:24 [main] INFO  DataBaseTestConfig:20 - Create DB connection
2020-03-05 21:29:24 [main] INFO  DataBaseTestConfig:20 - Create DB connection
2020-03-05 21:29:24 [main] INFO  DataBaseTestConfig:20 - Create DB connection
2020-03-05 21:29:25 [main] INFO  DataBaseTestConfig:30 - Closing DB connection
2020-03-05 21:29:25 [main] INFO  DataBaseTestConfig:20 - Create DB connection
2020-03-05 21:29:26 [main] INFO  DataBaseTestConfig:30 - Closing DB connection
2020-03-05 21:29:26 [main] INFO  DataBaseTestConfig:20 - Create DB connection
2020-03-05 21:29:26 [main] INFO  DataBaseTestConfig:54 - Closing Result Set
2020-03-05 21:29:26 [main] INFO  DataBaseTestConfig:42 - Closing Prepared Statement
2020-03-05 21:29:26 [main] INFO  DataBaseTestConfig:20 - Create DB connection
2020-03-05 21:29:26 [main] INFO  DataBaseTestConfig:20 - Create DB connection
2020-03-05 21:29:26 [main] INFO  DataBaseTestConfig:42 - Closing Prepared Statement
2020-03-05 21:29:26 [main] INFO  DataBaseTestConfig:20 - Create DB connection
2020-03-05 21:29:27 [main] INFO  DataBaseTestConfig:20 - Create DB connection
2020-03-05 21:29:28 [main] INFO  DataBaseTestConfig:20 - Create DB connection
2020-03-05 21:29:28 [main] INFO  DataBaseTestConfig:20 - Create DB connection
2020-03-05 21:29:28 [main] INFO  DataBaseTestConfig:20 - Create DB connection
2020-03-05 21:29:28 [main] INFO  DataBaseTestConfig:20 - Create DB connection
2020-03-05 21:29:28 [main] INFO  DataBaseTestConfig:42 - Closing Prepared Statement
2020-03-05 21:29:28 [main] INFO  DataBaseTestConfig:20 - Create DB connection
2020-03-05 21:29:28 [main] INFO  DataBaseTestConfig:20 - Create DB connection
2020-03-05 21:29:29 [main] INFO  DataBaseTestConfig:30 - Closing DB connection
2020-03-05 21:29:29 [main] INFO  DataBaseTestConfig:20 - Create DB connection
2020-03-05 21:29:30 [main] INFO  DataBaseTestConfig:30 - Closing DB connection
2020-03-05 21:29:30 [main] INFO  DataBaseTestConfig:20 - Create DB connection
2020-03-05 21:29:30 [main] INFO  DataBaseTestConfig:54 - Closing Result Set
2020-03-05 21:29:30 [main] INFO  DataBaseTestConfig:42 - Closing Prepared Statement
2020-03-05 21:29:30 [main] INFO  DataBaseTestConfig:20 - Create DB connection
2020-03-05 21:29:30 [main] INFO  DataBaseTestConfig:20 - Create DB connection
2020-03-05 21:29:30 [main] INFO  DataBaseTestConfig:42 - Closing Prepared Statement
2020-03-05 21:29:30 [main] INFO  DataBaseTestConfig:20 - Create DB connection
2020-03-05 21:29:30 [main] INFO  DataBaseTestConfig:20 - Create DB connection
2020-03-05 21:29:30 [main] INFO  DataBaseTestConfig:20 - Create DB connection
2020-03-05 21:29:30 [main] INFO  DataBaseTestConfig:20 - Create DB connection
2020-03-05 21:29:31 [main] INFO  DataBaseTestConfig:30 - Closing DB connection
2020-03-05 21:29:32 [main] INFO  DataBaseTestConfig:20 - Create DB connection
2020-03-05 21:29:33 [main] INFO  DataBaseTestConfig:30 - Closing DB connection
2020-03-05 21:29:33 [main] INFO  DataBaseTestConfig:20 - Create DB connection
2020-03-05 21:29:33 [main] INFO  DataBaseTestConfig:20 - Create DB connection
2020-03-05 21:29:33 [main] INFO  DataBaseTestConfig:20 - Create DB connection
2020-03-05 21:29:34 [main] INFO  DataBaseTestConfig:30 - Closing DB connection
2020-03-05 21:29:34 [main] INFO  DataBaseTestConfig:20 - Create DB connection
2020-03-05 21:29:35 [main] INFO  DataBaseTestConfig:30 - Closing DB connection
2020-03-05 21:29:35 [main] INFO  DataBaseTestConfig:20 - Create DB connection
2020-03-05 21:29:36 [main] INFO  DataBaseTestConfig:30 - Closing DB connection
2020-03-05 21:29:36 [main] INFO  DataBaseTestConfig:20 - Create DB connection
2020-03-05 21:29:37 [main] INFO  DataBaseTestConfig:30 - Closing DB connection
2020-03-05 21:29:37 [main] INFO  DataBaseTestConfig:20 - Create DB connection
2020-03-05 21:29:37 [main] INFO  DataBaseTestConfig:20 - Create DB connection
2020-03-05 21:29:37 [main] INFO  DataBaseTestConfig:20 - Create DB connection
2020-03-05 21:29:38 [main] INFO  DataBaseTestConfig:30 - Closing DB connection
2020-03-05 21:29:38 [main] INFO  DataBaseTestConfig:20 - Create DB connection
2020-03-05 21:29:39 [main] INFO  DataBaseTestConfig:30 - Closing DB connection
2020-03-05 21:29:39 [main] INFO  DataBaseTestConfig:20 - Create DB connection
2020-03-05 21:29:39 [main] INFO  DataBaseTestConfig:20 - Create DB connection
2020-03-05 21:29:39 [main] INFO  DataBaseTestConfig:20 - Create DB connection
2020-03-05 21:29:39 [main] INFO  DataBaseTestConfig:20 - Create DB connection
2020-03-05 21:29:39 [main] INFO  DataBaseTestConfig:20 - Create DB connection
2020-03-05 21:29:39 [main] INFO  DataBaseTestConfig:20 - Create DB connection
2020-03-05 21:29:39 [main] INFO  DataBaseTestConfig:20 - Create DB connection
2020-03-05 21:29:40 [main] INFO  DataBaseTestConfig:30 - Closing DB connection
2020-03-05 21:29:40 [main] INFO  DataBaseTestConfig:20 - Create DB connection
2020-03-05 21:29:41 [main] INFO  DataBaseTestConfig:30 - Closing DB connection
2020-03-05 21:29:41 [main] INFO  DataBaseTestConfig:20 - Create DB connection
2020-03-05 21:29:41 [main] INFO  DataBaseTestConfig:20 - Create DB connection
2020-03-05 21:29:41 [main] INFO  DataBaseTestConfig:20 - Create DB connection
2020-03-05 21:29:42 [main] INFO  DataBaseTestConfig:30 - Closing DB connection
2020-03-05 21:29:42 [main] INFO  DataBaseTestConfig:20 - Create DB connection
2020-03-05 21:29:43 [main] INFO  DataBaseTestConfig:30 - Closing DB connection
2020-03-05 21:29:43 [main] INFO  DataBaseTestConfig:20 - Create DB connection
2020-03-05 21:29:43 [main] INFO  DataBaseTestConfig:42 - Closing Prepared Statement
2020-03-05 21:29:43 [main] INFO  DataBaseTestConfig:20 - Create DB connection
2020-03-05 21:29:43 [main] INFO  DataBaseTestConfig:42 - Closing Prepared Statement
2020-03-05 21:29:43 [main] INFO  DataBaseTestConfig:20 - Create DB connection
2020-03-05 21:29:43 [main] INFO  DataBaseTestConfig:42 - Closing Prepared Statement
2020-03-05 21:29:43 [main] INFO  DataBaseTestConfig:20 - Create DB connection
2020-03-05 21:29:43 [main] INFO  DataBaseTestConfig:54 - Closing Result Set
2020-03-05 21:29:43 [main] INFO  DataBaseTestConfig:42 - Closing Prepared Statement
2020-03-05 21:29:43 [main] INFO  DataBaseTestConfig:20 - Create DB connection
2020-03-05 21:29:44 [main] INFO  DataBaseTestConfig:30 - Closing DB connection
2020-03-05 21:29:44 [main] INFO  DataBaseTestConfig:20 - Create DB connection
2020-03-05 21:29:45 [main] INFO  DataBaseTestConfig:30 - Closing DB connection
2020-03-05 21:29:45 [main] INFO  DataBaseTestConfig:20 - Create DB connection
2020-03-05 21:29:46 [main] INFO  DataBaseTestConfig:30 - Closing DB connection
2020-03-05 21:29:46 [main] INFO  DataBaseTestConfig:20 - Create DB connection
2020-03-05 21:29:47 [main] INFO  DataBaseTestConfig:30 - Closing DB connection
2020-03-05 21:29:47 [main] INFO  DataBaseTestConfig:20 - Create DB connection
2020-03-05 21:29:47 [main] INFO  DataBaseTestConfig:42 - Closing Prepared Statement
2020-03-05 21:29:47 [main] INFO  DataBaseTestConfig:20 - Create DB connection
2020-03-05 21:29:47 [main] INFO  DataBaseTestConfig:42 - Closing Prepared Statement
2020-03-05 21:29:47 [main] INFO  DataBaseTestConfig:20 - Create DB connection
2020-03-05 21:29:47 [main] INFO  DataBaseTestConfig:54 - Closing Result Set
2020-03-05 21:29:47 [main] INFO  DataBaseTestConfig:42 - Closing Prepared Statement
2020-03-05 21:29:47 [main] INFO  DataBaseTestConfig:20 - Create DB connection
2020-03-05 21:29:48 [main] INFO  DataBaseTestConfig:30 - Closing DB connection
2020-03-05 21:29:48 [main] INFO  DataBaseTestConfig:20 - Create DB connection
2020-03-05 21:29:49 [main] INFO  DataBaseTestConfig:30 - Closing DB connection
2020-03-05 21:29:49 [main] INFO  DataBaseTestConfig:20 - Create DB connection
2020-03-05 21:29:49 [main] INFO  DataBaseTestConfig:54 - Closing Result Set
2020-03-05 21:29:49 [main] INFO  DataBaseTestConfig:42 - Closing Prepared Statement
2020-03-05 21:29:49 [main] INFO  DataBaseTestConfig:20 - Create DB connection
2020-03-05 21:29:50 [main] INFO  DataBaseTestConfig:30 - Closing DB connection
2020-03-05 21:30:42 [main] INFO  DataBaseTestConfig:20 - Create DB connection
2020-03-05 21:30:44 [main] INFO  DataBaseTestConfig:30 - Closing DB connection
2020-03-05 21:30:44 [main] INFO  DataBaseTestConfig:20 - Create DB connection
2020-03-05 21:30:44 [main] INFO  DataBaseTestConfig:54 - Closing Result Set
2020-03-05 21:30:44 [main] INFO  DataBaseTestConfig:42 - Closing Prepared Statement
2020-03-05 21:30:44 [main] INFO  DataBaseTestConfig:20 - Create DB connection
2020-03-05 21:30:44 [main] INFO  DataBaseTestConfig:20 - Create DB connection
2020-03-05 21:30:44 [main] INFO  DataBaseTestConfig:42 - Closing Prepared Statement
2020-03-05 21:30:44 [main] INFO  DataBaseTestConfig:20 - Create DB connection
2020-03-05 21:30:45 [main] INFO  DataBaseTestConfig:20 - Create DB connection
2020-03-05 21:30:45 [main] INFO  DataBaseTestConfig:20 - Create DB connection
2020-03-05 21:30:45 [main] INFO  DataBaseTestConfig:20 - Create DB connection
2020-03-05 21:30:46 [main] INFO  DataBaseTestConfig:20 - Create DB connection
2020-03-05 21:30:46 [main] INFO  DataBaseTestConfig:42 - Closing Prepared Statement
2020-03-05 21:30:46 [main] INFO  DataBaseTestConfig:20 - Create DB connection
2020-03-05 21:30:46 [main] INFO  DataBaseTestConfig:54 - Closing Result Set
2020-03-05 21:30:46 [main] INFO  DataBaseTestConfig:42 - Closing Prepared Statement
2020-03-05 21:30:46 [main] INFO  DataBaseTestConfig:20 - Create DB connection
2020-03-05 21:30:46 [main] INFO  DataBaseTestConfig:20 - Create DB connection
2020-03-05 21:30:46 [main] INFO  DataBaseTestConfig:42 - Closing Prepared Statement
2020-03-05 21:30:46 [main] INFO  DataBaseTestConfig:20 - Create DB connection
2020-03-05 21:30:46 [main] INFO  DataBaseTestConfig:20 - Create DB connection
2020-03-05 21:30:46 [main] INFO  DataBaseTestConfig:20 - Create DB connection
2020-03-05 21:30:46 [main] INFO  DataBaseTestConfig:20 - Create DB connection
2020-03-05 21:30:47 [main] INFO  DataBaseTestConfig:30 - Closing DB connection
2020-03-05 21:30:47 [main] INFO  DataBaseTestConfig:20 - Create DB connection
2020-03-05 21:30:49 [main] INFO  DataBaseTestConfig:30 - Closing DB connection
2020-03-05 21:30:49 [main] INFO  DataBaseTestConfig:20 - Create DB connection
2020-03-05 21:30:49 [main] INFO  DataBaseTestConfig:54 - Closing Result Set
2020-03-05 21:30:49 [main] INFO  DataBaseTestConfig:42 - Closing Prepared Statement
2020-03-05 21:30:49 [main] INFO  DataBaseTestConfig:20 - Create DB connection
2020-03-05 21:30:49 [main] INFO  DataBaseTestConfig:20 - Create DB connection
2020-03-05 21:30:49 [main] INFO  DataBaseTestConfig:42 - Closing Prepared Statement
2020-03-05 21:30:49 [main] INFO  DataBaseTestConfig:20 - Create DB connection
2020-03-05 21:30:49 [main] INFO  DataBaseTestConfig:20 - Create DB connection
2020-03-05 21:30:50 [main] INFO  DataBaseTestConfig:20 - Create DB connection
2020-03-05 21:30:50 [main] INFO  DataBaseTestConfig:20 - Create DB connection
2020-03-05 21:30:50 [main] INFO  DataBaseTestConfig:20 - Create DB connection
2020-03-05 21:30:50 [main] INFO  DataBaseTestConfig:20 - Create DB connection
2020-03-05 21:30:50 [main] INFO  DataBaseTestConfig:42 - Closing Prepared Statement
2020-03-05 21:30:50 [main] INFO  DataBaseTestConfig:20 - Create DB connection
2020-03-05 21:30:50 [main] INFO  DataBaseTestConfig:20 - Create DB connection
2020-03-05 21:30:51 [main] INFO  DataBaseTestConfig:30 - Closing DB connection
2020-03-05 21:30:51 [main] INFO  DataBaseTestConfig:20 - Create DB connection
2020-03-05 21:30:52 [main] INFO  DataBaseTestConfig:30 - Closing DB connection
2020-03-05 21:30:52 [main] INFO  DataBaseTestConfig:20 - Create DB connection
2020-03-05 21:30:52 [main] INFO  DataBaseTestConfig:54 - Closing Result Set
2020-03-05 21:30:52 [main] INFO  DataBaseTestConfig:42 - Closing Prepared Statement
2020-03-05 21:30:52 [main] INFO  DataBaseTestConfig:20 - Create DB connection
2020-03-05 21:30:52 [main] INFO  DataBaseTestConfig:20 - Create DB connection
2020-03-05 21:30:52 [main] INFO  DataBaseTestConfig:42 - Closing Prepared Statement
2020-03-05 21:30:52 [main] INFO  DataBaseTestConfig:20 - Create DB connection
2020-03-05 21:30:53 [main] INFO  DataBaseTestConfig:20 - Create DB connection
2020-03-05 21:30:53 [main] INFO  DataBaseTestConfig:20 - Create DB connection
2020-03-05 21:30:53 [main] INFO  DataBaseTestConfig:20 - Create DB connection
2020-03-05 21:30:54 [main] INFO  DataBaseTestConfig:30 - Closing DB connection
2020-03-05 21:30:54 [main] INFO  DataBaseTestConfig:20 - Create DB connection
2020-03-05 21:30:55 [main] INFO  DataBaseTestConfig:30 - Closing DB connection
2020-03-05 21:30:55 [main] INFO  DataBaseTestConfig:20 - Create DB connection
2020-03-05 21:30:55 [main] INFO  DataBaseTestConfig:20 - Create DB connection
2020-03-05 21:30:55 [main] INFO  DataBaseTestConfig:20 - Create DB connection
2020-03-05 21:30:56 [main] INFO  DataBaseTestConfig:30 - Closing DB connection
2020-03-05 21:30:56 [main] INFO  DataBaseTestConfig:20 - Create DB connection
2020-03-05 21:30:57 [main] INFO  DataBaseTestConfig:30 - Closing DB connection
2020-03-05 21:30:57 [main] INFO  DataBaseTestConfig:20 - Create DB connection
2020-03-05 21:30:58 [main] INFO  DataBaseTestConfig:30 - Closing DB connection
2020-03-05 21:30:58 [main] INFO  DataBaseTestConfig:20 - Create DB connection
2020-03-05 21:31:00 [main] INFO  DataBaseTestConfig:30 - Closing DB connection
2020-03-05 21:31:00 [main] INFO  DataBaseTestConfig:20 - Create DB connection
2020-03-05 21:31:00 [main] INFO  DataBaseTestConfig:20 - Create DB connection
2020-03-05 21:31:00 [main] INFO  DataBaseTestConfig:20 - Create DB connection
2020-03-05 21:31:01 [main] INFO  DataBaseTestConfig:30 - Closing DB connection
2020-03-05 21:31:01 [main] INFO  DataBaseTestConfig:20 - Create DB connection
2020-03-05 21:31:02 [main] INFO  DataBaseTestConfig:30 - Closing DB connection
2020-03-05 21:31:02 [main] INFO  DataBaseTestConfig:20 - Create DB connection
2020-03-05 21:31:02 [main] INFO  DataBaseTestConfig:20 - Create DB connection
2020-03-05 21:31:02 [main] INFO  DataBaseTestConfig:20 - Create DB connection
2020-03-05 21:31:02 [main] INFO  DataBaseTestConfig:20 - Create DB connection
2020-03-05 21:31:02 [main] INFO  DataBaseTestConfig:20 - Create DB connection
2020-03-05 21:31:02 [main] INFO  DataBaseTestConfig:20 - Create DB connection
2020-03-05 21:31:02 [main] INFO  DataBaseTestConfig:20 - Create DB connection
2020-03-05 21:31:04 [main] INFO  DataBaseTestConfig:30 - Closing DB connection
2020-03-05 21:31:04 [main] INFO  DataBaseTestConfig:20 - Create DB connection
2020-03-05 21:31:05 [main] INFO  DataBaseTestConfig:30 - Closing DB connection
2020-03-05 21:31:05 [main] INFO  DataBaseTestConfig:20 - Create DB connection
2020-03-05 21:31:05 [main] INFO  DataBaseTestConfig:20 - Create DB connection
2020-03-05 21:31:05 [main] INFO  DataBaseTestConfig:20 - Create DB connection
2020-03-05 21:31:06 [main] INFO  DataBaseTestConfig:30 - Closing DB connection
2020-03-05 21:31:06 [main] INFO  DataBaseTestConfig:20 - Create DB connection
2020-03-05 21:31:07 [main] INFO  DataBaseTestConfig:30 - Closing DB connection
2020-03-05 21:31:07 [main] INFO  DataBaseTestConfig:20 - Create DB connection
2020-03-05 21:31:07 [main] INFO  DataBaseTestConfig:42 - Closing Prepared Statement
2020-03-05 21:31:07 [main] INFO  DataBaseTestConfig:20 - Create DB connection
2020-03-05 21:31:07 [main] INFO  DataBaseTestConfig:42 - Closing Prepared Statement
2020-03-05 21:31:07 [main] INFO  DataBaseTestConfig:20 - Create DB connection
2020-03-05 21:31:08 [main] INFO  DataBaseTestConfig:42 - Closing Prepared Statement
2020-03-05 21:31:08 [main] INFO  DataBaseTestConfig:20 - Create DB connection
2020-03-05 21:31:08 [main] INFO  DataBaseTestConfig:54 - Closing Result Set
2020-03-05 21:31:08 [main] INFO  DataBaseTestConfig:42 - Closing Prepared Statement
2020-03-05 21:31:08 [main] INFO  DataBaseTestConfig:20 - Create DB connection
2020-03-05 21:31:09 [main] INFO  DataBaseTestConfig:30 - Closing DB connection
2020-03-05 21:31:09 [main] INFO  DataBaseTestConfig:20 - Create DB connection
2020-03-05 21:31:10 [main] INFO  DataBaseTestConfig:30 - Closing DB connection
2020-03-05 21:31:10 [main] INFO  DataBaseTestConfig:20 - Create DB connection
2020-03-05 21:31:11 [main] INFO  DataBaseTestConfig:30 - Closing DB connection
2020-03-05 21:31:11 [main] INFO  DataBaseTestConfig:20 - Create DB connection
2020-03-05 21:31:12 [main] INFO  DataBaseTestConfig:30 - Closing DB connection
2020-03-05 21:31:12 [main] INFO  DataBaseTestConfig:20 - Create DB connection
2020-03-05 21:31:12 [main] INFO  DataBaseTestConfig:42 - Closing Prepared Statement
2020-03-05 21:31:12 [main] INFO  DataBaseTestConfig:20 - Create DB connection
2020-03-05 21:31:13 [main] INFO  DataBaseTestConfig:42 - Closing Prepared Statement
2020-03-05 21:31:13 [main] INFO  DataBaseTestConfig:20 - Create DB connection
2020-03-05 21:31:13 [main] INFO  DataBaseTestConfig:54 - Closing Result Set
2020-03-05 21:31:13 [main] INFO  DataBaseTestConfig:42 - Closing Prepared Statement
2020-03-05 21:31:13 [main] INFO  DataBaseTestConfig:20 - Create DB connection
2020-03-05 21:31:14 [main] INFO  DataBaseTestConfig:30 - Closing DB connection
2020-03-05 21:31:14 [main] INFO  DataBaseTestConfig:20 - Create DB connection
2020-03-05 21:31:16 [main] INFO  DataBaseTestConfig:30 - Closing DB connection
2020-03-05 21:31:16 [main] INFO  DataBaseTestConfig:20 - Create DB connection
2020-03-05 21:31:16 [main] INFO  DataBaseTestConfig:54 - Closing Result Set
2020-03-05 21:31:16 [main] INFO  DataBaseTestConfig:42 - Closing Prepared Statement
2020-03-05 21:31:16 [main] INFO  DataBaseTestConfig:20 - Create DB connection
2020-03-05 21:31:17 [main] INFO  DataBaseTestConfig:30 - Closing DB connection
2020-03-05 21:31:40 [main] INFO  DataBaseTestConfig:20 - Create DB connection
2020-03-05 21:31:42 [main] INFO  DataBaseTestConfig:30 - Closing DB connection
2020-03-05 21:31:42 [main] INFO  DataBaseTestConfig:20 - Create DB connection
2020-03-05 21:31:42 [main] INFO  DataBaseTestConfig:54 - Closing Result Set
2020-03-05 21:31:42 [main] INFO  DataBaseTestConfig:42 - Closing Prepared Statement
2020-03-05 21:31:42 [main] INFO  DataBaseTestConfig:20 - Create DB connection
2020-03-05 21:31:42 [main] INFO  DataBaseTestConfig:20 - Create DB connection
2020-03-05 21:31:42 [main] INFO  DataBaseTestConfig:42 - Closing Prepared Statement
2020-03-05 21:31:42 [main] INFO  DataBaseTestConfig:20 - Create DB connection
2020-03-05 21:31:44 [main] INFO  DataBaseTestConfig:20 - Create DB connection
2020-03-05 21:31:44 [main] INFO  DataBaseTestConfig:20 - Create DB connection
2020-03-05 21:31:44 [main] INFO  DataBaseTestConfig:20 - Create DB connection
2020-03-05 21:31:44 [main] INFO  DataBaseTestConfig:20 - Create DB connection
2020-03-05 21:31:44 [main] INFO  DataBaseTestConfig:42 - Closing Prepared Statement
2020-03-05 21:31:44 [main] INFO  DataBaseTestConfig:20 - Create DB connection
2020-03-05 21:31:44 [main] INFO  DataBaseTestConfig:54 - Closing Result Set
2020-03-05 21:31:44 [main] INFO  DataBaseTestConfig:42 - Closing Prepared Statement
2020-03-05 21:31:44 [main] INFO  DataBaseTestConfig:20 - Create DB connection
2020-03-05 21:31:44 [main] INFO  DataBaseTestConfig:20 - Create DB connection
2020-03-05 21:31:44 [main] INFO  DataBaseTestConfig:42 - Closing Prepared Statement
2020-03-05 21:31:44 [main] INFO  DataBaseTestConfig:20 - Create DB connection
2020-03-05 21:31:44 [main] INFO  DataBaseTestConfig:20 - Create DB connection
2020-03-05 21:31:44 [main] INFO  DataBaseTestConfig:20 - Create DB connection
2020-03-05 21:31:44 [main] INFO  DataBaseTestConfig:20 - Create DB connection
2020-03-05 21:31:46 [main] INFO  DataBaseTestConfig:30 - Closing DB connection
2020-03-05 21:31:46 [main] INFO  DataBaseTestConfig:20 - Create DB connection
2020-03-05 21:31:46 [main] INFO  DataBaseTestConfig:30 - Closing DB connection
2020-03-05 21:31:46 [main] INFO  DataBaseTestConfig:20 - Create DB connection
2020-03-05 21:31:47 [main] INFO  DataBaseTestConfig:54 - Closing Result Set
2020-03-05 21:31:47 [main] INFO  DataBaseTestConfig:42 - Closing Prepared Statement
2020-03-05 21:31:47 [main] INFO  DataBaseTestConfig:20 - Create DB connection
2020-03-05 21:31:47 [main] INFO  DataBaseTestConfig:20 - Create DB connection
2020-03-05 21:31:47 [main] INFO  DataBaseTestConfig:42 - Closing Prepared Statement
2020-03-05 21:31:47 [main] INFO  DataBaseTestConfig:20 - Create DB connection
2020-03-05 21:31:47 [main] INFO  DataBaseTestConfig:20 - Create DB connection
2020-03-05 21:31:48 [main] INFO  DataBaseTestConfig:20 - Create DB connection
2020-03-05 21:31:48 [main] INFO  DataBaseTestConfig:20 - Create DB connection
2020-03-05 21:31:48 [main] INFO  DataBaseTestConfig:20 - Create DB connection
2020-03-05 21:31:48 [main] INFO  DataBaseTestConfig:20 - Create DB connection
2020-03-05 21:31:48 [main] INFO  DataBaseTestConfig:42 - Closing Prepared Statement
2020-03-05 21:31:48 [main] INFO  DataBaseTestConfig:20 - Create DB connection
2020-03-05 21:31:48 [main] INFO  DataBaseTestConfig:20 - Create DB connection
2020-03-05 21:31:49 [main] INFO  DataBaseTestConfig:30 - Closing DB connection
2020-03-05 21:31:49 [main] INFO  DataBaseTestConfig:20 - Create DB connection
2020-03-05 21:31:50 [main] INFO  DataBaseTestConfig:30 - Closing DB connection
2020-03-05 21:31:50 [main] INFO  DataBaseTestConfig:20 - Create DB connection
2020-03-05 21:31:50 [main] INFO  DataBaseTestConfig:54 - Closing Result Set
2020-03-05 21:31:50 [main] INFO  DataBaseTestConfig:42 - Closing Prepared Statement
2020-03-05 21:31:50 [main] INFO  DataBaseTestConfig:20 - Create DB connection
2020-03-05 21:31:50 [main] INFO  DataBaseTestConfig:20 - Create DB connection
2020-03-05 21:31:50 [main] INFO  DataBaseTestConfig:42 - Closing Prepared Statement
2020-03-05 21:31:50 [main] INFO  DataBaseTestConfig:20 - Create DB connection
2020-03-05 21:31:50 [main] INFO  DataBaseTestConfig:20 - Create DB connection
2020-03-05 21:31:50 [main] INFO  DataBaseTestConfig:20 - Create DB connection
2020-03-05 21:31:50 [main] INFO  DataBaseTestConfig:20 - Create DB connection
2020-03-05 21:31:51 [main] INFO  DataBaseTestConfig:30 - Closing DB connection
2020-03-05 21:31:52 [main] INFO  DataBaseTestConfig:20 - Create DB connection
2020-03-05 21:31:54 [main] INFO  DataBaseTestConfig:30 - Closing DB connection
2020-03-05 21:31:54 [main] INFO  DataBaseTestConfig:20 - Create DB connection
2020-03-05 21:31:54 [main] INFO  DataBaseTestConfig:20 - Create DB connection
2020-03-05 21:31:54 [main] INFO  DataBaseTestConfig:20 - Create DB connection
2020-03-05 21:31:55 [main] INFO  DataBaseTestConfig:30 - Closing DB connection
2020-03-05 21:31:55 [main] INFO  DataBaseTestConfig:20 - Create DB connection
2020-03-05 21:31:56 [main] INFO  DataBaseTestConfig:30 - Closing DB connection
2020-03-05 21:31:56 [main] INFO  DataBaseTestConfig:20 - Create DB connection
2020-03-05 21:31:57 [main] INFO  DataBaseTestConfig:30 - Closing DB connection
2020-03-05 21:31:57 [main] INFO  DataBaseTestConfig:20 - Create DB connection
2020-03-05 21:31:58 [main] INFO  DataBaseTestConfig:30 - Closing DB connection
2020-03-05 21:31:58 [main] INFO  DataBaseTestConfig:20 - Create DB connection
2020-03-05 21:31:58 [main] INFO  DataBaseTestConfig:20 - Create DB connection
2020-03-05 21:31:58 [main] INFO  DataBaseTestConfig:20 - Create DB connection
2020-03-05 21:32:00 [main] INFO  DataBaseTestConfig:30 - Closing DB connection
2020-03-05 21:32:00 [main] INFO  DataBaseTestConfig:20 - Create DB connection
2020-03-05 21:32:01 [main] INFO  DataBaseTestConfig:30 - Closing DB connection
2020-03-05 21:32:01 [main] INFO  DataBaseTestConfig:20 - Create DB connection
2020-03-05 21:32:01 [main] INFO  DataBaseTestConfig:20 - Create DB connection
2020-03-05 21:32:01 [main] INFO  DataBaseTestConfig:20 - Create DB connection
2020-03-05 21:32:01 [main] INFO  DataBaseTestConfig:20 - Create DB connection
2020-03-05 21:32:01 [main] INFO  DataBaseTestConfig:20 - Create DB connection
2020-03-05 21:32:01 [main] INFO  DataBaseTestConfig:20 - Create DB connection
2020-03-05 21:32:01 [main] INFO  DataBaseTestConfig:20 - Create DB connection
2020-03-05 21:32:02 [main] INFO  DataBaseTestConfig:30 - Closing DB connection
2020-03-05 21:32:02 [main] INFO  DataBaseTestConfig:20 - Create DB connection
2020-03-05 21:32:03 [main] INFO  DataBaseTestConfig:30 - Closing DB connection
2020-03-05 21:32:03 [main] INFO  DataBaseTestConfig:20 - Create DB connection
2020-03-05 21:32:03 [main] INFO  DataBaseTestConfig:20 - Create DB connection
2020-03-05 21:32:03 [main] INFO  DataBaseTestConfig:20 - Create DB connection
2020-03-05 21:32:04 [main] INFO  DataBaseTestConfig:30 - Closing DB connection
2020-03-05 21:32:04 [main] INFO  DataBaseTestConfig:20 - Create DB connection
2020-03-05 21:32:05 [main] INFO  DataBaseTestConfig:30 - Closing DB connection
2020-03-05 21:32:05 [main] INFO  DataBaseTestConfig:20 - Create DB connection
2020-03-05 21:32:05 [main] INFO  DataBaseTestConfig:42 - Closing Prepared Statement
2020-03-05 21:32:05 [main] INFO  DataBaseTestConfig:20 - Create DB connection
2020-03-05 21:32:05 [main] INFO  DataBaseTestConfig:42 - Closing Prepared Statement
2020-03-05 21:32:05 [main] INFO  DataBaseTestConfig:20 - Create DB connection
2020-03-05 21:32:06 [main] INFO  DataBaseTestConfig:42 - Closing Prepared Statement
2020-03-05 21:32:06 [main] INFO  DataBaseTestConfig:20 - Create DB connection
2020-03-05 21:32:06 [main] INFO  DataBaseTestConfig:54 - Closing Result Set
2020-03-05 21:32:06 [main] INFO  DataBaseTestConfig:42 - Closing Prepared Statement
2020-03-05 21:32:06 [main] INFO  DataBaseTestConfig:20 - Create DB connection
2020-03-05 21:32:07 [main] INFO  DataBaseTestConfig:30 - Closing DB connection
2020-03-05 21:32:07 [main] INFO  DataBaseTestConfig:20 - Create DB connection
2020-03-05 21:32:08 [main] INFO  DataBaseTestConfig:30 - Closing DB connection
2020-03-05 21:32:08 [main] INFO  DataBaseTestConfig:20 - Create DB connection
2020-03-05 21:32:09 [main] INFO  DataBaseTestConfig:30 - Closing DB connection
2020-03-05 21:32:09 [main] INFO  DataBaseTestConfig:20 - Create DB connection
2020-03-05 21:32:10 [main] INFO  DataBaseTestConfig:30 - Closing DB connection
2020-03-05 21:32:10 [main] INFO  DataBaseTestConfig:20 - Create DB connection
2020-03-05 21:32:10 [main] INFO  DataBaseTestConfig:42 - Closing Prepared Statement
2020-03-05 21:32:10 [main] INFO  DataBaseTestConfig:20 - Create DB connection
2020-03-05 21:32:10 [main] INFO  DataBaseTestConfig:42 - Closing Prepared Statement
2020-03-05 21:32:10 [main] INFO  DataBaseTestConfig:20 - Create DB connection
2020-03-05 21:32:10 [main] INFO  DataBaseTestConfig:54 - Closing Result Set
2020-03-05 21:32:10 [main] INFO  DataBaseTestConfig:42 - Closing Prepared Statement
2020-03-05 21:32:10 [main] INFO  DataBaseTestConfig:20 - Create DB connection
2020-03-05 21:32:11 [main] INFO  DataBaseTestConfig:30 - Closing DB connection
2020-03-05 21:32:11 [main] INFO  DataBaseTestConfig:20 - Create DB connection
2020-03-05 21:32:12 [main] INFO  DataBaseTestConfig:30 - Closing DB connection
2020-03-05 21:32:12 [main] INFO  DataBaseTestConfig:20 - Create DB connection
2020-03-05 21:32:12 [main] INFO  DataBaseTestConfig:54 - Closing Result Set
2020-03-05 21:32:12 [main] INFO  DataBaseTestConfig:42 - Closing Prepared Statement
2020-03-05 21:32:12 [main] INFO  DataBaseTestConfig:20 - Create DB connection
2020-03-05 21:32:13 [main] INFO  DataBaseTestConfig:30 - Closing DB connection
2020-03-05 21:33:50 [main] INFO  DataBaseTestConfig:20 - Create DB connection
2020-03-05 21:33:52 [main] INFO  DataBaseTestConfig:30 - Closing DB connection
2020-03-05 21:33:52 [main] INFO  DataBaseTestConfig:20 - Create DB connection
2020-03-05 21:33:52 [main] INFO  DataBaseTestConfig:54 - Closing Result Set
2020-03-05 21:33:52 [main] INFO  DataBaseTestConfig:42 - Closing Prepared Statement
2020-03-05 21:33:52 [main] INFO  DataBaseTestConfig:20 - Create DB connection
2020-03-05 21:33:52 [main] INFO  DataBaseTestConfig:20 - Create DB connection
2020-03-05 21:33:52 [main] INFO  DataBaseTestConfig:42 - Closing Prepared Statement
2020-03-05 21:33:52 [main] INFO  DataBaseTestConfig:20 - Create DB connection
2020-03-05 21:33:53 [main] INFO  DataBaseTestConfig:20 - Create DB connection
2020-03-05 21:33:53 [main] INFO  DataBaseTestConfig:20 - Create DB connection
2020-03-05 21:33:53 [main] INFO  DataBaseTestConfig:20 - Create DB connection
2020-03-05 21:33:53 [main] INFO  DataBaseTestConfig:20 - Create DB connection
2020-03-05 21:33:53 [main] INFO  DataBaseTestConfig:42 - Closing Prepared Statement
2020-03-05 21:33:53 [main] INFO  DataBaseTestConfig:20 - Create DB connection
2020-03-05 21:33:53 [main] INFO  DataBaseTestConfig:54 - Closing Result Set
2020-03-05 21:33:53 [main] INFO  DataBaseTestConfig:42 - Closing Prepared Statement
2020-03-05 21:33:53 [main] INFO  DataBaseTestConfig:20 - Create DB connection
2020-03-05 21:33:53 [main] INFO  DataBaseTestConfig:20 - Create DB connection
2020-03-05 21:33:54 [main] INFO  DataBaseTestConfig:42 - Closing Prepared Statement
2020-03-05 21:33:54 [main] INFO  DataBaseTestConfig:20 - Create DB connection
2020-03-05 21:33:54 [main] INFO  DataBaseTestConfig:20 - Create DB connection
2020-03-05 21:33:54 [main] INFO  DataBaseTestConfig:20 - Create DB connection
2020-03-05 21:33:54 [main] INFO  DataBaseTestConfig:20 - Create DB connection
2020-03-05 21:33:55 [main] INFO  DataBaseTestConfig:30 - Closing DB connection
2020-03-05 21:33:55 [main] INFO  DataBaseTestConfig:20 - Create DB connection
2020-03-05 21:33:56 [main] INFO  DataBaseTestConfig:30 - Closing DB connection
2020-03-05 21:33:56 [main] INFO  DataBaseTestConfig:20 - Create DB connection
2020-03-05 21:33:56 [main] INFO  DataBaseTestConfig:54 - Closing Result Set
2020-03-05 21:33:56 [main] INFO  DataBaseTestConfig:42 - Closing Prepared Statement
2020-03-05 21:33:56 [main] INFO  DataBaseTestConfig:20 - Create DB connection
2020-03-05 21:33:56 [main] INFO  DataBaseTestConfig:20 - Create DB connection
2020-03-05 21:33:56 [main] INFO  DataBaseTestConfig:42 - Closing Prepared Statement
2020-03-05 21:33:56 [main] INFO  DataBaseTestConfig:20 - Create DB connection
2020-03-05 21:33:56 [main] INFO  DataBaseTestConfig:20 - Create DB connection
2020-03-05 21:33:57 [main] INFO  DataBaseTestConfig:20 - Create DB connection
2020-03-05 21:33:57 [main] INFO  DataBaseTestConfig:20 - Create DB connection
2020-03-05 21:33:57 [main] INFO  DataBaseTestConfig:20 - Create DB connection
2020-03-05 21:33:57 [main] INFO  DataBaseTestConfig:20 - Create DB connection
2020-03-05 21:33:57 [main] INFO  DataBaseTestConfig:42 - Closing Prepared Statement
2020-03-05 21:33:57 [main] INFO  DataBaseTestConfig:20 - Create DB connection
2020-03-05 21:33:57 [main] INFO  DataBaseTestConfig:20 - Create DB connection
2020-03-05 21:33:58 [main] INFO  DataBaseTestConfig:30 - Closing DB connection
2020-03-05 21:33:58 [main] INFO  DataBaseTestConfig:20 - Create DB connection
2020-03-05 21:33:59 [main] INFO  DataBaseTestConfig:30 - Closing DB connection
2020-03-05 21:33:59 [main] INFO  DataBaseTestConfig:20 - Create DB connection
2020-03-05 21:33:59 [main] INFO  DataBaseTestConfig:54 - Closing Result Set
2020-03-05 21:33:59 [main] INFO  DataBaseTestConfig:42 - Closing Prepared Statement
2020-03-05 21:33:59 [main] INFO  DataBaseTestConfig:20 - Create DB connection
2020-03-05 21:33:59 [main] INFO  DataBaseTestConfig:20 - Create DB connection
2020-03-05 21:33:59 [main] INFO  DataBaseTestConfig:42 - Closing Prepared Statement
2020-03-05 21:33:59 [main] INFO  DataBaseTestConfig:20 - Create DB connection
2020-03-05 21:33:59 [main] INFO  DataBaseTestConfig:20 - Create DB connection
2020-03-05 21:33:59 [main] INFO  DataBaseTestConfig:20 - Create DB connection
2020-03-05 21:33:59 [main] INFO  DataBaseTestConfig:20 - Create DB connection
2020-03-05 21:34:01 [main] INFO  DataBaseTestConfig:30 - Closing DB connection
2020-03-05 21:34:03 [main] INFO  DataBaseTestConfig:20 - Create DB connection
2020-03-05 21:34:04 [main] INFO  DataBaseTestConfig:30 - Closing DB connection
2020-03-05 21:34:04 [main] INFO  DataBaseTestConfig:20 - Create DB connection
2020-03-05 21:34:04 [main] INFO  DataBaseTestConfig:20 - Create DB connection
2020-03-05 21:34:04 [main] INFO  DataBaseTestConfig:20 - Create DB connection
2020-03-05 21:34:05 [main] INFO  DataBaseTestConfig:30 - Closing DB connection
2020-03-05 21:34:05 [main] INFO  DataBaseTestConfig:20 - Create DB connection
2020-03-05 21:34:06 [main] INFO  DataBaseTestConfig:30 - Closing DB connection
2020-03-05 21:34:06 [main] INFO  DataBaseTestConfig:20 - Create DB connection
2020-03-05 21:34:08 [main] INFO  DataBaseTestConfig:30 - Closing DB connection
2020-03-05 21:34:08 [main] INFO  DataBaseTestConfig:20 - Create DB connection
2020-03-05 21:34:08 [main] INFO  DataBaseTestConfig:30 - Closing DB connection
2020-03-05 21:34:08 [main] INFO  DataBaseTestConfig:20 - Create DB connection
2020-03-05 21:34:09 [main] INFO  DataBaseTestConfig:20 - Create DB connection
2020-03-05 21:34:09 [main] INFO  DataBaseTestConfig:20 - Create DB connection
2020-03-05 21:34:09 [main] INFO  DataBaseTestConfig:30 - Closing DB connection
2020-03-05 21:34:09 [main] INFO  DataBaseTestConfig:20 - Create DB connection
2020-03-05 21:34:10 [main] INFO  DataBaseTestConfig:30 - Closing DB connection
2020-03-05 21:34:10 [main] INFO  DataBaseTestConfig:20 - Create DB connection
2020-03-05 21:34:10 [main] INFO  DataBaseTestConfig:20 - Create DB connection
2020-03-05 21:34:10 [main] INFO  DataBaseTestConfig:20 - Create DB connection
2020-03-05 21:34:11 [main] INFO  DataBaseTestConfig:20 - Create DB connection
2020-03-05 21:34:11 [main] INFO  DataBaseTestConfig:20 - Create DB connection
2020-03-05 21:34:11 [main] INFO  DataBaseTestConfig:20 - Create DB connection
2020-03-05 21:34:11 [main] INFO  DataBaseTestConfig:20 - Create DB connection
2020-03-05 21:34:12 [main] INFO  DataBaseTestConfig:30 - Closing DB connection
2020-03-05 21:34:12 [main] INFO  DataBaseTestConfig:20 - Create DB connection
2020-03-05 21:34:12 [main] INFO  DataBaseTestConfig:30 - Closing DB connection
2020-03-05 21:34:12 [main] INFO  DataBaseTestConfig:20 - Create DB connection
2020-03-05 21:34:12 [main] INFO  DataBaseTestConfig:20 - Create DB connection
2020-03-05 21:34:12 [main] INFO  DataBaseTestConfig:20 - Create DB connection
2020-03-05 21:34:13 [main] INFO  DataBaseTestConfig:30 - Closing DB connection
2020-03-05 21:34:13 [main] INFO  DataBaseTestConfig:20 - Create DB connection
2020-03-05 21:34:14 [main] INFO  DataBaseTestConfig:30 - Closing DB connection
2020-03-05 21:34:14 [main] INFO  DataBaseTestConfig:20 - Create DB connection
2020-03-05 21:34:15 [main] INFO  DataBaseTestConfig:42 - Closing Prepared Statement
2020-03-05 21:34:15 [main] INFO  DataBaseTestConfig:20 - Create DB connection
2020-03-05 21:34:15 [main] INFO  DataBaseTestConfig:42 - Closing Prepared Statement
2020-03-05 21:34:15 [main] INFO  DataBaseTestConfig:20 - Create DB connection
2020-03-05 21:34:15 [main] INFO  DataBaseTestConfig:42 - Closing Prepared Statement
2020-03-05 21:34:15 [main] INFO  DataBaseTestConfig:20 - Create DB connection
2020-03-05 21:34:15 [main] INFO  DataBaseTestConfig:54 - Closing Result Set
2020-03-05 21:34:15 [main] INFO  DataBaseTestConfig:42 - Closing Prepared Statement
2020-03-05 21:34:15 [main] INFO  DataBaseTestConfig:20 - Create DB connection
2020-03-05 21:34:16 [main] INFO  DataBaseTestConfig:30 - Closing DB connection
2020-03-05 21:34:16 [main] INFO  DataBaseTestConfig:20 - Create DB connection
2020-03-05 21:34:17 [main] INFO  DataBaseTestConfig:30 - Closing DB connection
2020-03-05 21:34:17 [main] INFO  DataBaseTestConfig:20 - Create DB connection
2020-03-05 21:34:19 [main] INFO  DataBaseTestConfig:30 - Closing DB connection
2020-03-05 21:34:19 [main] INFO  DataBaseTestConfig:20 - Create DB connection
2020-03-05 21:34:20 [main] INFO  DataBaseTestConfig:30 - Closing DB connection
2020-03-05 21:34:20 [main] INFO  DataBaseTestConfig:20 - Create DB connection
2020-03-05 21:34:20 [main] INFO  DataBaseTestConfig:42 - Closing Prepared Statement
2020-03-05 21:34:20 [main] INFO  DataBaseTestConfig:20 - Create DB connection
2020-03-05 21:34:20 [main] INFO  DataBaseTestConfig:42 - Closing Prepared Statement
2020-03-05 21:34:20 [main] INFO  DataBaseTestConfig:20 - Create DB connection
2020-03-05 21:34:20 [main] INFO  DataBaseTestConfig:54 - Closing Result Set
2020-03-05 21:34:20 [main] INFO  DataBaseTestConfig:42 - Closing Prepared Statement
2020-03-05 21:34:20 [main] INFO  DataBaseTestConfig:20 - Create DB connection
2020-03-05 21:34:21 [main] INFO  DataBaseTestConfig:30 - Closing DB connection
2020-03-05 21:34:21 [main] INFO  DataBaseTestConfig:20 - Create DB connection
2020-03-05 21:34:23 [main] INFO  DataBaseTestConfig:30 - Closing DB connection
2020-03-05 21:34:23 [main] INFO  DataBaseTestConfig:20 - Create DB connection
2020-03-05 21:34:23 [main] INFO  DataBaseTestConfig:54 - Closing Result Set
2020-03-05 21:34:23 [main] INFO  DataBaseTestConfig:42 - Closing Prepared Statement
2020-03-05 21:34:23 [main] INFO  DataBaseTestConfig:20 - Create DB connection
2020-03-05 21:34:24 [main] INFO  DataBaseTestConfig:30 - Closing DB connection
2020-03-07 22:22:30 [main] INFO  DataBaseTestConfig:20 - Create DB connection
2020-03-07 22:22:32 [main] INFO  DataBaseTestConfig:30 - Closing DB connection
2020-03-07 22:22:32 [main] INFO  DataBaseTestConfig:20 - Create DB connection
2020-03-07 22:22:32 [main] INFO  DataBaseTestConfig:54 - Closing Result Set
2020-03-07 22:22:32 [main] INFO  DataBaseTestConfig:42 - Closing Prepared Statement
2020-03-07 22:22:32 [main] INFO  DataBaseTestConfig:20 - Create DB connection
2020-03-07 22:22:32 [main] INFO  DataBaseTestConfig:20 - Create DB connection
2020-03-07 22:22:32 [main] INFO  DataBaseTestConfig:42 - Closing Prepared Statement
2020-03-07 22:22:32 [main] INFO  DataBaseTestConfig:20 - Create DB connection
2020-03-07 22:22:33 [main] INFO  DataBaseTestConfig:20 - Create DB connection
2020-03-07 22:22:33 [main] INFO  DataBaseTestConfig:20 - Create DB connection
2020-03-07 22:22:33 [main] INFO  DataBaseTestConfig:20 - Create DB connection
2020-03-07 22:22:33 [main] INFO  DataBaseTestConfig:20 - Create DB connection
2020-03-07 22:22:33 [main] INFO  DataBaseTestConfig:42 - Closing Prepared Statement
2020-03-07 22:22:33 [main] INFO  DataBaseTestConfig:20 - Create DB connection
2020-03-07 22:22:33 [main] INFO  DataBaseTestConfig:54 - Closing Result Set
2020-03-07 22:22:33 [main] INFO  DataBaseTestConfig:42 - Closing Prepared Statement
2020-03-07 22:22:33 [main] INFO  DataBaseTestConfig:20 - Create DB connection
2020-03-07 22:22:33 [main] INFO  DataBaseTestConfig:20 - Create DB connection
2020-03-07 22:22:33 [main] INFO  DataBaseTestConfig:42 - Closing Prepared Statement
2020-03-07 22:22:33 [main] INFO  DataBaseTestConfig:20 - Create DB connection
2020-03-07 22:22:33 [main] INFO  DataBaseTestConfig:20 - Create DB connection
2020-03-07 22:22:33 [main] INFO  DataBaseTestConfig:20 - Create DB connection
2020-03-07 22:22:33 [main] INFO  DataBaseTestConfig:20 - Create DB connection
2020-03-07 22:22:34 [main] INFO  DataBaseTestConfig:30 - Closing DB connection
2020-03-07 22:22:34 [main] INFO  DataBaseTestConfig:20 - Create DB connection
2020-03-07 22:22:35 [main] INFO  DataBaseTestConfig:30 - Closing DB connection
2020-03-07 22:22:35 [main] INFO  DataBaseTestConfig:20 - Create DB connection
2020-03-07 22:22:35 [main] INFO  DataBaseTestConfig:54 - Closing Result Set
2020-03-07 22:22:35 [main] INFO  DataBaseTestConfig:42 - Closing Prepared Statement
2020-03-07 22:22:35 [main] INFO  DataBaseTestConfig:20 - Create DB connection
2020-03-07 22:22:35 [main] INFO  DataBaseTestConfig:20 - Create DB connection
2020-03-07 22:22:35 [main] INFO  DataBaseTestConfig:42 - Closing Prepared Statement
2020-03-07 22:22:35 [main] INFO  DataBaseTestConfig:20 - Create DB connection
2020-03-07 22:22:35 [main] INFO  DataBaseTestConfig:20 - Create DB connection
2020-03-07 22:22:36 [main] INFO  DataBaseTestConfig:20 - Create DB connection
2020-03-07 22:22:36 [main] INFO  DataBaseTestConfig:20 - Create DB connection
2020-03-07 22:22:36 [main] INFO  DataBaseTestConfig:20 - Create DB connection
2020-03-07 22:22:36 [main] INFO  DataBaseTestConfig:20 - Create DB connection
2020-03-07 22:22:36 [main] INFO  DataBaseTestConfig:42 - Closing Prepared Statement
2020-03-07 22:22:36 [main] INFO  DataBaseTestConfig:20 - Create DB connection
2020-03-07 22:22:36 [main] INFO  DataBaseTestConfig:20 - Create DB connection
2020-03-07 22:22:37 [main] INFO  DataBaseTestConfig:30 - Closing DB connection
2020-03-07 22:22:37 [main] INFO  DataBaseTestConfig:20 - Create DB connection
2020-03-07 22:22:38 [main] INFO  DataBaseTestConfig:30 - Closing DB connection
2020-03-07 22:22:38 [main] INFO  DataBaseTestConfig:20 - Create DB connection
2020-03-07 22:22:38 [main] INFO  DataBaseTestConfig:54 - Closing Result Set
2020-03-07 22:22:38 [main] INFO  DataBaseTestConfig:42 - Closing Prepared Statement
2020-03-07 22:22:38 [main] INFO  DataBaseTestConfig:20 - Create DB connection
2020-03-07 22:22:38 [main] INFO  DataBaseTestConfig:20 - Create DB connection
2020-03-07 22:22:38 [main] INFO  DataBaseTestConfig:42 - Closing Prepared Statement
2020-03-07 22:22:38 [main] INFO  DataBaseTestConfig:20 - Create DB connection
2020-03-07 22:22:38 [main] INFO  DataBaseTestConfig:20 - Create DB connection
2020-03-07 22:22:38 [main] INFO  DataBaseTestConfig:20 - Create DB connection
2020-03-07 22:22:38 [main] INFO  DataBaseTestConfig:20 - Create DB connection
2020-03-07 22:22:39 [main] INFO  DataBaseTestConfig:30 - Closing DB connection
2020-03-07 22:22:40 [main] INFO  DataBaseTestConfig:20 - Create DB connection
2020-03-07 22:22:41 [main] INFO  DataBaseTestConfig:30 - Closing DB connection
2020-03-07 22:22:41 [main] INFO  DataBaseTestConfig:20 - Create DB connection
2020-03-07 22:22:41 [main] INFO  DataBaseTestConfig:20 - Create DB connection
2020-03-07 22:22:41 [main] INFO  DataBaseTestConfig:20 - Create DB connection
2020-03-07 22:22:42 [main] INFO  DataBaseTestConfig:30 - Closing DB connection
2020-03-07 22:22:42 [main] INFO  DataBaseTestConfig:20 - Create DB connection
2020-03-07 22:22:43 [main] INFO  DataBaseTestConfig:30 - Closing DB connection
2020-03-07 22:22:43 [main] INFO  DataBaseTestConfig:20 - Create DB connection
2020-03-07 22:22:44 [main] INFO  DataBaseTestConfig:30 - Closing DB connection
2020-03-07 22:22:44 [main] INFO  DataBaseTestConfig:20 - Create DB connection
2020-03-07 22:22:45 [main] INFO  DataBaseTestConfig:30 - Closing DB connection
2020-03-07 22:22:45 [main] INFO  DataBaseTestConfig:20 - Create DB connection
2020-03-07 22:22:45 [main] INFO  DataBaseTestConfig:20 - Create DB connection
2020-03-07 22:22:45 [main] INFO  DataBaseTestConfig:20 - Create DB connection
2020-03-07 22:22:46 [main] INFO  DataBaseTestConfig:30 - Closing DB connection
2020-03-07 22:22:46 [main] INFO  DataBaseTestConfig:20 - Create DB connection
2020-03-07 22:22:48 [main] INFO  DataBaseTestConfig:30 - Closing DB connection
2020-03-07 22:22:48 [main] INFO  DataBaseTestConfig:20 - Create DB connection
2020-03-07 22:22:48 [main] INFO  DataBaseTestConfig:20 - Create DB connection
2020-03-07 22:22:48 [main] INFO  DataBaseTestConfig:20 - Create DB connection
2020-03-07 22:22:48 [main] INFO  DataBaseTestConfig:20 - Create DB connection
2020-03-07 22:22:48 [main] INFO  DataBaseTestConfig:20 - Create DB connection
2020-03-07 22:22:48 [main] INFO  DataBaseTestConfig:20 - Create DB connection
2020-03-07 22:22:48 [main] INFO  DataBaseTestConfig:20 - Create DB connection
2020-03-07 22:22:49 [main] INFO  DataBaseTestConfig:30 - Closing DB connection
2020-03-07 22:22:49 [main] INFO  DataBaseTestConfig:20 - Create DB connection
2020-03-07 22:22:50 [main] INFO  DataBaseTestConfig:30 - Closing DB connection
2020-03-07 22:22:50 [main] INFO  DataBaseTestConfig:20 - Create DB connection
2020-03-07 22:22:50 [main] INFO  DataBaseTestConfig:20 - Create DB connection
2020-03-07 22:22:50 [main] INFO  DataBaseTestConfig:20 - Create DB connection
2020-03-07 22:22:51 [main] INFO  DataBaseTestConfig:30 - Closing DB connection
2020-03-07 22:22:51 [main] INFO  DataBaseTestConfig:20 - Create DB connection
2020-03-07 22:22:52 [main] INFO  DataBaseTestConfig:30 - Closing DB connection
2020-03-07 22:22:52 [main] INFO  DataBaseTestConfig:20 - Create DB connection
2020-03-07 22:22:52 [main] INFO  DataBaseTestConfig:42 - Closing Prepared Statement
2020-03-07 22:22:52 [main] INFO  DataBaseTestConfig:20 - Create DB connection
2020-03-07 22:22:52 [main] INFO  DataBaseTestConfig:42 - Closing Prepared Statement
2020-03-07 22:22:52 [main] INFO  DataBaseTestConfig:20 - Create DB connection
2020-03-07 22:22:53 [main] INFO  DataBaseTestConfig:42 - Closing Prepared Statement
2020-03-07 22:22:53 [main] INFO  DataBaseTestConfig:20 - Create DB connection
2020-03-07 22:22:53 [main] INFO  DataBaseTestConfig:54 - Closing Result Set
2020-03-07 22:22:53 [main] INFO  DataBaseTestConfig:42 - Closing Prepared Statement
2020-03-07 22:22:53 [main] INFO  DataBaseTestConfig:20 - Create DB connection
2020-03-07 22:22:54 [main] INFO  DataBaseTestConfig:30 - Closing DB connection
2020-03-07 22:22:54 [main] INFO  DataBaseTestConfig:20 - Create DB connection
2020-03-07 22:22:55 [main] INFO  DataBaseTestConfig:30 - Closing DB connection
2020-03-07 22:22:55 [main] INFO  DataBaseTestConfig:20 - Create DB connection
2020-03-07 22:22:56 [main] INFO  DataBaseTestConfig:30 - Closing DB connection
2020-03-07 22:22:56 [main] INFO  DataBaseTestConfig:20 - Create DB connection
2020-03-07 22:22:57 [main] INFO  DataBaseTestConfig:30 - Closing DB connection
2020-03-07 22:22:57 [main] INFO  DataBaseTestConfig:20 - Create DB connection
2020-03-07 22:22:57 [main] INFO  DataBaseTestConfig:42 - Closing Prepared Statement
2020-03-07 22:22:57 [main] INFO  DataBaseTestConfig:20 - Create DB connection
2020-03-07 22:22:57 [main] INFO  DataBaseTestConfig:42 - Closing Prepared Statement
2020-03-07 22:22:57 [main] INFO  DataBaseTestConfig:20 - Create DB connection
2020-03-07 22:22:57 [main] INFO  DataBaseTestConfig:54 - Closing Result Set
2020-03-07 22:22:57 [main] INFO  DataBaseTestConfig:42 - Closing Prepared Statement
2020-03-07 22:22:57 [main] INFO  DataBaseTestConfig:20 - Create DB connection
2020-03-07 22:22:58 [main] INFO  DataBaseTestConfig:30 - Closing DB connection
2020-03-07 22:22:58 [main] INFO  DataBaseTestConfig:20 - Create DB connection
2020-03-07 22:22:59 [main] INFO  DataBaseTestConfig:30 - Closing DB connection
2020-03-07 22:22:59 [main] INFO  DataBaseTestConfig:20 - Create DB connection
2020-03-07 22:22:59 [main] INFO  DataBaseTestConfig:54 - Closing Result Set
2020-03-07 22:22:59 [main] INFO  DataBaseTestConfig:42 - Closing Prepared Statement
2020-03-07 22:22:59 [main] INFO  DataBaseTestConfig:20 - Create DB connection
2020-03-07 22:23:00 [main] INFO  DataBaseTestConfig:30 - Closing DB connection
2020-03-07 22:25:03 [main] INFO  DataBaseTestConfig:20 - Create DB connection
2020-03-07 22:25:05 [main] INFO  DataBaseTestConfig:30 - Closing DB connection
2020-03-07 22:25:05 [main] INFO  DataBaseTestConfig:20 - Create DB connection
2020-03-07 22:25:05 [main] INFO  DataBaseTestConfig:42 - Closing Prepared Statement
2020-03-07 22:25:05 [main] INFO  DataBaseTestConfig:20 - Create DB connection
2020-03-07 22:25:05 [main] INFO  DataBaseTestConfig:42 - Closing Prepared Statement
2020-03-07 22:25:05 [main] INFO  DataBaseTestConfig:20 - Create DB connection
2020-03-07 22:25:05 [main] INFO  DataBaseTestConfig:42 - Closing Prepared Statement
2020-03-07 22:25:05 [main] INFO  DataBaseTestConfig:20 - Create DB connection
2020-03-07 22:25:05 [main] INFO  DataBaseTestConfig:54 - Closing Result Set
2020-03-07 22:25:05 [main] INFO  DataBaseTestConfig:42 - Closing Prepared Statement
2020-03-07 22:25:05 [main] INFO  DataBaseTestConfig:20 - Create DB connection
2020-03-07 22:25:07 [main] INFO  DataBaseTestConfig:30 - Closing DB connection
2020-03-07 22:25:07 [main] INFO  DataBaseTestConfig:20 - Create DB connection
2020-03-07 22:25:07 [main] INFO  DataBaseTestConfig:30 - Closing DB connection
2020-03-07 22:25:07 [main] INFO  DataBaseTestConfig:20 - Create DB connection
2020-03-07 22:25:09 [main] INFO  DataBaseTestConfig:30 - Closing DB connection
2020-03-07 22:25:09 [main] INFO  DataBaseTestConfig:20 - Create DB connection
2020-03-07 22:25:10 [main] INFO  DataBaseTestConfig:30 - Closing DB connection
2020-03-07 22:25:10 [main] INFO  DataBaseTestConfig:20 - Create DB connection
2020-03-07 22:25:10 [main] INFO  DataBaseTestConfig:42 - Closing Prepared Statement
2020-03-07 22:25:10 [main] INFO  DataBaseTestConfig:20 - Create DB connection
2020-03-07 22:25:10 [main] INFO  DataBaseTestConfig:42 - Closing Prepared Statement
2020-03-07 22:25:10 [main] INFO  DataBaseTestConfig:20 - Create DB connection
2020-03-07 22:25:10 [main] INFO  DataBaseTestConfig:54 - Closing Result Set
2020-03-07 22:25:10 [main] INFO  DataBaseTestConfig:42 - Closing Prepared Statement
2020-03-07 22:25:10 [main] INFO  DataBaseTestConfig:20 - Create DB connection
2020-03-07 22:25:11 [main] INFO  DataBaseTestConfig:30 - Closing DB connection
2020-03-07 22:25:11 [main] INFO  DataBaseTestConfig:20 - Create DB connection
2020-03-07 22:25:12 [main] INFO  DataBaseTestConfig:30 - Closing DB connection
2020-03-07 22:25:12 [main] INFO  DataBaseTestConfig:20 - Create DB connection
2020-03-07 22:25:12 [main] INFO  DataBaseTestConfig:54 - Closing Result Set
2020-03-07 22:25:12 [main] INFO  DataBaseTestConfig:42 - Closing Prepared Statement
2020-03-07 22:25:12 [main] INFO  DataBaseTestConfig:20 - Create DB connection
2020-03-07 22:25:13 [main] INFO  DataBaseTestConfig:30 - Closing DB connection
2020-03-07 22:25:13 [main] INFO  DataBaseTestConfig:20 - Create DB connection
2020-03-07 22:25:15 [main] INFO  DataBaseTestConfig:30 - Closing DB connection
2020-03-07 22:25:15 [main] INFO  DataBaseTestConfig:20 - Create DB connection
2020-03-07 22:25:15 [main] INFO  DataBaseTestConfig:20 - Create DB connection
2020-03-07 22:25:15 [main] INFO  DataBaseTestConfig:20 - Create DB connection
2020-03-07 22:25:16 [main] INFO  DataBaseTestConfig:30 - Closing DB connection
2020-03-07 22:25:16 [main] INFO  DataBaseTestConfig:20 - Create DB connection
2020-03-07 22:25:17 [main] INFO  DataBaseTestConfig:30 - Closing DB connection
2020-03-07 22:25:17 [main] INFO  DataBaseTestConfig:20 - Create DB connection
2020-03-07 22:25:18 [main] INFO  DataBaseTestConfig:30 - Closing DB connection
2020-03-07 22:25:18 [main] INFO  DataBaseTestConfig:20 - Create DB connection
2020-03-07 22:25:19 [main] INFO  DataBaseTestConfig:30 - Closing DB connection
2020-03-07 22:25:19 [main] INFO  DataBaseTestConfig:20 - Create DB connection
2020-03-07 22:25:19 [main] INFO  DataBaseTestConfig:20 - Create DB connection
2020-03-07 22:25:19 [main] INFO  DataBaseTestConfig:20 - Create DB connection
2020-03-07 22:25:21 [main] INFO  DataBaseTestConfig:30 - Closing DB connection
2020-03-07 22:25:21 [main] INFO  DataBaseTestConfig:20 - Create DB connection
2020-03-07 22:25:22 [main] INFO  DataBaseTestConfig:30 - Closing DB connection
2020-03-07 22:25:22 [main] INFO  DataBaseTestConfig:20 - Create DB connection
2020-03-07 22:25:22 [main] INFO  DataBaseTestConfig:20 - Create DB connection
2020-03-07 22:25:22 [main] INFO  DataBaseTestConfig:20 - Create DB connection
2020-03-07 22:25:22 [main] INFO  DataBaseTestConfig:20 - Create DB connection
2020-03-07 22:25:22 [main] INFO  DataBaseTestConfig:20 - Create DB connection
2020-03-07 22:25:22 [main] INFO  DataBaseTestConfig:20 - Create DB connection
2020-03-07 22:25:22 [main] INFO  DataBaseTestConfig:20 - Create DB connection
2020-03-07 22:25:23 [main] INFO  DataBaseTestConfig:30 - Closing DB connection
2020-03-07 22:25:23 [main] INFO  DataBaseTestConfig:20 - Create DB connection
2020-03-07 22:25:23 [main] INFO  DataBaseTestConfig:30 - Closing DB connection
2020-03-07 22:25:23 [main] INFO  DataBaseTestConfig:20 - Create DB connection
2020-03-07 22:25:23 [main] INFO  DataBaseTestConfig:20 - Create DB connection
2020-03-07 22:25:23 [main] INFO  DataBaseTestConfig:20 - Create DB connection
2020-03-07 22:25:24 [main] INFO  DataBaseTestConfig:30 - Closing DB connection
2020-03-07 22:30:11 [main] INFO  DataBaseTestConfig:20 - Create DB connection
2020-03-07 22:30:13 [main] INFO  DataBaseTestConfig:30 - Closing DB connection
2020-03-07 22:30:13 [main] INFO  DataBaseTestConfig:20 - Create DB connection
2020-03-07 22:30:13 [main] INFO  DataBaseTestConfig:42 - Closing Prepared Statement
2020-03-07 22:30:13 [main] INFO  DataBaseTestConfig:20 - Create DB connection
2020-03-07 22:30:13 [main] INFO  DataBaseTestConfig:42 - Closing Prepared Statement
2020-03-07 22:30:13 [main] INFO  DataBaseTestConfig:20 - Create DB connection
2020-03-07 22:30:13 [main] INFO  DataBaseTestConfig:42 - Closing Prepared Statement
2020-03-07 22:30:13 [main] INFO  DataBaseTestConfig:20 - Create DB connection
2020-03-07 22:30:13 [main] INFO  DataBaseTestConfig:54 - Closing Result Set
2020-03-07 22:30:13 [main] INFO  DataBaseTestConfig:42 - Closing Prepared Statement
2020-03-07 22:30:13 [main] INFO  DataBaseTestConfig:20 - Create DB connection
2020-03-07 22:30:14 [main] INFO  DataBaseTestConfig:30 - Closing DB connection
2020-03-07 22:30:14 [main] INFO  DataBaseTestConfig:20 - Create DB connection
2020-03-07 22:30:15 [main] INFO  DataBaseTestConfig:30 - Closing DB connection
2020-03-07 22:30:15 [main] INFO  DataBaseTestConfig:20 - Create DB connection
2020-03-07 22:30:16 [main] INFO  DataBaseTestConfig:30 - Closing DB connection
2020-03-07 22:30:16 [main] INFO  DataBaseTestConfig:20 - Create DB connection
2020-03-07 22:30:17 [main] INFO  DataBaseTestConfig:30 - Closing DB connection
2020-03-07 22:30:17 [main] INFO  DataBaseTestConfig:20 - Create DB connection
2020-03-07 22:30:17 [main] INFO  DataBaseTestConfig:42 - Closing Prepared Statement
2020-03-07 22:30:17 [main] INFO  DataBaseTestConfig:20 - Create DB connection
2020-03-07 22:30:17 [main] INFO  DataBaseTestConfig:42 - Closing Prepared Statement
2020-03-07 22:30:17 [main] INFO  DataBaseTestConfig:20 - Create DB connection
2020-03-07 22:30:17 [main] INFO  DataBaseTestConfig:54 - Closing Result Set
2020-03-07 22:30:17 [main] INFO  DataBaseTestConfig:42 - Closing Prepared Statement
2020-03-07 22:30:17 [main] INFO  DataBaseTestConfig:20 - Create DB connection
2020-03-07 22:30:18 [main] INFO  DataBaseTestConfig:30 - Closing DB connection
2020-03-07 22:30:18 [main] INFO  DataBaseTestConfig:20 - Create DB connection
2020-03-07 22:30:19 [main] INFO  DataBaseTestConfig:30 - Closing DB connection
2020-03-07 22:30:19 [main] INFO  DataBaseTestConfig:20 - Create DB connection
2020-03-07 22:30:19 [main] INFO  DataBaseTestConfig:54 - Closing Result Set
2020-03-07 22:30:19 [main] INFO  DataBaseTestConfig:42 - Closing Prepared Statement
2020-03-07 22:30:19 [main] INFO  DataBaseTestConfig:20 - Create DB connection
2020-03-07 22:30:20 [main] INFO  DataBaseTestConfig:30 - Closing DB connection
2020-03-07 22:30:20 [main] INFO  DataBaseTestConfig:20 - Create DB connection
2020-03-07 22:30:21 [main] INFO  DataBaseTestConfig:30 - Closing DB connection
2020-03-07 22:30:21 [main] INFO  DataBaseTestConfig:20 - Create DB connection
2020-03-07 22:30:21 [main] INFO  DataBaseTestConfig:20 - Create DB connection
2020-03-07 22:30:21 [main] INFO  DataBaseTestConfig:20 - Create DB connection
2020-03-07 22:30:22 [main] INFO  DataBaseTestConfig:30 - Closing DB connection
2020-03-07 22:30:22 [main] INFO  DataBaseTestConfig:20 - Create DB connection
2020-03-07 22:30:23 [main] INFO  DataBaseTestConfig:30 - Closing DB connection
2020-03-07 22:30:23 [main] INFO  DataBaseTestConfig:20 - Create DB connection
2020-03-07 22:30:24 [main] INFO  DataBaseTestConfig:30 - Closing DB connection
2020-03-07 22:30:24 [main] INFO  DataBaseTestConfig:20 - Create DB connection
2020-03-07 22:30:25 [main] INFO  DataBaseTestConfig:30 - Closing DB connection
2020-03-07 22:30:25 [main] INFO  DataBaseTestConfig:20 - Create DB connection
2020-03-07 22:30:25 [main] INFO  DataBaseTestConfig:20 - Create DB connection
2020-03-07 22:30:25 [main] INFO  DataBaseTestConfig:20 - Create DB connection
2020-03-07 22:30:26 [main] INFO  DataBaseTestConfig:30 - Closing DB connection
2020-03-07 22:30:26 [main] INFO  DataBaseTestConfig:20 - Create DB connection
2020-03-07 22:30:27 [main] INFO  DataBaseTestConfig:30 - Closing DB connection
2020-03-07 22:30:27 [main] INFO  DataBaseTestConfig:20 - Create DB connection
2020-03-07 22:30:27 [main] INFO  DataBaseTestConfig:20 - Create DB connection
2020-03-07 22:30:27 [main] INFO  DataBaseTestConfig:20 - Create DB connection
2020-03-07 22:30:27 [main] INFO  DataBaseTestConfig:20 - Create DB connection
2020-03-07 22:30:27 [main] INFO  DataBaseTestConfig:20 - Create DB connection
2020-03-07 22:30:27 [main] INFO  DataBaseTestConfig:20 - Create DB connection
2020-03-07 22:30:27 [main] INFO  DataBaseTestConfig:20 - Create DB connection
2020-03-07 22:30:28 [main] INFO  DataBaseTestConfig:30 - Closing DB connection
2020-03-07 22:30:28 [main] INFO  DataBaseTestConfig:20 - Create DB connection
2020-03-07 22:30:29 [main] INFO  DataBaseTestConfig:30 - Closing DB connection
2020-03-07 22:30:29 [main] INFO  DataBaseTestConfig:20 - Create DB connection
2020-03-07 22:30:29 [main] INFO  DataBaseTestConfig:20 - Create DB connection
2020-03-07 22:30:29 [main] INFO  DataBaseTestConfig:20 - Create DB connection
2020-03-07 22:30:30 [main] INFO  DataBaseTestConfig:30 - Closing DB connection
2020-03-07 22:41:25 [main] INFO  DataBaseTestConfig:21 - Create DB connection
2020-03-07 22:41:26 [main] INFO  DataBaseTestConfig:21 - Create DB connection
2020-03-07 22:41:26 [main] ERROR ParkingSpotDAO:45 - Error fetching next available slot
java.sql.SQLException: Access denied for user ''@'localhost' (using password: NO)
	at com.mysql.cj.jdbc.exceptions.SQLError.createSQLException(SQLError.java:129) ~[mysql-connector-java-8.0.17.jar:8.0.17]
	at com.mysql.cj.jdbc.exceptions.SQLError.createSQLException(SQLError.java:97) ~[mysql-connector-java-8.0.17.jar:8.0.17]
	at com.mysql.cj.jdbc.exceptions.SQLExceptionsMapping.translateException(SQLExceptionsMapping.java:122) ~[mysql-connector-java-8.0.17.jar:8.0.17]
	at com.mysql.cj.jdbc.ConnectionImpl.createNewIO(ConnectionImpl.java:827) ~[mysql-connector-java-8.0.17.jar:8.0.17]
	at com.mysql.cj.jdbc.ConnectionImpl.<init>(ConnectionImpl.java:447) ~[mysql-connector-java-8.0.17.jar:8.0.17]
	at com.mysql.cj.jdbc.ConnectionImpl.getInstance(ConnectionImpl.java:237) ~[mysql-connector-java-8.0.17.jar:8.0.17]
	at com.mysql.cj.jdbc.NonRegisteringDriver.connect(NonRegisteringDriver.java:199) ~[mysql-connector-java-8.0.17.jar:8.0.17]
	at java.sql.DriverManager.getConnection(DriverManager.java:664) ~[?:1.8.0_131]
	at java.sql.DriverManager.getConnection(DriverManager.java:247) ~[?:1.8.0_131]
	at com.parkit.parkingsystem.integration.config.DataBaseTestConfig.getConnection(DataBaseTestConfig.java:33) ~[test-classes/:?]
	at com.parkit.parkingsystem.dao.ParkingSpotDAO.getNextAvailableSlot(ParkingSpotDAO.java:35) ~[classes/:?]
	at com.parkit.parkingsystem.service.ParkingService.getNextParkingNumberIfAvailable(ParkingService.java:92) ~[classes/:?]
	at com.parkit.parkingsystem.service.ParkingService.processIncomingVehicle(ParkingService.java:33) ~[classes/:?]
	at com.parkit.parkingsystem.integration.ParkingDataBaseIT.testRecurrentVehicleReductionAvailable(ParkingDataBaseIT.java:97) ~[test-classes/:?]
	at sun.reflect.NativeMethodAccessorImpl.invoke0(Native Method) ~[?:1.8.0_131]
	at sun.reflect.NativeMethodAccessorImpl.invoke(NativeMethodAccessorImpl.java:62) ~[?:1.8.0_131]
	at sun.reflect.DelegatingMethodAccessorImpl.invoke(DelegatingMethodAccessorImpl.java:43) ~[?:1.8.0_131]
	at java.lang.reflect.Method.invoke(Method.java:498) ~[?:1.8.0_131]
	at org.junit.platform.commons.util.ReflectionUtils.invokeMethod(ReflectionUtils.java:686) ~[junit-platform-commons-1.6.0.jar:1.6.0]
	at org.junit.jupiter.engine.execution.MethodInvocation.proceed(MethodInvocation.java:60) ~[junit-jupiter-engine-5.6.0.jar:5.6.0]
	at org.junit.jupiter.engine.execution.InvocationInterceptorChain$ValidatingInvocation.proceed(InvocationInterceptorChain.java:131) ~[junit-jupiter-engine-5.6.0.jar:5.6.0]
	at org.junit.jupiter.engine.extension.TimeoutExtension.intercept(TimeoutExtension.java:149) ~[junit-jupiter-engine-5.6.0.jar:5.6.0]
	at org.junit.jupiter.engine.extension.TimeoutExtension.interceptTestableMethod(TimeoutExtension.java:140) ~[junit-jupiter-engine-5.6.0.jar:5.6.0]
	at org.junit.jupiter.engine.extension.TimeoutExtension.interceptTestMethod(TimeoutExtension.java:84) ~[junit-jupiter-engine-5.6.0.jar:5.6.0]
	at org.junit.jupiter.engine.execution.ExecutableInvoker$ReflectiveInterceptorCall.lambda$ofVoidMethod$0(ExecutableInvoker.java:115) ~[junit-jupiter-engine-5.6.0.jar:5.6.0]
	at org.junit.jupiter.engine.execution.ExecutableInvoker.lambda$invoke$0(ExecutableInvoker.java:105) ~[junit-jupiter-engine-5.6.0.jar:5.6.0]
	at org.junit.jupiter.engine.execution.InvocationInterceptorChain$InterceptedInvocation.proceed(InvocationInterceptorChain.java:106) ~[junit-jupiter-engine-5.6.0.jar:5.6.0]
	at org.junit.jupiter.engine.execution.InvocationInterceptorChain.proceed(InvocationInterceptorChain.java:64) ~[junit-jupiter-engine-5.6.0.jar:5.6.0]
	at org.junit.jupiter.engine.execution.InvocationInterceptorChain.chainAndInvoke(InvocationInterceptorChain.java:45) ~[junit-jupiter-engine-5.6.0.jar:5.6.0]
	at org.junit.jupiter.engine.execution.InvocationInterceptorChain.invoke(InvocationInterceptorChain.java:37) ~[junit-jupiter-engine-5.6.0.jar:5.6.0]
	at org.junit.jupiter.engine.execution.ExecutableInvoker.invoke(ExecutableInvoker.java:104) ~[junit-jupiter-engine-5.6.0.jar:5.6.0]
	at org.junit.jupiter.engine.execution.ExecutableInvoker.invoke(ExecutableInvoker.java:98) ~[junit-jupiter-engine-5.6.0.jar:5.6.0]
	at org.junit.jupiter.engine.descriptor.TestMethodTestDescriptor.lambda$invokeTestMethod$6(TestMethodTestDescriptor.java:205) ~[junit-jupiter-engine-5.6.0.jar:5.6.0]
	at org.junit.platform.engine.support.hierarchical.ThrowableCollector.execute(ThrowableCollector.java:73) ~[junit-platform-engine-1.6.0.jar:1.6.0]
	at org.junit.jupiter.engine.descriptor.TestMethodTestDescriptor.invokeTestMethod(TestMethodTestDescriptor.java:201) ~[junit-jupiter-engine-5.6.0.jar:5.6.0]
	at org.junit.jupiter.engine.descriptor.TestMethodTestDescriptor.execute(TestMethodTestDescriptor.java:137) ~[junit-jupiter-engine-5.6.0.jar:5.6.0]
	at org.junit.jupiter.engine.descriptor.TestMethodTestDescriptor.execute(TestMethodTestDescriptor.java:71) ~[junit-jupiter-engine-5.6.0.jar:5.6.0]
	at org.junit.platform.engine.support.hierarchical.NodeTestTask.lambda$executeRecursively$5(NodeTestTask.java:135) ~[junit-platform-engine-1.6.0.jar:1.6.0]
	at org.junit.platform.engine.support.hierarchical.ThrowableCollector.execute(ThrowableCollector.java:73) ~[junit-platform-engine-1.6.0.jar:1.6.0]
	at org.junit.platform.engine.support.hierarchical.NodeTestTask.lambda$executeRecursively$7(NodeTestTask.java:125) ~[junit-platform-engine-1.6.0.jar:1.6.0]
	at org.junit.platform.engine.support.hierarchical.Node.around(Node.java:135) ~[junit-platform-engine-1.6.0.jar:1.6.0]
	at org.junit.platform.engine.support.hierarchical.NodeTestTask.lambda$executeRecursively$8(NodeTestTask.java:123) ~[junit-platform-engine-1.6.0.jar:1.6.0]
	at org.junit.platform.engine.support.hierarchical.ThrowableCollector.execute(ThrowableCollector.java:73) ~[junit-platform-engine-1.6.0.jar:1.6.0]
	at org.junit.platform.engine.support.hierarchical.NodeTestTask.executeRecursively(NodeTestTask.java:122) ~[junit-platform-engine-1.6.0.jar:1.6.0]
	at org.junit.platform.engine.support.hierarchical.NodeTestTask.execute(NodeTestTask.java:80) ~[junit-platform-engine-1.6.0.jar:1.6.0]
	at java.util.ArrayList.forEach(ArrayList.java:1249) ~[?:1.8.0_131]
	at org.junit.platform.engine.support.hierarchical.SameThreadHierarchicalTestExecutorService.invokeAll(SameThreadHierarchicalTestExecutorService.java:38) ~[junit-platform-engine-1.6.0.jar:1.6.0]
	at org.junit.platform.engine.support.hierarchical.NodeTestTask.lambda$executeRecursively$5(NodeTestTask.java:139) ~[junit-platform-engine-1.6.0.jar:1.6.0]
	at org.junit.platform.engine.support.hierarchical.ThrowableCollector.execute(ThrowableCollector.java:73) ~[junit-platform-engine-1.6.0.jar:1.6.0]
	at org.junit.platform.engine.support.hierarchical.NodeTestTask.lambda$executeRecursively$7(NodeTestTask.java:125) ~[junit-platform-engine-1.6.0.jar:1.6.0]
	at org.junit.platform.engine.support.hierarchical.Node.around(Node.java:135) ~[junit-platform-engine-1.6.0.jar:1.6.0]
	at org.junit.platform.engine.support.hierarchical.NodeTestTask.lambda$executeRecursively$8(NodeTestTask.java:123) ~[junit-platform-engine-1.6.0.jar:1.6.0]
	at org.junit.platform.engine.support.hierarchical.ThrowableCollector.execute(ThrowableCollector.java:73) ~[junit-platform-engine-1.6.0.jar:1.6.0]
	at org.junit.platform.engine.support.hierarchical.NodeTestTask.executeRecursively(NodeTestTask.java:122) ~[junit-platform-engine-1.6.0.jar:1.6.0]
	at org.junit.platform.engine.support.hierarchical.NodeTestTask.execute(NodeTestTask.java:80) ~[junit-platform-engine-1.6.0.jar:1.6.0]
	at java.util.ArrayList.forEach(ArrayList.java:1249) ~[?:1.8.0_131]
	at org.junit.platform.engine.support.hierarchical.SameThreadHierarchicalTestExecutorService.invokeAll(SameThreadHierarchicalTestExecutorService.java:38) ~[junit-platform-engine-1.6.0.jar:1.6.0]
	at org.junit.platform.engine.support.hierarchical.NodeTestTask.lambda$executeRecursively$5(NodeTestTask.java:139) ~[junit-platform-engine-1.6.0.jar:1.6.0]
	at org.junit.platform.engine.support.hierarchical.ThrowableCollector.execute(ThrowableCollector.java:73) ~[junit-platform-engine-1.6.0.jar:1.6.0]
	at org.junit.platform.engine.support.hierarchical.NodeTestTask.lambda$executeRecursively$7(NodeTestTask.java:125) ~[junit-platform-engine-1.6.0.jar:1.6.0]
	at org.junit.platform.engine.support.hierarchical.Node.around(Node.java:135) ~[junit-platform-engine-1.6.0.jar:1.6.0]
	at org.junit.platform.engine.support.hierarchical.NodeTestTask.lambda$executeRecursively$8(NodeTestTask.java:123) ~[junit-platform-engine-1.6.0.jar:1.6.0]
	at org.junit.platform.engine.support.hierarchical.ThrowableCollector.execute(ThrowableCollector.java:73) ~[junit-platform-engine-1.6.0.jar:1.6.0]
	at org.junit.platform.engine.support.hierarchical.NodeTestTask.executeRecursively(NodeTestTask.java:122) ~[junit-platform-engine-1.6.0.jar:1.6.0]
	at org.junit.platform.engine.support.hierarchical.NodeTestTask.execute(NodeTestTask.java:80) ~[junit-platform-engine-1.6.0.jar:1.6.0]
	at org.junit.platform.engine.support.hierarchical.SameThreadHierarchicalTestExecutorService.submit(SameThreadHierarchicalTestExecutorService.java:32) ~[junit-platform-engine-1.6.0.jar:1.6.0]
	at org.junit.platform.engine.support.hierarchical.HierarchicalTestExecutor.execute(HierarchicalTestExecutor.java:57) ~[junit-platform-engine-1.6.0.jar:1.6.0]
	at org.junit.platform.engine.support.hierarchical.HierarchicalTestEngine.execute(HierarchicalTestEngine.java:51) ~[junit-platform-engine-1.6.0.jar:1.6.0]
	at org.junit.platform.launcher.core.DefaultLauncher.execute(DefaultLauncher.java:229) ~[.cp/:?]
	at org.junit.platform.launcher.core.DefaultLauncher.lambda$execute$6(DefaultLauncher.java:197) ~[.cp/:?]
	at org.junit.platform.launcher.core.DefaultLauncher.withInterceptedStreams(DefaultLauncher.java:211) [.cp/:?]
	at org.junit.platform.launcher.core.DefaultLauncher.execute(DefaultLauncher.java:191) [.cp/:?]
	at org.junit.platform.launcher.core.DefaultLauncher.execute(DefaultLauncher.java:137) [.cp/:?]
	at org.eclipse.jdt.internal.junit5.runner.JUnit5TestReference.run(JUnit5TestReference.java:89) [.cp/:?]
	at org.eclipse.jdt.internal.junit.runner.TestExecution.run(TestExecution.java:41) [.cp/:?]
	at org.eclipse.jdt.internal.junit.runner.RemoteTestRunner.runTests(RemoteTestRunner.java:542) [.cp/:?]
	at org.eclipse.jdt.internal.junit.runner.RemoteTestRunner.runTests(RemoteTestRunner.java:770) [.cp/:?]
	at org.eclipse.jdt.internal.junit.runner.RemoteTestRunner.run(RemoteTestRunner.java:464) [.cp/:?]
	at org.eclipse.jdt.internal.junit.runner.RemoteTestRunner.main(RemoteTestRunner.java:210) [.cp/:?]
2020-03-07 22:41:26 [main] ERROR ParkingService:101 - Error fetching next available parking slot
java.lang.Exception: Error fetching parking number from DB. Parking slots might be full
	at com.parkit.parkingsystem.service.ParkingService.getNextParkingNumberIfAvailable(ParkingService.java:96) ~[classes/:?]
	at com.parkit.parkingsystem.service.ParkingService.processIncomingVehicle(ParkingService.java:33) ~[classes/:?]
	at com.parkit.parkingsystem.integration.ParkingDataBaseIT.testRecurrentVehicleReductionAvailable(ParkingDataBaseIT.java:97) ~[test-classes/:?]
	at sun.reflect.NativeMethodAccessorImpl.invoke0(Native Method) ~[?:1.8.0_131]
	at sun.reflect.NativeMethodAccessorImpl.invoke(NativeMethodAccessorImpl.java:62) ~[?:1.8.0_131]
	at sun.reflect.DelegatingMethodAccessorImpl.invoke(DelegatingMethodAccessorImpl.java:43) ~[?:1.8.0_131]
	at java.lang.reflect.Method.invoke(Method.java:498) ~[?:1.8.0_131]
	at org.junit.platform.commons.util.ReflectionUtils.invokeMethod(ReflectionUtils.java:686) ~[junit-platform-commons-1.6.0.jar:1.6.0]
	at org.junit.jupiter.engine.execution.MethodInvocation.proceed(MethodInvocation.java:60) ~[junit-jupiter-engine-5.6.0.jar:5.6.0]
	at org.junit.jupiter.engine.execution.InvocationInterceptorChain$ValidatingInvocation.proceed(InvocationInterceptorChain.java:131) ~[junit-jupiter-engine-5.6.0.jar:5.6.0]
	at org.junit.jupiter.engine.extension.TimeoutExtension.intercept(TimeoutExtension.java:149) ~[junit-jupiter-engine-5.6.0.jar:5.6.0]
	at org.junit.jupiter.engine.extension.TimeoutExtension.interceptTestableMethod(TimeoutExtension.java:140) ~[junit-jupiter-engine-5.6.0.jar:5.6.0]
	at org.junit.jupiter.engine.extension.TimeoutExtension.interceptTestMethod(TimeoutExtension.java:84) ~[junit-jupiter-engine-5.6.0.jar:5.6.0]
	at org.junit.jupiter.engine.execution.ExecutableInvoker$ReflectiveInterceptorCall.lambda$ofVoidMethod$0(ExecutableInvoker.java:115) ~[junit-jupiter-engine-5.6.0.jar:5.6.0]
	at org.junit.jupiter.engine.execution.ExecutableInvoker.lambda$invoke$0(ExecutableInvoker.java:105) ~[junit-jupiter-engine-5.6.0.jar:5.6.0]
	at org.junit.jupiter.engine.execution.InvocationInterceptorChain$InterceptedInvocation.proceed(InvocationInterceptorChain.java:106) ~[junit-jupiter-engine-5.6.0.jar:5.6.0]
	at org.junit.jupiter.engine.execution.InvocationInterceptorChain.proceed(InvocationInterceptorChain.java:64) ~[junit-jupiter-engine-5.6.0.jar:5.6.0]
	at org.junit.jupiter.engine.execution.InvocationInterceptorChain.chainAndInvoke(InvocationInterceptorChain.java:45) ~[junit-jupiter-engine-5.6.0.jar:5.6.0]
	at org.junit.jupiter.engine.execution.InvocationInterceptorChain.invoke(InvocationInterceptorChain.java:37) ~[junit-jupiter-engine-5.6.0.jar:5.6.0]
	at org.junit.jupiter.engine.execution.ExecutableInvoker.invoke(ExecutableInvoker.java:104) ~[junit-jupiter-engine-5.6.0.jar:5.6.0]
	at org.junit.jupiter.engine.execution.ExecutableInvoker.invoke(ExecutableInvoker.java:98) ~[junit-jupiter-engine-5.6.0.jar:5.6.0]
	at org.junit.jupiter.engine.descriptor.TestMethodTestDescriptor.lambda$invokeTestMethod$6(TestMethodTestDescriptor.java:205) ~[junit-jupiter-engine-5.6.0.jar:5.6.0]
	at org.junit.platform.engine.support.hierarchical.ThrowableCollector.execute(ThrowableCollector.java:73) ~[junit-platform-engine-1.6.0.jar:1.6.0]
	at org.junit.jupiter.engine.descriptor.TestMethodTestDescriptor.invokeTestMethod(TestMethodTestDescriptor.java:201) ~[junit-jupiter-engine-5.6.0.jar:5.6.0]
	at org.junit.jupiter.engine.descriptor.TestMethodTestDescriptor.execute(TestMethodTestDescriptor.java:137) ~[junit-jupiter-engine-5.6.0.jar:5.6.0]
	at org.junit.jupiter.engine.descriptor.TestMethodTestDescriptor.execute(TestMethodTestDescriptor.java:71) ~[junit-jupiter-engine-5.6.0.jar:5.6.0]
	at org.junit.platform.engine.support.hierarchical.NodeTestTask.lambda$executeRecursively$5(NodeTestTask.java:135) ~[junit-platform-engine-1.6.0.jar:1.6.0]
	at org.junit.platform.engine.support.hierarchical.ThrowableCollector.execute(ThrowableCollector.java:73) ~[junit-platform-engine-1.6.0.jar:1.6.0]
	at org.junit.platform.engine.support.hierarchical.NodeTestTask.lambda$executeRecursively$7(NodeTestTask.java:125) ~[junit-platform-engine-1.6.0.jar:1.6.0]
	at org.junit.platform.engine.support.hierarchical.Node.around(Node.java:135) ~[junit-platform-engine-1.6.0.jar:1.6.0]
	at org.junit.platform.engine.support.hierarchical.NodeTestTask.lambda$executeRecursively$8(NodeTestTask.java:123) ~[junit-platform-engine-1.6.0.jar:1.6.0]
	at org.junit.platform.engine.support.hierarchical.ThrowableCollector.execute(ThrowableCollector.java:73) ~[junit-platform-engine-1.6.0.jar:1.6.0]
	at org.junit.platform.engine.support.hierarchical.NodeTestTask.executeRecursively(NodeTestTask.java:122) ~[junit-platform-engine-1.6.0.jar:1.6.0]
	at org.junit.platform.engine.support.hierarchical.NodeTestTask.execute(NodeTestTask.java:80) ~[junit-platform-engine-1.6.0.jar:1.6.0]
	at java.util.ArrayList.forEach(ArrayList.java:1249) ~[?:1.8.0_131]
	at org.junit.platform.engine.support.hierarchical.SameThreadHierarchicalTestExecutorService.invokeAll(SameThreadHierarchicalTestExecutorService.java:38) ~[junit-platform-engine-1.6.0.jar:1.6.0]
	at org.junit.platform.engine.support.hierarchical.NodeTestTask.lambda$executeRecursively$5(NodeTestTask.java:139) ~[junit-platform-engine-1.6.0.jar:1.6.0]
	at org.junit.platform.engine.support.hierarchical.ThrowableCollector.execute(ThrowableCollector.java:73) ~[junit-platform-engine-1.6.0.jar:1.6.0]
	at org.junit.platform.engine.support.hierarchical.NodeTestTask.lambda$executeRecursively$7(NodeTestTask.java:125) ~[junit-platform-engine-1.6.0.jar:1.6.0]
	at org.junit.platform.engine.support.hierarchical.Node.around(Node.java:135) ~[junit-platform-engine-1.6.0.jar:1.6.0]
	at org.junit.platform.engine.support.hierarchical.NodeTestTask.lambda$executeRecursively$8(NodeTestTask.java:123) ~[junit-platform-engine-1.6.0.jar:1.6.0]
	at org.junit.platform.engine.support.hierarchical.ThrowableCollector.execute(ThrowableCollector.java:73) ~[junit-platform-engine-1.6.0.jar:1.6.0]
	at org.junit.platform.engine.support.hierarchical.NodeTestTask.executeRecursively(NodeTestTask.java:122) ~[junit-platform-engine-1.6.0.jar:1.6.0]
	at org.junit.platform.engine.support.hierarchical.NodeTestTask.execute(NodeTestTask.java:80) ~[junit-platform-engine-1.6.0.jar:1.6.0]
	at java.util.ArrayList.forEach(ArrayList.java:1249) ~[?:1.8.0_131]
	at org.junit.platform.engine.support.hierarchical.SameThreadHierarchicalTestExecutorService.invokeAll(SameThreadHierarchicalTestExecutorService.java:38) ~[junit-platform-engine-1.6.0.jar:1.6.0]
	at org.junit.platform.engine.support.hierarchical.NodeTestTask.lambda$executeRecursively$5(NodeTestTask.java:139) ~[junit-platform-engine-1.6.0.jar:1.6.0]
	at org.junit.platform.engine.support.hierarchical.ThrowableCollector.execute(ThrowableCollector.java:73) ~[junit-platform-engine-1.6.0.jar:1.6.0]
	at org.junit.platform.engine.support.hierarchical.NodeTestTask.lambda$executeRecursively$7(NodeTestTask.java:125) ~[junit-platform-engine-1.6.0.jar:1.6.0]
	at org.junit.platform.engine.support.hierarchical.Node.around(Node.java:135) ~[junit-platform-engine-1.6.0.jar:1.6.0]
	at org.junit.platform.engine.support.hierarchical.NodeTestTask.lambda$executeRecursively$8(NodeTestTask.java:123) ~[junit-platform-engine-1.6.0.jar:1.6.0]
	at org.junit.platform.engine.support.hierarchical.ThrowableCollector.execute(ThrowableCollector.java:73) ~[junit-platform-engine-1.6.0.jar:1.6.0]
	at org.junit.platform.engine.support.hierarchical.NodeTestTask.executeRecursively(NodeTestTask.java:122) ~[junit-platform-engine-1.6.0.jar:1.6.0]
	at org.junit.platform.engine.support.hierarchical.NodeTestTask.execute(NodeTestTask.java:80) ~[junit-platform-engine-1.6.0.jar:1.6.0]
	at org.junit.platform.engine.support.hierarchical.SameThreadHierarchicalTestExecutorService.submit(SameThreadHierarchicalTestExecutorService.java:32) ~[junit-platform-engine-1.6.0.jar:1.6.0]
	at org.junit.platform.engine.support.hierarchical.HierarchicalTestExecutor.execute(HierarchicalTestExecutor.java:57) ~[junit-platform-engine-1.6.0.jar:1.6.0]
	at org.junit.platform.engine.support.hierarchical.HierarchicalTestEngine.execute(HierarchicalTestEngine.java:51) ~[junit-platform-engine-1.6.0.jar:1.6.0]
	at org.junit.platform.launcher.core.DefaultLauncher.execute(DefaultLauncher.java:229) ~[.cp/:?]
	at org.junit.platform.launcher.core.DefaultLauncher.lambda$execute$6(DefaultLauncher.java:197) ~[.cp/:?]
	at org.junit.platform.launcher.core.DefaultLauncher.withInterceptedStreams(DefaultLauncher.java:211) [.cp/:?]
	at org.junit.platform.launcher.core.DefaultLauncher.execute(DefaultLauncher.java:191) [.cp/:?]
	at org.junit.platform.launcher.core.DefaultLauncher.execute(DefaultLauncher.java:137) [.cp/:?]
	at org.eclipse.jdt.internal.junit5.runner.JUnit5TestReference.run(JUnit5TestReference.java:89) [.cp/:?]
	at org.eclipse.jdt.internal.junit.runner.TestExecution.run(TestExecution.java:41) [.cp/:?]
	at org.eclipse.jdt.internal.junit.runner.RemoteTestRunner.runTests(RemoteTestRunner.java:542) [.cp/:?]
	at org.eclipse.jdt.internal.junit.runner.RemoteTestRunner.runTests(RemoteTestRunner.java:770) [.cp/:?]
	at org.eclipse.jdt.internal.junit.runner.RemoteTestRunner.run(RemoteTestRunner.java:464) [.cp/:?]
	at org.eclipse.jdt.internal.junit.runner.RemoteTestRunner.main(RemoteTestRunner.java:210) [.cp/:?]
2020-03-07 22:41:27 [main] INFO  DataBaseTestConfig:21 - Create DB connection
2020-03-07 22:41:27 [main] ERROR TicketDAO:83 - Error fetching next available slot
java.sql.SQLException: Access denied for user ''@'localhost' (using password: NO)
	at com.mysql.cj.jdbc.exceptions.SQLError.createSQLException(SQLError.java:129) ~[mysql-connector-java-8.0.17.jar:8.0.17]
	at com.mysql.cj.jdbc.exceptions.SQLError.createSQLException(SQLError.java:97) ~[mysql-connector-java-8.0.17.jar:8.0.17]
	at com.mysql.cj.jdbc.exceptions.SQLExceptionsMapping.translateException(SQLExceptionsMapping.java:122) ~[mysql-connector-java-8.0.17.jar:8.0.17]
	at com.mysql.cj.jdbc.ConnectionImpl.createNewIO(ConnectionImpl.java:827) ~[mysql-connector-java-8.0.17.jar:8.0.17]
	at com.mysql.cj.jdbc.ConnectionImpl.<init>(ConnectionImpl.java:447) ~[mysql-connector-java-8.0.17.jar:8.0.17]
	at com.mysql.cj.jdbc.ConnectionImpl.getInstance(ConnectionImpl.java:237) ~[mysql-connector-java-8.0.17.jar:8.0.17]
	at com.mysql.cj.jdbc.NonRegisteringDriver.connect(NonRegisteringDriver.java:199) ~[mysql-connector-java-8.0.17.jar:8.0.17]
	at java.sql.DriverManager.getConnection(DriverManager.java:664) ~[?:1.8.0_131]
	at java.sql.DriverManager.getConnection(DriverManager.java:247) ~[?:1.8.0_131]
	at com.parkit.parkingsystem.integration.config.DataBaseTestConfig.getConnection(DataBaseTestConfig.java:33) ~[test-classes/:?]
	at com.parkit.parkingsystem.dao.TicketDAO.getTicket(TicketDAO.java:67) ~[classes/:?]
	at com.parkit.parkingsystem.service.ParkingService.processExitingVehicle(ParkingService.java:62) ~[classes/:?]
	at com.parkit.parkingsystem.integration.ParkingDataBaseIT.testRecurrentVehicleReductionAvailable(ParkingDataBaseIT.java:99) ~[test-classes/:?]
	at sun.reflect.NativeMethodAccessorImpl.invoke0(Native Method) ~[?:1.8.0_131]
	at sun.reflect.NativeMethodAccessorImpl.invoke(NativeMethodAccessorImpl.java:62) ~[?:1.8.0_131]
	at sun.reflect.DelegatingMethodAccessorImpl.invoke(DelegatingMethodAccessorImpl.java:43) ~[?:1.8.0_131]
	at java.lang.reflect.Method.invoke(Method.java:498) ~[?:1.8.0_131]
	at org.junit.platform.commons.util.ReflectionUtils.invokeMethod(ReflectionUtils.java:686) ~[junit-platform-commons-1.6.0.jar:1.6.0]
	at org.junit.jupiter.engine.execution.MethodInvocation.proceed(MethodInvocation.java:60) ~[junit-jupiter-engine-5.6.0.jar:5.6.0]
	at org.junit.jupiter.engine.execution.InvocationInterceptorChain$ValidatingInvocation.proceed(InvocationInterceptorChain.java:131) ~[junit-jupiter-engine-5.6.0.jar:5.6.0]
	at org.junit.jupiter.engine.extension.TimeoutExtension.intercept(TimeoutExtension.java:149) ~[junit-jupiter-engine-5.6.0.jar:5.6.0]
	at org.junit.jupiter.engine.extension.TimeoutExtension.interceptTestableMethod(TimeoutExtension.java:140) ~[junit-jupiter-engine-5.6.0.jar:5.6.0]
	at org.junit.jupiter.engine.extension.TimeoutExtension.interceptTestMethod(TimeoutExtension.java:84) ~[junit-jupiter-engine-5.6.0.jar:5.6.0]
	at org.junit.jupiter.engine.execution.ExecutableInvoker$ReflectiveInterceptorCall.lambda$ofVoidMethod$0(ExecutableInvoker.java:115) ~[junit-jupiter-engine-5.6.0.jar:5.6.0]
	at org.junit.jupiter.engine.execution.ExecutableInvoker.lambda$invoke$0(ExecutableInvoker.java:105) ~[junit-jupiter-engine-5.6.0.jar:5.6.0]
	at org.junit.jupiter.engine.execution.InvocationInterceptorChain$InterceptedInvocation.proceed(InvocationInterceptorChain.java:106) ~[junit-jupiter-engine-5.6.0.jar:5.6.0]
	at org.junit.jupiter.engine.execution.InvocationInterceptorChain.proceed(InvocationInterceptorChain.java:64) ~[junit-jupiter-engine-5.6.0.jar:5.6.0]
	at org.junit.jupiter.engine.execution.InvocationInterceptorChain.chainAndInvoke(InvocationInterceptorChain.java:45) ~[junit-jupiter-engine-5.6.0.jar:5.6.0]
	at org.junit.jupiter.engine.execution.InvocationInterceptorChain.invoke(InvocationInterceptorChain.java:37) ~[junit-jupiter-engine-5.6.0.jar:5.6.0]
	at org.junit.jupiter.engine.execution.ExecutableInvoker.invoke(ExecutableInvoker.java:104) ~[junit-jupiter-engine-5.6.0.jar:5.6.0]
	at org.junit.jupiter.engine.execution.ExecutableInvoker.invoke(ExecutableInvoker.java:98) ~[junit-jupiter-engine-5.6.0.jar:5.6.0]
	at org.junit.jupiter.engine.descriptor.TestMethodTestDescriptor.lambda$invokeTestMethod$6(TestMethodTestDescriptor.java:205) ~[junit-jupiter-engine-5.6.0.jar:5.6.0]
	at org.junit.platform.engine.support.hierarchical.ThrowableCollector.execute(ThrowableCollector.java:73) ~[junit-platform-engine-1.6.0.jar:1.6.0]
	at org.junit.jupiter.engine.descriptor.TestMethodTestDescriptor.invokeTestMethod(TestMethodTestDescriptor.java:201) ~[junit-jupiter-engine-5.6.0.jar:5.6.0]
	at org.junit.jupiter.engine.descriptor.TestMethodTestDescriptor.execute(TestMethodTestDescriptor.java:137) ~[junit-jupiter-engine-5.6.0.jar:5.6.0]
	at org.junit.jupiter.engine.descriptor.TestMethodTestDescriptor.execute(TestMethodTestDescriptor.java:71) ~[junit-jupiter-engine-5.6.0.jar:5.6.0]
	at org.junit.platform.engine.support.hierarchical.NodeTestTask.lambda$executeRecursively$5(NodeTestTask.java:135) ~[junit-platform-engine-1.6.0.jar:1.6.0]
	at org.junit.platform.engine.support.hierarchical.ThrowableCollector.execute(ThrowableCollector.java:73) ~[junit-platform-engine-1.6.0.jar:1.6.0]
	at org.junit.platform.engine.support.hierarchical.NodeTestTask.lambda$executeRecursively$7(NodeTestTask.java:125) ~[junit-platform-engine-1.6.0.jar:1.6.0]
	at org.junit.platform.engine.support.hierarchical.Node.around(Node.java:135) ~[junit-platform-engine-1.6.0.jar:1.6.0]
	at org.junit.platform.engine.support.hierarchical.NodeTestTask.lambda$executeRecursively$8(NodeTestTask.java:123) ~[junit-platform-engine-1.6.0.jar:1.6.0]
	at org.junit.platform.engine.support.hierarchical.ThrowableCollector.execute(ThrowableCollector.java:73) ~[junit-platform-engine-1.6.0.jar:1.6.0]
	at org.junit.platform.engine.support.hierarchical.NodeTestTask.executeRecursively(NodeTestTask.java:122) ~[junit-platform-engine-1.6.0.jar:1.6.0]
	at org.junit.platform.engine.support.hierarchical.NodeTestTask.execute(NodeTestTask.java:80) ~[junit-platform-engine-1.6.0.jar:1.6.0]
	at java.util.ArrayList.forEach(ArrayList.java:1249) ~[?:1.8.0_131]
	at org.junit.platform.engine.support.hierarchical.SameThreadHierarchicalTestExecutorService.invokeAll(SameThreadHierarchicalTestExecutorService.java:38) ~[junit-platform-engine-1.6.0.jar:1.6.0]
	at org.junit.platform.engine.support.hierarchical.NodeTestTask.lambda$executeRecursively$5(NodeTestTask.java:139) ~[junit-platform-engine-1.6.0.jar:1.6.0]
	at org.junit.platform.engine.support.hierarchical.ThrowableCollector.execute(ThrowableCollector.java:73) ~[junit-platform-engine-1.6.0.jar:1.6.0]
	at org.junit.platform.engine.support.hierarchical.NodeTestTask.lambda$executeRecursively$7(NodeTestTask.java:125) ~[junit-platform-engine-1.6.0.jar:1.6.0]
	at org.junit.platform.engine.support.hierarchical.Node.around(Node.java:135) ~[junit-platform-engine-1.6.0.jar:1.6.0]
	at org.junit.platform.engine.support.hierarchical.NodeTestTask.lambda$executeRecursively$8(NodeTestTask.java:123) ~[junit-platform-engine-1.6.0.jar:1.6.0]
	at org.junit.platform.engine.support.hierarchical.ThrowableCollector.execute(ThrowableCollector.java:73) ~[junit-platform-engine-1.6.0.jar:1.6.0]
	at org.junit.platform.engine.support.hierarchical.NodeTestTask.executeRecursively(NodeTestTask.java:122) ~[junit-platform-engine-1.6.0.jar:1.6.0]
	at org.junit.platform.engine.support.hierarchical.NodeTestTask.execute(NodeTestTask.java:80) ~[junit-platform-engine-1.6.0.jar:1.6.0]
	at java.util.ArrayList.forEach(ArrayList.java:1249) ~[?:1.8.0_131]
	at org.junit.platform.engine.support.hierarchical.SameThreadHierarchicalTestExecutorService.invokeAll(SameThreadHierarchicalTestExecutorService.java:38) ~[junit-platform-engine-1.6.0.jar:1.6.0]
	at org.junit.platform.engine.support.hierarchical.NodeTestTask.lambda$executeRecursively$5(NodeTestTask.java:139) ~[junit-platform-engine-1.6.0.jar:1.6.0]
	at org.junit.platform.engine.support.hierarchical.ThrowableCollector.execute(ThrowableCollector.java:73) ~[junit-platform-engine-1.6.0.jar:1.6.0]
	at org.junit.platform.engine.support.hierarchical.NodeTestTask.lambda$executeRecursively$7(NodeTestTask.java:125) ~[junit-platform-engine-1.6.0.jar:1.6.0]
	at org.junit.platform.engine.support.hierarchical.Node.around(Node.java:135) ~[junit-platform-engine-1.6.0.jar:1.6.0]
	at org.junit.platform.engine.support.hierarchical.NodeTestTask.lambda$executeRecursively$8(NodeTestTask.java:123) ~[junit-platform-engine-1.6.0.jar:1.6.0]
	at org.junit.platform.engine.support.hierarchical.ThrowableCollector.execute(ThrowableCollector.java:73) ~[junit-platform-engine-1.6.0.jar:1.6.0]
	at org.junit.platform.engine.support.hierarchical.NodeTestTask.executeRecursively(NodeTestTask.java:122) ~[junit-platform-engine-1.6.0.jar:1.6.0]
	at org.junit.platform.engine.support.hierarchical.NodeTestTask.execute(NodeTestTask.java:80) ~[junit-platform-engine-1.6.0.jar:1.6.0]
	at org.junit.platform.engine.support.hierarchical.SameThreadHierarchicalTestExecutorService.submit(SameThreadHierarchicalTestExecutorService.java:32) ~[junit-platform-engine-1.6.0.jar:1.6.0]
	at org.junit.platform.engine.support.hierarchical.HierarchicalTestExecutor.execute(HierarchicalTestExecutor.java:57) ~[junit-platform-engine-1.6.0.jar:1.6.0]
	at org.junit.platform.engine.support.hierarchical.HierarchicalTestEngine.execute(HierarchicalTestEngine.java:51) ~[junit-platform-engine-1.6.0.jar:1.6.0]
	at org.junit.platform.launcher.core.DefaultLauncher.execute(DefaultLauncher.java:229) ~[.cp/:?]
	at org.junit.platform.launcher.core.DefaultLauncher.lambda$execute$6(DefaultLauncher.java:197) ~[.cp/:?]
	at org.junit.platform.launcher.core.DefaultLauncher.withInterceptedStreams(DefaultLauncher.java:211) [.cp/:?]
	at org.junit.platform.launcher.core.DefaultLauncher.execute(DefaultLauncher.java:191) [.cp/:?]
	at org.junit.platform.launcher.core.DefaultLauncher.execute(DefaultLauncher.java:137) [.cp/:?]
	at org.eclipse.jdt.internal.junit5.runner.JUnit5TestReference.run(JUnit5TestReference.java:89) [.cp/:?]
	at org.eclipse.jdt.internal.junit.runner.TestExecution.run(TestExecution.java:41) [.cp/:?]
	at org.eclipse.jdt.internal.junit.runner.RemoteTestRunner.runTests(RemoteTestRunner.java:542) [.cp/:?]
	at org.eclipse.jdt.internal.junit.runner.RemoteTestRunner.runTests(RemoteTestRunner.java:770) [.cp/:?]
	at org.eclipse.jdt.internal.junit.runner.RemoteTestRunner.run(RemoteTestRunner.java:464) [.cp/:?]
	at org.eclipse.jdt.internal.junit.runner.RemoteTestRunner.main(RemoteTestRunner.java:210) [.cp/:?]
2020-03-07 22:41:27 [main] ERROR ParkingService:77 - Unable to process exiting vehicle
java.lang.NullPointerException: null
	at com.parkit.parkingsystem.service.ParkingService.processExitingVehicle(ParkingService.java:64) ~[classes/:?]
	at com.parkit.parkingsystem.integration.ParkingDataBaseIT.testRecurrentVehicleReductionAvailable(ParkingDataBaseIT.java:99) ~[test-classes/:?]
	at sun.reflect.NativeMethodAccessorImpl.invoke0(Native Method) ~[?:1.8.0_131]
	at sun.reflect.NativeMethodAccessorImpl.invoke(NativeMethodAccessorImpl.java:62) ~[?:1.8.0_131]
	at sun.reflect.DelegatingMethodAccessorImpl.invoke(DelegatingMethodAccessorImpl.java:43) ~[?:1.8.0_131]
	at java.lang.reflect.Method.invoke(Method.java:498) ~[?:1.8.0_131]
	at org.junit.platform.commons.util.ReflectionUtils.invokeMethod(ReflectionUtils.java:686) ~[junit-platform-commons-1.6.0.jar:1.6.0]
	at org.junit.jupiter.engine.execution.MethodInvocation.proceed(MethodInvocation.java:60) ~[junit-jupiter-engine-5.6.0.jar:5.6.0]
	at org.junit.jupiter.engine.execution.InvocationInterceptorChain$ValidatingInvocation.proceed(InvocationInterceptorChain.java:131) ~[junit-jupiter-engine-5.6.0.jar:5.6.0]
	at org.junit.jupiter.engine.extension.TimeoutExtension.intercept(TimeoutExtension.java:149) ~[junit-jupiter-engine-5.6.0.jar:5.6.0]
	at org.junit.jupiter.engine.extension.TimeoutExtension.interceptTestableMethod(TimeoutExtension.java:140) ~[junit-jupiter-engine-5.6.0.jar:5.6.0]
	at org.junit.jupiter.engine.extension.TimeoutExtension.interceptTestMethod(TimeoutExtension.java:84) ~[junit-jupiter-engine-5.6.0.jar:5.6.0]
	at org.junit.jupiter.engine.execution.ExecutableInvoker$ReflectiveInterceptorCall.lambda$ofVoidMethod$0(ExecutableInvoker.java:115) ~[junit-jupiter-engine-5.6.0.jar:5.6.0]
	at org.junit.jupiter.engine.execution.ExecutableInvoker.lambda$invoke$0(ExecutableInvoker.java:105) ~[junit-jupiter-engine-5.6.0.jar:5.6.0]
	at org.junit.jupiter.engine.execution.InvocationInterceptorChain$InterceptedInvocation.proceed(InvocationInterceptorChain.java:106) ~[junit-jupiter-engine-5.6.0.jar:5.6.0]
	at org.junit.jupiter.engine.execution.InvocationInterceptorChain.proceed(InvocationInterceptorChain.java:64) ~[junit-jupiter-engine-5.6.0.jar:5.6.0]
	at org.junit.jupiter.engine.execution.InvocationInterceptorChain.chainAndInvoke(InvocationInterceptorChain.java:45) ~[junit-jupiter-engine-5.6.0.jar:5.6.0]
	at org.junit.jupiter.engine.execution.InvocationInterceptorChain.invoke(InvocationInterceptorChain.java:37) ~[junit-jupiter-engine-5.6.0.jar:5.6.0]
	at org.junit.jupiter.engine.execution.ExecutableInvoker.invoke(ExecutableInvoker.java:104) ~[junit-jupiter-engine-5.6.0.jar:5.6.0]
	at org.junit.jupiter.engine.execution.ExecutableInvoker.invoke(ExecutableInvoker.java:98) ~[junit-jupiter-engine-5.6.0.jar:5.6.0]
	at org.junit.jupiter.engine.descriptor.TestMethodTestDescriptor.lambda$invokeTestMethod$6(TestMethodTestDescriptor.java:205) ~[junit-jupiter-engine-5.6.0.jar:5.6.0]
	at org.junit.platform.engine.support.hierarchical.ThrowableCollector.execute(ThrowableCollector.java:73) ~[junit-platform-engine-1.6.0.jar:1.6.0]
	at org.junit.jupiter.engine.descriptor.TestMethodTestDescriptor.invokeTestMethod(TestMethodTestDescriptor.java:201) ~[junit-jupiter-engine-5.6.0.jar:5.6.0]
	at org.junit.jupiter.engine.descriptor.TestMethodTestDescriptor.execute(TestMethodTestDescriptor.java:137) ~[junit-jupiter-engine-5.6.0.jar:5.6.0]
	at org.junit.jupiter.engine.descriptor.TestMethodTestDescriptor.execute(TestMethodTestDescriptor.java:71) ~[junit-jupiter-engine-5.6.0.jar:5.6.0]
	at org.junit.platform.engine.support.hierarchical.NodeTestTask.lambda$executeRecursively$5(NodeTestTask.java:135) ~[junit-platform-engine-1.6.0.jar:1.6.0]
	at org.junit.platform.engine.support.hierarchical.ThrowableCollector.execute(ThrowableCollector.java:73) ~[junit-platform-engine-1.6.0.jar:1.6.0]
	at org.junit.platform.engine.support.hierarchical.NodeTestTask.lambda$executeRecursively$7(NodeTestTask.java:125) ~[junit-platform-engine-1.6.0.jar:1.6.0]
	at org.junit.platform.engine.support.hierarchical.Node.around(Node.java:135) ~[junit-platform-engine-1.6.0.jar:1.6.0]
	at org.junit.platform.engine.support.hierarchical.NodeTestTask.lambda$executeRecursively$8(NodeTestTask.java:123) ~[junit-platform-engine-1.6.0.jar:1.6.0]
	at org.junit.platform.engine.support.hierarchical.ThrowableCollector.execute(ThrowableCollector.java:73) ~[junit-platform-engine-1.6.0.jar:1.6.0]
	at org.junit.platform.engine.support.hierarchical.NodeTestTask.executeRecursively(NodeTestTask.java:122) ~[junit-platform-engine-1.6.0.jar:1.6.0]
	at org.junit.platform.engine.support.hierarchical.NodeTestTask.execute(NodeTestTask.java:80) ~[junit-platform-engine-1.6.0.jar:1.6.0]
	at java.util.ArrayList.forEach(ArrayList.java:1249) ~[?:1.8.0_131]
	at org.junit.platform.engine.support.hierarchical.SameThreadHierarchicalTestExecutorService.invokeAll(SameThreadHierarchicalTestExecutorService.java:38) ~[junit-platform-engine-1.6.0.jar:1.6.0]
	at org.junit.platform.engine.support.hierarchical.NodeTestTask.lambda$executeRecursively$5(NodeTestTask.java:139) ~[junit-platform-engine-1.6.0.jar:1.6.0]
	at org.junit.platform.engine.support.hierarchical.ThrowableCollector.execute(ThrowableCollector.java:73) ~[junit-platform-engine-1.6.0.jar:1.6.0]
	at org.junit.platform.engine.support.hierarchical.NodeTestTask.lambda$executeRecursively$7(NodeTestTask.java:125) ~[junit-platform-engine-1.6.0.jar:1.6.0]
	at org.junit.platform.engine.support.hierarchical.Node.around(Node.java:135) ~[junit-platform-engine-1.6.0.jar:1.6.0]
	at org.junit.platform.engine.support.hierarchical.NodeTestTask.lambda$executeRecursively$8(NodeTestTask.java:123) ~[junit-platform-engine-1.6.0.jar:1.6.0]
	at org.junit.platform.engine.support.hierarchical.ThrowableCollector.execute(ThrowableCollector.java:73) ~[junit-platform-engine-1.6.0.jar:1.6.0]
	at org.junit.platform.engine.support.hierarchical.NodeTestTask.executeRecursively(NodeTestTask.java:122) ~[junit-platform-engine-1.6.0.jar:1.6.0]
	at org.junit.platform.engine.support.hierarchical.NodeTestTask.execute(NodeTestTask.java:80) ~[junit-platform-engine-1.6.0.jar:1.6.0]
	at java.util.ArrayList.forEach(ArrayList.java:1249) ~[?:1.8.0_131]
	at org.junit.platform.engine.support.hierarchical.SameThreadHierarchicalTestExecutorService.invokeAll(SameThreadHierarchicalTestExecutorService.java:38) ~[junit-platform-engine-1.6.0.jar:1.6.0]
	at org.junit.platform.engine.support.hierarchical.NodeTestTask.lambda$executeRecursively$5(NodeTestTask.java:139) ~[junit-platform-engine-1.6.0.jar:1.6.0]
	at org.junit.platform.engine.support.hierarchical.ThrowableCollector.execute(ThrowableCollector.java:73) ~[junit-platform-engine-1.6.0.jar:1.6.0]
	at org.junit.platform.engine.support.hierarchical.NodeTestTask.lambda$executeRecursively$7(NodeTestTask.java:125) ~[junit-platform-engine-1.6.0.jar:1.6.0]
	at org.junit.platform.engine.support.hierarchical.Node.around(Node.java:135) ~[junit-platform-engine-1.6.0.jar:1.6.0]
	at org.junit.platform.engine.support.hierarchical.NodeTestTask.lambda$executeRecursively$8(NodeTestTask.java:123) ~[junit-platform-engine-1.6.0.jar:1.6.0]
	at org.junit.platform.engine.support.hierarchical.ThrowableCollector.execute(ThrowableCollector.java:73) ~[junit-platform-engine-1.6.0.jar:1.6.0]
	at org.junit.platform.engine.support.hierarchical.NodeTestTask.executeRecursively(NodeTestTask.java:122) ~[junit-platform-engine-1.6.0.jar:1.6.0]
	at org.junit.platform.engine.support.hierarchical.NodeTestTask.execute(NodeTestTask.java:80) ~[junit-platform-engine-1.6.0.jar:1.6.0]
	at org.junit.platform.engine.support.hierarchical.SameThreadHierarchicalTestExecutorService.submit(SameThreadHierarchicalTestExecutorService.java:32) ~[junit-platform-engine-1.6.0.jar:1.6.0]
	at org.junit.platform.engine.support.hierarchical.HierarchicalTestExecutor.execute(HierarchicalTestExecutor.java:57) ~[junit-platform-engine-1.6.0.jar:1.6.0]
	at org.junit.platform.engine.support.hierarchical.HierarchicalTestEngine.execute(HierarchicalTestEngine.java:51) ~[junit-platform-engine-1.6.0.jar:1.6.0]
	at org.junit.platform.launcher.core.DefaultLauncher.execute(DefaultLauncher.java:229) ~[.cp/:?]
	at org.junit.platform.launcher.core.DefaultLauncher.lambda$execute$6(DefaultLauncher.java:197) ~[.cp/:?]
	at org.junit.platform.launcher.core.DefaultLauncher.withInterceptedStreams(DefaultLauncher.java:211) [.cp/:?]
	at org.junit.platform.launcher.core.DefaultLauncher.execute(DefaultLauncher.java:191) [.cp/:?]
	at org.junit.platform.launcher.core.DefaultLauncher.execute(DefaultLauncher.java:137) [.cp/:?]
	at org.eclipse.jdt.internal.junit5.runner.JUnit5TestReference.run(JUnit5TestReference.java:89) [.cp/:?]
	at org.eclipse.jdt.internal.junit.runner.TestExecution.run(TestExecution.java:41) [.cp/:?]
	at org.eclipse.jdt.internal.junit.runner.RemoteTestRunner.runTests(RemoteTestRunner.java:542) [.cp/:?]
	at org.eclipse.jdt.internal.junit.runner.RemoteTestRunner.runTests(RemoteTestRunner.java:770) [.cp/:?]
	at org.eclipse.jdt.internal.junit.runner.RemoteTestRunner.run(RemoteTestRunner.java:464) [.cp/:?]
	at org.eclipse.jdt.internal.junit.runner.RemoteTestRunner.main(RemoteTestRunner.java:210) [.cp/:?]
2020-03-07 22:41:27 [main] INFO  DataBaseTestConfig:21 - Create DB connection
2020-03-07 22:41:27 [main] INFO  DataBaseTestConfig:21 - Create DB connection
2020-03-07 22:41:27 [main] INFO  DataBaseTestConfig:21 - Create DB connection
2020-03-07 22:41:27 [main] ERROR ParkingSpotDAO:45 - Error fetching next available slot
java.sql.SQLException: Access denied for user ''@'localhost' (using password: NO)
	at com.mysql.cj.jdbc.exceptions.SQLError.createSQLException(SQLError.java:129) ~[mysql-connector-java-8.0.17.jar:8.0.17]
	at com.mysql.cj.jdbc.exceptions.SQLError.createSQLException(SQLError.java:97) ~[mysql-connector-java-8.0.17.jar:8.0.17]
	at com.mysql.cj.jdbc.exceptions.SQLExceptionsMapping.translateException(SQLExceptionsMapping.java:122) ~[mysql-connector-java-8.0.17.jar:8.0.17]
	at com.mysql.cj.jdbc.ConnectionImpl.createNewIO(ConnectionImpl.java:827) ~[mysql-connector-java-8.0.17.jar:8.0.17]
	at com.mysql.cj.jdbc.ConnectionImpl.<init>(ConnectionImpl.java:447) ~[mysql-connector-java-8.0.17.jar:8.0.17]
	at com.mysql.cj.jdbc.ConnectionImpl.getInstance(ConnectionImpl.java:237) ~[mysql-connector-java-8.0.17.jar:8.0.17]
	at com.mysql.cj.jdbc.NonRegisteringDriver.connect(NonRegisteringDriver.java:199) ~[mysql-connector-java-8.0.17.jar:8.0.17]
	at java.sql.DriverManager.getConnection(DriverManager.java:664) ~[?:1.8.0_131]
	at java.sql.DriverManager.getConnection(DriverManager.java:247) ~[?:1.8.0_131]
	at com.parkit.parkingsystem.integration.config.DataBaseTestConfig.getConnection(DataBaseTestConfig.java:33) ~[test-classes/:?]
	at com.parkit.parkingsystem.dao.ParkingSpotDAO.getNextAvailableSlot(ParkingSpotDAO.java:35) ~[classes/:?]
	at com.parkit.parkingsystem.service.ParkingService.getNextParkingNumberIfAvailable(ParkingService.java:92) ~[classes/:?]
	at com.parkit.parkingsystem.service.ParkingService.processIncomingVehicle(ParkingService.java:33) ~[classes/:?]
	at com.parkit.parkingsystem.integration.ParkingDataBaseIT.testParkingLotExit(ParkingDataBaseIT.java:78) ~[test-classes/:?]
	at sun.reflect.NativeMethodAccessorImpl.invoke0(Native Method) ~[?:1.8.0_131]
	at sun.reflect.NativeMethodAccessorImpl.invoke(NativeMethodAccessorImpl.java:62) ~[?:1.8.0_131]
	at sun.reflect.DelegatingMethodAccessorImpl.invoke(DelegatingMethodAccessorImpl.java:43) ~[?:1.8.0_131]
	at java.lang.reflect.Method.invoke(Method.java:498) ~[?:1.8.0_131]
	at org.junit.platform.commons.util.ReflectionUtils.invokeMethod(ReflectionUtils.java:686) ~[junit-platform-commons-1.6.0.jar:1.6.0]
	at org.junit.jupiter.engine.execution.MethodInvocation.proceed(MethodInvocation.java:60) ~[junit-jupiter-engine-5.6.0.jar:5.6.0]
	at org.junit.jupiter.engine.execution.InvocationInterceptorChain$ValidatingInvocation.proceed(InvocationInterceptorChain.java:131) ~[junit-jupiter-engine-5.6.0.jar:5.6.0]
	at org.junit.jupiter.engine.extension.TimeoutExtension.intercept(TimeoutExtension.java:149) ~[junit-jupiter-engine-5.6.0.jar:5.6.0]
	at org.junit.jupiter.engine.extension.TimeoutExtension.interceptTestableMethod(TimeoutExtension.java:140) ~[junit-jupiter-engine-5.6.0.jar:5.6.0]
	at org.junit.jupiter.engine.extension.TimeoutExtension.interceptTestMethod(TimeoutExtension.java:84) ~[junit-jupiter-engine-5.6.0.jar:5.6.0]
	at org.junit.jupiter.engine.execution.ExecutableInvoker$ReflectiveInterceptorCall.lambda$ofVoidMethod$0(ExecutableInvoker.java:115) ~[junit-jupiter-engine-5.6.0.jar:5.6.0]
	at org.junit.jupiter.engine.execution.ExecutableInvoker.lambda$invoke$0(ExecutableInvoker.java:105) ~[junit-jupiter-engine-5.6.0.jar:5.6.0]
	at org.junit.jupiter.engine.execution.InvocationInterceptorChain$InterceptedInvocation.proceed(InvocationInterceptorChain.java:106) ~[junit-jupiter-engine-5.6.0.jar:5.6.0]
	at org.junit.jupiter.engine.execution.InvocationInterceptorChain.proceed(InvocationInterceptorChain.java:64) ~[junit-jupiter-engine-5.6.0.jar:5.6.0]
	at org.junit.jupiter.engine.execution.InvocationInterceptorChain.chainAndInvoke(InvocationInterceptorChain.java:45) ~[junit-jupiter-engine-5.6.0.jar:5.6.0]
	at org.junit.jupiter.engine.execution.InvocationInterceptorChain.invoke(InvocationInterceptorChain.java:37) ~[junit-jupiter-engine-5.6.0.jar:5.6.0]
	at org.junit.jupiter.engine.execution.ExecutableInvoker.invoke(ExecutableInvoker.java:104) ~[junit-jupiter-engine-5.6.0.jar:5.6.0]
	at org.junit.jupiter.engine.execution.ExecutableInvoker.invoke(ExecutableInvoker.java:98) ~[junit-jupiter-engine-5.6.0.jar:5.6.0]
	at org.junit.jupiter.engine.descriptor.TestMethodTestDescriptor.lambda$invokeTestMethod$6(TestMethodTestDescriptor.java:205) ~[junit-jupiter-engine-5.6.0.jar:5.6.0]
	at org.junit.platform.engine.support.hierarchical.ThrowableCollector.execute(ThrowableCollector.java:73) ~[junit-platform-engine-1.6.0.jar:1.6.0]
	at org.junit.jupiter.engine.descriptor.TestMethodTestDescriptor.invokeTestMethod(TestMethodTestDescriptor.java:201) ~[junit-jupiter-engine-5.6.0.jar:5.6.0]
	at org.junit.jupiter.engine.descriptor.TestMethodTestDescriptor.execute(TestMethodTestDescriptor.java:137) ~[junit-jupiter-engine-5.6.0.jar:5.6.0]
	at org.junit.jupiter.engine.descriptor.TestMethodTestDescriptor.execute(TestMethodTestDescriptor.java:71) ~[junit-jupiter-engine-5.6.0.jar:5.6.0]
	at org.junit.platform.engine.support.hierarchical.NodeTestTask.lambda$executeRecursively$5(NodeTestTask.java:135) ~[junit-platform-engine-1.6.0.jar:1.6.0]
	at org.junit.platform.engine.support.hierarchical.ThrowableCollector.execute(ThrowableCollector.java:73) ~[junit-platform-engine-1.6.0.jar:1.6.0]
	at org.junit.platform.engine.support.hierarchical.NodeTestTask.lambda$executeRecursively$7(NodeTestTask.java:125) ~[junit-platform-engine-1.6.0.jar:1.6.0]
	at org.junit.platform.engine.support.hierarchical.Node.around(Node.java:135) ~[junit-platform-engine-1.6.0.jar:1.6.0]
	at org.junit.platform.engine.support.hierarchical.NodeTestTask.lambda$executeRecursively$8(NodeTestTask.java:123) ~[junit-platform-engine-1.6.0.jar:1.6.0]
	at org.junit.platform.engine.support.hierarchical.ThrowableCollector.execute(ThrowableCollector.java:73) ~[junit-platform-engine-1.6.0.jar:1.6.0]
	at org.junit.platform.engine.support.hierarchical.NodeTestTask.executeRecursively(NodeTestTask.java:122) ~[junit-platform-engine-1.6.0.jar:1.6.0]
	at org.junit.platform.engine.support.hierarchical.NodeTestTask.execute(NodeTestTask.java:80) ~[junit-platform-engine-1.6.0.jar:1.6.0]
	at java.util.ArrayList.forEach(ArrayList.java:1249) ~[?:1.8.0_131]
	at org.junit.platform.engine.support.hierarchical.SameThreadHierarchicalTestExecutorService.invokeAll(SameThreadHierarchicalTestExecutorService.java:38) ~[junit-platform-engine-1.6.0.jar:1.6.0]
	at org.junit.platform.engine.support.hierarchical.NodeTestTask.lambda$executeRecursively$5(NodeTestTask.java:139) ~[junit-platform-engine-1.6.0.jar:1.6.0]
	at org.junit.platform.engine.support.hierarchical.ThrowableCollector.execute(ThrowableCollector.java:73) ~[junit-platform-engine-1.6.0.jar:1.6.0]
	at org.junit.platform.engine.support.hierarchical.NodeTestTask.lambda$executeRecursively$7(NodeTestTask.java:125) ~[junit-platform-engine-1.6.0.jar:1.6.0]
	at org.junit.platform.engine.support.hierarchical.Node.around(Node.java:135) ~[junit-platform-engine-1.6.0.jar:1.6.0]
	at org.junit.platform.engine.support.hierarchical.NodeTestTask.lambda$executeRecursively$8(NodeTestTask.java:123) ~[junit-platform-engine-1.6.0.jar:1.6.0]
	at org.junit.platform.engine.support.hierarchical.ThrowableCollector.execute(ThrowableCollector.java:73) ~[junit-platform-engine-1.6.0.jar:1.6.0]
	at org.junit.platform.engine.support.hierarchical.NodeTestTask.executeRecursively(NodeTestTask.java:122) ~[junit-platform-engine-1.6.0.jar:1.6.0]
	at org.junit.platform.engine.support.hierarchical.NodeTestTask.execute(NodeTestTask.java:80) ~[junit-platform-engine-1.6.0.jar:1.6.0]
	at java.util.ArrayList.forEach(ArrayList.java:1249) ~[?:1.8.0_131]
	at org.junit.platform.engine.support.hierarchical.SameThreadHierarchicalTestExecutorService.invokeAll(SameThreadHierarchicalTestExecutorService.java:38) ~[junit-platform-engine-1.6.0.jar:1.6.0]
	at org.junit.platform.engine.support.hierarchical.NodeTestTask.lambda$executeRecursively$5(NodeTestTask.java:139) ~[junit-platform-engine-1.6.0.jar:1.6.0]
	at org.junit.platform.engine.support.hierarchical.ThrowableCollector.execute(ThrowableCollector.java:73) ~[junit-platform-engine-1.6.0.jar:1.6.0]
	at org.junit.platform.engine.support.hierarchical.NodeTestTask.lambda$executeRecursively$7(NodeTestTask.java:125) ~[junit-platform-engine-1.6.0.jar:1.6.0]
	at org.junit.platform.engine.support.hierarchical.Node.around(Node.java:135) ~[junit-platform-engine-1.6.0.jar:1.6.0]
	at org.junit.platform.engine.support.hierarchical.NodeTestTask.lambda$executeRecursively$8(NodeTestTask.java:123) ~[junit-platform-engine-1.6.0.jar:1.6.0]
	at org.junit.platform.engine.support.hierarchical.ThrowableCollector.execute(ThrowableCollector.java:73) ~[junit-platform-engine-1.6.0.jar:1.6.0]
	at org.junit.platform.engine.support.hierarchical.NodeTestTask.executeRecursively(NodeTestTask.java:122) ~[junit-platform-engine-1.6.0.jar:1.6.0]
	at org.junit.platform.engine.support.hierarchical.NodeTestTask.execute(NodeTestTask.java:80) ~[junit-platform-engine-1.6.0.jar:1.6.0]
	at org.junit.platform.engine.support.hierarchical.SameThreadHierarchicalTestExecutorService.submit(SameThreadHierarchicalTestExecutorService.java:32) ~[junit-platform-engine-1.6.0.jar:1.6.0]
	at org.junit.platform.engine.support.hierarchical.HierarchicalTestExecutor.execute(HierarchicalTestExecutor.java:57) ~[junit-platform-engine-1.6.0.jar:1.6.0]
	at org.junit.platform.engine.support.hierarchical.HierarchicalTestEngine.execute(HierarchicalTestEngine.java:51) ~[junit-platform-engine-1.6.0.jar:1.6.0]
	at org.junit.platform.launcher.core.DefaultLauncher.execute(DefaultLauncher.java:229) ~[.cp/:?]
	at org.junit.platform.launcher.core.DefaultLauncher.lambda$execute$6(DefaultLauncher.java:197) ~[.cp/:?]
	at org.junit.platform.launcher.core.DefaultLauncher.withInterceptedStreams(DefaultLauncher.java:211) [.cp/:?]
	at org.junit.platform.launcher.core.DefaultLauncher.execute(DefaultLauncher.java:191) [.cp/:?]
	at org.junit.platform.launcher.core.DefaultLauncher.execute(DefaultLauncher.java:137) [.cp/:?]
	at org.eclipse.jdt.internal.junit5.runner.JUnit5TestReference.run(JUnit5TestReference.java:89) [.cp/:?]
	at org.eclipse.jdt.internal.junit.runner.TestExecution.run(TestExecution.java:41) [.cp/:?]
	at org.eclipse.jdt.internal.junit.runner.RemoteTestRunner.runTests(RemoteTestRunner.java:542) [.cp/:?]
	at org.eclipse.jdt.internal.junit.runner.RemoteTestRunner.runTests(RemoteTestRunner.java:770) [.cp/:?]
	at org.eclipse.jdt.internal.junit.runner.RemoteTestRunner.run(RemoteTestRunner.java:464) [.cp/:?]
	at org.eclipse.jdt.internal.junit.runner.RemoteTestRunner.main(RemoteTestRunner.java:210) [.cp/:?]
2020-03-07 22:41:27 [main] ERROR ParkingService:101 - Error fetching next available parking slot
java.lang.Exception: Error fetching parking number from DB. Parking slots might be full
	at com.parkit.parkingsystem.service.ParkingService.getNextParkingNumberIfAvailable(ParkingService.java:96) ~[classes/:?]
	at com.parkit.parkingsystem.service.ParkingService.processIncomingVehicle(ParkingService.java:33) ~[classes/:?]
	at com.parkit.parkingsystem.integration.ParkingDataBaseIT.testParkingLotExit(ParkingDataBaseIT.java:78) ~[test-classes/:?]
	at sun.reflect.NativeMethodAccessorImpl.invoke0(Native Method) ~[?:1.8.0_131]
	at sun.reflect.NativeMethodAccessorImpl.invoke(NativeMethodAccessorImpl.java:62) ~[?:1.8.0_131]
	at sun.reflect.DelegatingMethodAccessorImpl.invoke(DelegatingMethodAccessorImpl.java:43) ~[?:1.8.0_131]
	at java.lang.reflect.Method.invoke(Method.java:498) ~[?:1.8.0_131]
	at org.junit.platform.commons.util.ReflectionUtils.invokeMethod(ReflectionUtils.java:686) ~[junit-platform-commons-1.6.0.jar:1.6.0]
	at org.junit.jupiter.engine.execution.MethodInvocation.proceed(MethodInvocation.java:60) ~[junit-jupiter-engine-5.6.0.jar:5.6.0]
	at org.junit.jupiter.engine.execution.InvocationInterceptorChain$ValidatingInvocation.proceed(InvocationInterceptorChain.java:131) ~[junit-jupiter-engine-5.6.0.jar:5.6.0]
	at org.junit.jupiter.engine.extension.TimeoutExtension.intercept(TimeoutExtension.java:149) ~[junit-jupiter-engine-5.6.0.jar:5.6.0]
	at org.junit.jupiter.engine.extension.TimeoutExtension.interceptTestableMethod(TimeoutExtension.java:140) ~[junit-jupiter-engine-5.6.0.jar:5.6.0]
	at org.junit.jupiter.engine.extension.TimeoutExtension.interceptTestMethod(TimeoutExtension.java:84) ~[junit-jupiter-engine-5.6.0.jar:5.6.0]
	at org.junit.jupiter.engine.execution.ExecutableInvoker$ReflectiveInterceptorCall.lambda$ofVoidMethod$0(ExecutableInvoker.java:115) ~[junit-jupiter-engine-5.6.0.jar:5.6.0]
	at org.junit.jupiter.engine.execution.ExecutableInvoker.lambda$invoke$0(ExecutableInvoker.java:105) ~[junit-jupiter-engine-5.6.0.jar:5.6.0]
	at org.junit.jupiter.engine.execution.InvocationInterceptorChain$InterceptedInvocation.proceed(InvocationInterceptorChain.java:106) ~[junit-jupiter-engine-5.6.0.jar:5.6.0]
	at org.junit.jupiter.engine.execution.InvocationInterceptorChain.proceed(InvocationInterceptorChain.java:64) ~[junit-jupiter-engine-5.6.0.jar:5.6.0]
	at org.junit.jupiter.engine.execution.InvocationInterceptorChain.chainAndInvoke(InvocationInterceptorChain.java:45) ~[junit-jupiter-engine-5.6.0.jar:5.6.0]
	at org.junit.jupiter.engine.execution.InvocationInterceptorChain.invoke(InvocationInterceptorChain.java:37) ~[junit-jupiter-engine-5.6.0.jar:5.6.0]
	at org.junit.jupiter.engine.execution.ExecutableInvoker.invoke(ExecutableInvoker.java:104) ~[junit-jupiter-engine-5.6.0.jar:5.6.0]
	at org.junit.jupiter.engine.execution.ExecutableInvoker.invoke(ExecutableInvoker.java:98) ~[junit-jupiter-engine-5.6.0.jar:5.6.0]
	at org.junit.jupiter.engine.descriptor.TestMethodTestDescriptor.lambda$invokeTestMethod$6(TestMethodTestDescriptor.java:205) ~[junit-jupiter-engine-5.6.0.jar:5.6.0]
	at org.junit.platform.engine.support.hierarchical.ThrowableCollector.execute(ThrowableCollector.java:73) ~[junit-platform-engine-1.6.0.jar:1.6.0]
	at org.junit.jupiter.engine.descriptor.TestMethodTestDescriptor.invokeTestMethod(TestMethodTestDescriptor.java:201) ~[junit-jupiter-engine-5.6.0.jar:5.6.0]
	at org.junit.jupiter.engine.descriptor.TestMethodTestDescriptor.execute(TestMethodTestDescriptor.java:137) ~[junit-jupiter-engine-5.6.0.jar:5.6.0]
	at org.junit.jupiter.engine.descriptor.TestMethodTestDescriptor.execute(TestMethodTestDescriptor.java:71) ~[junit-jupiter-engine-5.6.0.jar:5.6.0]
	at org.junit.platform.engine.support.hierarchical.NodeTestTask.lambda$executeRecursively$5(NodeTestTask.java:135) ~[junit-platform-engine-1.6.0.jar:1.6.0]
	at org.junit.platform.engine.support.hierarchical.ThrowableCollector.execute(ThrowableCollector.java:73) ~[junit-platform-engine-1.6.0.jar:1.6.0]
	at org.junit.platform.engine.support.hierarchical.NodeTestTask.lambda$executeRecursively$7(NodeTestTask.java:125) ~[junit-platform-engine-1.6.0.jar:1.6.0]
	at org.junit.platform.engine.support.hierarchical.Node.around(Node.java:135) ~[junit-platform-engine-1.6.0.jar:1.6.0]
	at org.junit.platform.engine.support.hierarchical.NodeTestTask.lambda$executeRecursively$8(NodeTestTask.java:123) ~[junit-platform-engine-1.6.0.jar:1.6.0]
	at org.junit.platform.engine.support.hierarchical.ThrowableCollector.execute(ThrowableCollector.java:73) ~[junit-platform-engine-1.6.0.jar:1.6.0]
	at org.junit.platform.engine.support.hierarchical.NodeTestTask.executeRecursively(NodeTestTask.java:122) ~[junit-platform-engine-1.6.0.jar:1.6.0]
	at org.junit.platform.engine.support.hierarchical.NodeTestTask.execute(NodeTestTask.java:80) ~[junit-platform-engine-1.6.0.jar:1.6.0]
	at java.util.ArrayList.forEach(ArrayList.java:1249) ~[?:1.8.0_131]
	at org.junit.platform.engine.support.hierarchical.SameThreadHierarchicalTestExecutorService.invokeAll(SameThreadHierarchicalTestExecutorService.java:38) ~[junit-platform-engine-1.6.0.jar:1.6.0]
	at org.junit.platform.engine.support.hierarchical.NodeTestTask.lambda$executeRecursively$5(NodeTestTask.java:139) ~[junit-platform-engine-1.6.0.jar:1.6.0]
	at org.junit.platform.engine.support.hierarchical.ThrowableCollector.execute(ThrowableCollector.java:73) ~[junit-platform-engine-1.6.0.jar:1.6.0]
	at org.junit.platform.engine.support.hierarchical.NodeTestTask.lambda$executeRecursively$7(NodeTestTask.java:125) ~[junit-platform-engine-1.6.0.jar:1.6.0]
	at org.junit.platform.engine.support.hierarchical.Node.around(Node.java:135) ~[junit-platform-engine-1.6.0.jar:1.6.0]
	at org.junit.platform.engine.support.hierarchical.NodeTestTask.lambda$executeRecursively$8(NodeTestTask.java:123) ~[junit-platform-engine-1.6.0.jar:1.6.0]
	at org.junit.platform.engine.support.hierarchical.ThrowableCollector.execute(ThrowableCollector.java:73) ~[junit-platform-engine-1.6.0.jar:1.6.0]
	at org.junit.platform.engine.support.hierarchical.NodeTestTask.executeRecursively(NodeTestTask.java:122) ~[junit-platform-engine-1.6.0.jar:1.6.0]
	at org.junit.platform.engine.support.hierarchical.NodeTestTask.execute(NodeTestTask.java:80) ~[junit-platform-engine-1.6.0.jar:1.6.0]
	at java.util.ArrayList.forEach(ArrayList.java:1249) ~[?:1.8.0_131]
	at org.junit.platform.engine.support.hierarchical.SameThreadHierarchicalTestExecutorService.invokeAll(SameThreadHierarchicalTestExecutorService.java:38) ~[junit-platform-engine-1.6.0.jar:1.6.0]
	at org.junit.platform.engine.support.hierarchical.NodeTestTask.lambda$executeRecursively$5(NodeTestTask.java:139) ~[junit-platform-engine-1.6.0.jar:1.6.0]
	at org.junit.platform.engine.support.hierarchical.ThrowableCollector.execute(ThrowableCollector.java:73) ~[junit-platform-engine-1.6.0.jar:1.6.0]
	at org.junit.platform.engine.support.hierarchical.NodeTestTask.lambda$executeRecursively$7(NodeTestTask.java:125) ~[junit-platform-engine-1.6.0.jar:1.6.0]
	at org.junit.platform.engine.support.hierarchical.Node.around(Node.java:135) ~[junit-platform-engine-1.6.0.jar:1.6.0]
	at org.junit.platform.engine.support.hierarchical.NodeTestTask.lambda$executeRecursively$8(NodeTestTask.java:123) ~[junit-platform-engine-1.6.0.jar:1.6.0]
	at org.junit.platform.engine.support.hierarchical.ThrowableCollector.execute(ThrowableCollector.java:73) ~[junit-platform-engine-1.6.0.jar:1.6.0]
	at org.junit.platform.engine.support.hierarchical.NodeTestTask.executeRecursively(NodeTestTask.java:122) ~[junit-platform-engine-1.6.0.jar:1.6.0]
	at org.junit.platform.engine.support.hierarchical.NodeTestTask.execute(NodeTestTask.java:80) ~[junit-platform-engine-1.6.0.jar:1.6.0]
	at org.junit.platform.engine.support.hierarchical.SameThreadHierarchicalTestExecutorService.submit(SameThreadHierarchicalTestExecutorService.java:32) ~[junit-platform-engine-1.6.0.jar:1.6.0]
	at org.junit.platform.engine.support.hierarchical.HierarchicalTestExecutor.execute(HierarchicalTestExecutor.java:57) ~[junit-platform-engine-1.6.0.jar:1.6.0]
	at org.junit.platform.engine.support.hierarchical.HierarchicalTestEngine.execute(HierarchicalTestEngine.java:51) ~[junit-platform-engine-1.6.0.jar:1.6.0]
	at org.junit.platform.launcher.core.DefaultLauncher.execute(DefaultLauncher.java:229) ~[.cp/:?]
	at org.junit.platform.launcher.core.DefaultLauncher.lambda$execute$6(DefaultLauncher.java:197) ~[.cp/:?]
	at org.junit.platform.launcher.core.DefaultLauncher.withInterceptedStreams(DefaultLauncher.java:211) [.cp/:?]
	at org.junit.platform.launcher.core.DefaultLauncher.execute(DefaultLauncher.java:191) [.cp/:?]
	at org.junit.platform.launcher.core.DefaultLauncher.execute(DefaultLauncher.java:137) [.cp/:?]
	at org.eclipse.jdt.internal.junit5.runner.JUnit5TestReference.run(JUnit5TestReference.java:89) [.cp/:?]
	at org.eclipse.jdt.internal.junit.runner.TestExecution.run(TestExecution.java:41) [.cp/:?]
	at org.eclipse.jdt.internal.junit.runner.RemoteTestRunner.runTests(RemoteTestRunner.java:542) [.cp/:?]
	at org.eclipse.jdt.internal.junit.runner.RemoteTestRunner.runTests(RemoteTestRunner.java:770) [.cp/:?]
	at org.eclipse.jdt.internal.junit.runner.RemoteTestRunner.run(RemoteTestRunner.java:464) [.cp/:?]
	at org.eclipse.jdt.internal.junit.runner.RemoteTestRunner.main(RemoteTestRunner.java:210) [.cp/:?]
2020-03-07 22:41:27 [main] INFO  DataBaseTestConfig:21 - Create DB connection
2020-03-07 22:41:27 [main] ERROR TicketDAO:83 - Error fetching next available slot
java.sql.SQLException: Access denied for user ''@'localhost' (using password: NO)
	at com.mysql.cj.jdbc.exceptions.SQLError.createSQLException(SQLError.java:129) ~[mysql-connector-java-8.0.17.jar:8.0.17]
	at com.mysql.cj.jdbc.exceptions.SQLError.createSQLException(SQLError.java:97) ~[mysql-connector-java-8.0.17.jar:8.0.17]
	at com.mysql.cj.jdbc.exceptions.SQLExceptionsMapping.translateException(SQLExceptionsMapping.java:122) ~[mysql-connector-java-8.0.17.jar:8.0.17]
	at com.mysql.cj.jdbc.ConnectionImpl.createNewIO(ConnectionImpl.java:827) ~[mysql-connector-java-8.0.17.jar:8.0.17]
	at com.mysql.cj.jdbc.ConnectionImpl.<init>(ConnectionImpl.java:447) ~[mysql-connector-java-8.0.17.jar:8.0.17]
	at com.mysql.cj.jdbc.ConnectionImpl.getInstance(ConnectionImpl.java:237) ~[mysql-connector-java-8.0.17.jar:8.0.17]
	at com.mysql.cj.jdbc.NonRegisteringDriver.connect(NonRegisteringDriver.java:199) ~[mysql-connector-java-8.0.17.jar:8.0.17]
	at java.sql.DriverManager.getConnection(DriverManager.java:664) ~[?:1.8.0_131]
	at java.sql.DriverManager.getConnection(DriverManager.java:247) ~[?:1.8.0_131]
	at com.parkit.parkingsystem.integration.config.DataBaseTestConfig.getConnection(DataBaseTestConfig.java:33) ~[test-classes/:?]
	at com.parkit.parkingsystem.dao.TicketDAO.getTicket(TicketDAO.java:67) ~[classes/:?]
	at com.parkit.parkingsystem.integration.ParkingDataBaseIT.testParkingLotExit(ParkingDataBaseIT.java:79) ~[test-classes/:?]
	at sun.reflect.NativeMethodAccessorImpl.invoke0(Native Method) ~[?:1.8.0_131]
	at sun.reflect.NativeMethodAccessorImpl.invoke(NativeMethodAccessorImpl.java:62) ~[?:1.8.0_131]
	at sun.reflect.DelegatingMethodAccessorImpl.invoke(DelegatingMethodAccessorImpl.java:43) ~[?:1.8.0_131]
	at java.lang.reflect.Method.invoke(Method.java:498) ~[?:1.8.0_131]
	at org.junit.platform.commons.util.ReflectionUtils.invokeMethod(ReflectionUtils.java:686) ~[junit-platform-commons-1.6.0.jar:1.6.0]
	at org.junit.jupiter.engine.execution.MethodInvocation.proceed(MethodInvocation.java:60) ~[junit-jupiter-engine-5.6.0.jar:5.6.0]
	at org.junit.jupiter.engine.execution.InvocationInterceptorChain$ValidatingInvocation.proceed(InvocationInterceptorChain.java:131) ~[junit-jupiter-engine-5.6.0.jar:5.6.0]
	at org.junit.jupiter.engine.extension.TimeoutExtension.intercept(TimeoutExtension.java:149) ~[junit-jupiter-engine-5.6.0.jar:5.6.0]
	at org.junit.jupiter.engine.extension.TimeoutExtension.interceptTestableMethod(TimeoutExtension.java:140) ~[junit-jupiter-engine-5.6.0.jar:5.6.0]
	at org.junit.jupiter.engine.extension.TimeoutExtension.interceptTestMethod(TimeoutExtension.java:84) ~[junit-jupiter-engine-5.6.0.jar:5.6.0]
	at org.junit.jupiter.engine.execution.ExecutableInvoker$ReflectiveInterceptorCall.lambda$ofVoidMethod$0(ExecutableInvoker.java:115) ~[junit-jupiter-engine-5.6.0.jar:5.6.0]
	at org.junit.jupiter.engine.execution.ExecutableInvoker.lambda$invoke$0(ExecutableInvoker.java:105) ~[junit-jupiter-engine-5.6.0.jar:5.6.0]
	at org.junit.jupiter.engine.execution.InvocationInterceptorChain$InterceptedInvocation.proceed(InvocationInterceptorChain.java:106) ~[junit-jupiter-engine-5.6.0.jar:5.6.0]
	at org.junit.jupiter.engine.execution.InvocationInterceptorChain.proceed(InvocationInterceptorChain.java:64) ~[junit-jupiter-engine-5.6.0.jar:5.6.0]
	at org.junit.jupiter.engine.execution.InvocationInterceptorChain.chainAndInvoke(InvocationInterceptorChain.java:45) ~[junit-jupiter-engine-5.6.0.jar:5.6.0]
	at org.junit.jupiter.engine.execution.InvocationInterceptorChain.invoke(InvocationInterceptorChain.java:37) ~[junit-jupiter-engine-5.6.0.jar:5.6.0]
	at org.junit.jupiter.engine.execution.ExecutableInvoker.invoke(ExecutableInvoker.java:104) ~[junit-jupiter-engine-5.6.0.jar:5.6.0]
	at org.junit.jupiter.engine.execution.ExecutableInvoker.invoke(ExecutableInvoker.java:98) ~[junit-jupiter-engine-5.6.0.jar:5.6.0]
	at org.junit.jupiter.engine.descriptor.TestMethodTestDescriptor.lambda$invokeTestMethod$6(TestMethodTestDescriptor.java:205) ~[junit-jupiter-engine-5.6.0.jar:5.6.0]
	at org.junit.platform.engine.support.hierarchical.ThrowableCollector.execute(ThrowableCollector.java:73) ~[junit-platform-engine-1.6.0.jar:1.6.0]
	at org.junit.jupiter.engine.descriptor.TestMethodTestDescriptor.invokeTestMethod(TestMethodTestDescriptor.java:201) ~[junit-jupiter-engine-5.6.0.jar:5.6.0]
	at org.junit.jupiter.engine.descriptor.TestMethodTestDescriptor.execute(TestMethodTestDescriptor.java:137) ~[junit-jupiter-engine-5.6.0.jar:5.6.0]
	at org.junit.jupiter.engine.descriptor.TestMethodTestDescriptor.execute(TestMethodTestDescriptor.java:71) ~[junit-jupiter-engine-5.6.0.jar:5.6.0]
	at org.junit.platform.engine.support.hierarchical.NodeTestTask.lambda$executeRecursively$5(NodeTestTask.java:135) ~[junit-platform-engine-1.6.0.jar:1.6.0]
	at org.junit.platform.engine.support.hierarchical.ThrowableCollector.execute(ThrowableCollector.java:73) ~[junit-platform-engine-1.6.0.jar:1.6.0]
	at org.junit.platform.engine.support.hierarchical.NodeTestTask.lambda$executeRecursively$7(NodeTestTask.java:125) ~[junit-platform-engine-1.6.0.jar:1.6.0]
	at org.junit.platform.engine.support.hierarchical.Node.around(Node.java:135) ~[junit-platform-engine-1.6.0.jar:1.6.0]
	at org.junit.platform.engine.support.hierarchical.NodeTestTask.lambda$executeRecursively$8(NodeTestTask.java:123) ~[junit-platform-engine-1.6.0.jar:1.6.0]
	at org.junit.platform.engine.support.hierarchical.ThrowableCollector.execute(ThrowableCollector.java:73) ~[junit-platform-engine-1.6.0.jar:1.6.0]
	at org.junit.platform.engine.support.hierarchical.NodeTestTask.executeRecursively(NodeTestTask.java:122) ~[junit-platform-engine-1.6.0.jar:1.6.0]
	at org.junit.platform.engine.support.hierarchical.NodeTestTask.execute(NodeTestTask.java:80) ~[junit-platform-engine-1.6.0.jar:1.6.0]
	at java.util.ArrayList.forEach(ArrayList.java:1249) ~[?:1.8.0_131]
	at org.junit.platform.engine.support.hierarchical.SameThreadHierarchicalTestExecutorService.invokeAll(SameThreadHierarchicalTestExecutorService.java:38) ~[junit-platform-engine-1.6.0.jar:1.6.0]
	at org.junit.platform.engine.support.hierarchical.NodeTestTask.lambda$executeRecursively$5(NodeTestTask.java:139) ~[junit-platform-engine-1.6.0.jar:1.6.0]
	at org.junit.platform.engine.support.hierarchical.ThrowableCollector.execute(ThrowableCollector.java:73) ~[junit-platform-engine-1.6.0.jar:1.6.0]
	at org.junit.platform.engine.support.hierarchical.NodeTestTask.lambda$executeRecursively$7(NodeTestTask.java:125) ~[junit-platform-engine-1.6.0.jar:1.6.0]
	at org.junit.platform.engine.support.hierarchical.Node.around(Node.java:135) ~[junit-platform-engine-1.6.0.jar:1.6.0]
	at org.junit.platform.engine.support.hierarchical.NodeTestTask.lambda$executeRecursively$8(NodeTestTask.java:123) ~[junit-platform-engine-1.6.0.jar:1.6.0]
	at org.junit.platform.engine.support.hierarchical.ThrowableCollector.execute(ThrowableCollector.java:73) ~[junit-platform-engine-1.6.0.jar:1.6.0]
	at org.junit.platform.engine.support.hierarchical.NodeTestTask.executeRecursively(NodeTestTask.java:122) ~[junit-platform-engine-1.6.0.jar:1.6.0]
	at org.junit.platform.engine.support.hierarchical.NodeTestTask.execute(NodeTestTask.java:80) ~[junit-platform-engine-1.6.0.jar:1.6.0]
	at java.util.ArrayList.forEach(ArrayList.java:1249) ~[?:1.8.0_131]
	at org.junit.platform.engine.support.hierarchical.SameThreadHierarchicalTestExecutorService.invokeAll(SameThreadHierarchicalTestExecutorService.java:38) ~[junit-platform-engine-1.6.0.jar:1.6.0]
	at org.junit.platform.engine.support.hierarchical.NodeTestTask.lambda$executeRecursively$5(NodeTestTask.java:139) ~[junit-platform-engine-1.6.0.jar:1.6.0]
	at org.junit.platform.engine.support.hierarchical.ThrowableCollector.execute(ThrowableCollector.java:73) ~[junit-platform-engine-1.6.0.jar:1.6.0]
	at org.junit.platform.engine.support.hierarchical.NodeTestTask.lambda$executeRecursively$7(NodeTestTask.java:125) ~[junit-platform-engine-1.6.0.jar:1.6.0]
	at org.junit.platform.engine.support.hierarchical.Node.around(Node.java:135) ~[junit-platform-engine-1.6.0.jar:1.6.0]
	at org.junit.platform.engine.support.hierarchical.NodeTestTask.lambda$executeRecursively$8(NodeTestTask.java:123) ~[junit-platform-engine-1.6.0.jar:1.6.0]
	at org.junit.platform.engine.support.hierarchical.ThrowableCollector.execute(ThrowableCollector.java:73) ~[junit-platform-engine-1.6.0.jar:1.6.0]
	at org.junit.platform.engine.support.hierarchical.NodeTestTask.executeRecursively(NodeTestTask.java:122) ~[junit-platform-engine-1.6.0.jar:1.6.0]
	at org.junit.platform.engine.support.hierarchical.NodeTestTask.execute(NodeTestTask.java:80) ~[junit-platform-engine-1.6.0.jar:1.6.0]
	at org.junit.platform.engine.support.hierarchical.SameThreadHierarchicalTestExecutorService.submit(SameThreadHierarchicalTestExecutorService.java:32) ~[junit-platform-engine-1.6.0.jar:1.6.0]
	at org.junit.platform.engine.support.hierarchical.HierarchicalTestExecutor.execute(HierarchicalTestExecutor.java:57) ~[junit-platform-engine-1.6.0.jar:1.6.0]
	at org.junit.platform.engine.support.hierarchical.HierarchicalTestEngine.execute(HierarchicalTestEngine.java:51) ~[junit-platform-engine-1.6.0.jar:1.6.0]
	at org.junit.platform.launcher.core.DefaultLauncher.execute(DefaultLauncher.java:229) ~[.cp/:?]
	at org.junit.platform.launcher.core.DefaultLauncher.lambda$execute$6(DefaultLauncher.java:197) ~[.cp/:?]
	at org.junit.platform.launcher.core.DefaultLauncher.withInterceptedStreams(DefaultLauncher.java:211) [.cp/:?]
	at org.junit.platform.launcher.core.DefaultLauncher.execute(DefaultLauncher.java:191) [.cp/:?]
	at org.junit.platform.launcher.core.DefaultLauncher.execute(DefaultLauncher.java:137) [.cp/:?]
	at org.eclipse.jdt.internal.junit5.runner.JUnit5TestReference.run(JUnit5TestReference.java:89) [.cp/:?]
	at org.eclipse.jdt.internal.junit.runner.TestExecution.run(TestExecution.java:41) [.cp/:?]
	at org.eclipse.jdt.internal.junit.runner.RemoteTestRunner.runTests(RemoteTestRunner.java:542) [.cp/:?]
	at org.eclipse.jdt.internal.junit.runner.RemoteTestRunner.runTests(RemoteTestRunner.java:770) [.cp/:?]
	at org.eclipse.jdt.internal.junit.runner.RemoteTestRunner.run(RemoteTestRunner.java:464) [.cp/:?]
	at org.eclipse.jdt.internal.junit.runner.RemoteTestRunner.main(RemoteTestRunner.java:210) [.cp/:?]
2020-03-07 22:41:28 [main] INFO  DataBaseTestConfig:21 - Create DB connection
2020-03-07 22:41:28 [main] ERROR TicketDAO:83 - Error fetching next available slot
java.sql.SQLException: Access denied for user ''@'localhost' (using password: NO)
	at com.mysql.cj.jdbc.exceptions.SQLError.createSQLException(SQLError.java:129) ~[mysql-connector-java-8.0.17.jar:8.0.17]
	at com.mysql.cj.jdbc.exceptions.SQLError.createSQLException(SQLError.java:97) ~[mysql-connector-java-8.0.17.jar:8.0.17]
	at com.mysql.cj.jdbc.exceptions.SQLExceptionsMapping.translateException(SQLExceptionsMapping.java:122) ~[mysql-connector-java-8.0.17.jar:8.0.17]
	at com.mysql.cj.jdbc.ConnectionImpl.createNewIO(ConnectionImpl.java:827) ~[mysql-connector-java-8.0.17.jar:8.0.17]
	at com.mysql.cj.jdbc.ConnectionImpl.<init>(ConnectionImpl.java:447) ~[mysql-connector-java-8.0.17.jar:8.0.17]
	at com.mysql.cj.jdbc.ConnectionImpl.getInstance(ConnectionImpl.java:237) ~[mysql-connector-java-8.0.17.jar:8.0.17]
	at com.mysql.cj.jdbc.NonRegisteringDriver.connect(NonRegisteringDriver.java:199) ~[mysql-connector-java-8.0.17.jar:8.0.17]
	at java.sql.DriverManager.getConnection(DriverManager.java:664) ~[?:1.8.0_131]
	at java.sql.DriverManager.getConnection(DriverManager.java:247) ~[?:1.8.0_131]
	at com.parkit.parkingsystem.integration.config.DataBaseTestConfig.getConnection(DataBaseTestConfig.java:33) ~[test-classes/:?]
	at com.parkit.parkingsystem.dao.TicketDAO.getTicket(TicketDAO.java:67) ~[classes/:?]
	at com.parkit.parkingsystem.service.ParkingService.processExitingVehicle(ParkingService.java:62) ~[classes/:?]
	at com.parkit.parkingsystem.integration.ParkingDataBaseIT.testParkingLotExit(ParkingDataBaseIT.java:81) ~[test-classes/:?]
	at sun.reflect.NativeMethodAccessorImpl.invoke0(Native Method) ~[?:1.8.0_131]
	at sun.reflect.NativeMethodAccessorImpl.invoke(NativeMethodAccessorImpl.java:62) ~[?:1.8.0_131]
	at sun.reflect.DelegatingMethodAccessorImpl.invoke(DelegatingMethodAccessorImpl.java:43) ~[?:1.8.0_131]
	at java.lang.reflect.Method.invoke(Method.java:498) ~[?:1.8.0_131]
	at org.junit.platform.commons.util.ReflectionUtils.invokeMethod(ReflectionUtils.java:686) ~[junit-platform-commons-1.6.0.jar:1.6.0]
	at org.junit.jupiter.engine.execution.MethodInvocation.proceed(MethodInvocation.java:60) ~[junit-jupiter-engine-5.6.0.jar:5.6.0]
	at org.junit.jupiter.engine.execution.InvocationInterceptorChain$ValidatingInvocation.proceed(InvocationInterceptorChain.java:131) ~[junit-jupiter-engine-5.6.0.jar:5.6.0]
	at org.junit.jupiter.engine.extension.TimeoutExtension.intercept(TimeoutExtension.java:149) ~[junit-jupiter-engine-5.6.0.jar:5.6.0]
	at org.junit.jupiter.engine.extension.TimeoutExtension.interceptTestableMethod(TimeoutExtension.java:140) ~[junit-jupiter-engine-5.6.0.jar:5.6.0]
	at org.junit.jupiter.engine.extension.TimeoutExtension.interceptTestMethod(TimeoutExtension.java:84) ~[junit-jupiter-engine-5.6.0.jar:5.6.0]
	at org.junit.jupiter.engine.execution.ExecutableInvoker$ReflectiveInterceptorCall.lambda$ofVoidMethod$0(ExecutableInvoker.java:115) ~[junit-jupiter-engine-5.6.0.jar:5.6.0]
	at org.junit.jupiter.engine.execution.ExecutableInvoker.lambda$invoke$0(ExecutableInvoker.java:105) ~[junit-jupiter-engine-5.6.0.jar:5.6.0]
	at org.junit.jupiter.engine.execution.InvocationInterceptorChain$InterceptedInvocation.proceed(InvocationInterceptorChain.java:106) ~[junit-jupiter-engine-5.6.0.jar:5.6.0]
	at org.junit.jupiter.engine.execution.InvocationInterceptorChain.proceed(InvocationInterceptorChain.java:64) ~[junit-jupiter-engine-5.6.0.jar:5.6.0]
	at org.junit.jupiter.engine.execution.InvocationInterceptorChain.chainAndInvoke(InvocationInterceptorChain.java:45) ~[junit-jupiter-engine-5.6.0.jar:5.6.0]
	at org.junit.jupiter.engine.execution.InvocationInterceptorChain.invoke(InvocationInterceptorChain.java:37) ~[junit-jupiter-engine-5.6.0.jar:5.6.0]
	at org.junit.jupiter.engine.execution.ExecutableInvoker.invoke(ExecutableInvoker.java:104) ~[junit-jupiter-engine-5.6.0.jar:5.6.0]
	at org.junit.jupiter.engine.execution.ExecutableInvoker.invoke(ExecutableInvoker.java:98) ~[junit-jupiter-engine-5.6.0.jar:5.6.0]
	at org.junit.jupiter.engine.descriptor.TestMethodTestDescriptor.lambda$invokeTestMethod$6(TestMethodTestDescriptor.java:205) ~[junit-jupiter-engine-5.6.0.jar:5.6.0]
	at org.junit.platform.engine.support.hierarchical.ThrowableCollector.execute(ThrowableCollector.java:73) ~[junit-platform-engine-1.6.0.jar:1.6.0]
	at org.junit.jupiter.engine.descriptor.TestMethodTestDescriptor.invokeTestMethod(TestMethodTestDescriptor.java:201) ~[junit-jupiter-engine-5.6.0.jar:5.6.0]
	at org.junit.jupiter.engine.descriptor.TestMethodTestDescriptor.execute(TestMethodTestDescriptor.java:137) ~[junit-jupiter-engine-5.6.0.jar:5.6.0]
	at org.junit.jupiter.engine.descriptor.TestMethodTestDescriptor.execute(TestMethodTestDescriptor.java:71) ~[junit-jupiter-engine-5.6.0.jar:5.6.0]
	at org.junit.platform.engine.support.hierarchical.NodeTestTask.lambda$executeRecursively$5(NodeTestTask.java:135) ~[junit-platform-engine-1.6.0.jar:1.6.0]
	at org.junit.platform.engine.support.hierarchical.ThrowableCollector.execute(ThrowableCollector.java:73) ~[junit-platform-engine-1.6.0.jar:1.6.0]
	at org.junit.platform.engine.support.hierarchical.NodeTestTask.lambda$executeRecursively$7(NodeTestTask.java:125) ~[junit-platform-engine-1.6.0.jar:1.6.0]
	at org.junit.platform.engine.support.hierarchical.Node.around(Node.java:135) ~[junit-platform-engine-1.6.0.jar:1.6.0]
	at org.junit.platform.engine.support.hierarchical.NodeTestTask.lambda$executeRecursively$8(NodeTestTask.java:123) ~[junit-platform-engine-1.6.0.jar:1.6.0]
	at org.junit.platform.engine.support.hierarchical.ThrowableCollector.execute(ThrowableCollector.java:73) ~[junit-platform-engine-1.6.0.jar:1.6.0]
	at org.junit.platform.engine.support.hierarchical.NodeTestTask.executeRecursively(NodeTestTask.java:122) ~[junit-platform-engine-1.6.0.jar:1.6.0]
	at org.junit.platform.engine.support.hierarchical.NodeTestTask.execute(NodeTestTask.java:80) ~[junit-platform-engine-1.6.0.jar:1.6.0]
	at java.util.ArrayList.forEach(ArrayList.java:1249) ~[?:1.8.0_131]
	at org.junit.platform.engine.support.hierarchical.SameThreadHierarchicalTestExecutorService.invokeAll(SameThreadHierarchicalTestExecutorService.java:38) ~[junit-platform-engine-1.6.0.jar:1.6.0]
	at org.junit.platform.engine.support.hierarchical.NodeTestTask.lambda$executeRecursively$5(NodeTestTask.java:139) ~[junit-platform-engine-1.6.0.jar:1.6.0]
	at org.junit.platform.engine.support.hierarchical.ThrowableCollector.execute(ThrowableCollector.java:73) ~[junit-platform-engine-1.6.0.jar:1.6.0]
	at org.junit.platform.engine.support.hierarchical.NodeTestTask.lambda$executeRecursively$7(NodeTestTask.java:125) ~[junit-platform-engine-1.6.0.jar:1.6.0]
	at org.junit.platform.engine.support.hierarchical.Node.around(Node.java:135) ~[junit-platform-engine-1.6.0.jar:1.6.0]
	at org.junit.platform.engine.support.hierarchical.NodeTestTask.lambda$executeRecursively$8(NodeTestTask.java:123) ~[junit-platform-engine-1.6.0.jar:1.6.0]
	at org.junit.platform.engine.support.hierarchical.ThrowableCollector.execute(ThrowableCollector.java:73) ~[junit-platform-engine-1.6.0.jar:1.6.0]
	at org.junit.platform.engine.support.hierarchical.NodeTestTask.executeRecursively(NodeTestTask.java:122) ~[junit-platform-engine-1.6.0.jar:1.6.0]
	at org.junit.platform.engine.support.hierarchical.NodeTestTask.execute(NodeTestTask.java:80) ~[junit-platform-engine-1.6.0.jar:1.6.0]
	at java.util.ArrayList.forEach(ArrayList.java:1249) ~[?:1.8.0_131]
	at org.junit.platform.engine.support.hierarchical.SameThreadHierarchicalTestExecutorService.invokeAll(SameThreadHierarchicalTestExecutorService.java:38) ~[junit-platform-engine-1.6.0.jar:1.6.0]
	at org.junit.platform.engine.support.hierarchical.NodeTestTask.lambda$executeRecursively$5(NodeTestTask.java:139) ~[junit-platform-engine-1.6.0.jar:1.6.0]
	at org.junit.platform.engine.support.hierarchical.ThrowableCollector.execute(ThrowableCollector.java:73) ~[junit-platform-engine-1.6.0.jar:1.6.0]
	at org.junit.platform.engine.support.hierarchical.NodeTestTask.lambda$executeRecursively$7(NodeTestTask.java:125) ~[junit-platform-engine-1.6.0.jar:1.6.0]
	at org.junit.platform.engine.support.hierarchical.Node.around(Node.java:135) ~[junit-platform-engine-1.6.0.jar:1.6.0]
	at org.junit.platform.engine.support.hierarchical.NodeTestTask.lambda$executeRecursively$8(NodeTestTask.java:123) ~[junit-platform-engine-1.6.0.jar:1.6.0]
	at org.junit.platform.engine.support.hierarchical.ThrowableCollector.execute(ThrowableCollector.java:73) ~[junit-platform-engine-1.6.0.jar:1.6.0]
	at org.junit.platform.engine.support.hierarchical.NodeTestTask.executeRecursively(NodeTestTask.java:122) ~[junit-platform-engine-1.6.0.jar:1.6.0]
	at org.junit.platform.engine.support.hierarchical.NodeTestTask.execute(NodeTestTask.java:80) ~[junit-platform-engine-1.6.0.jar:1.6.0]
	at org.junit.platform.engine.support.hierarchical.SameThreadHierarchicalTestExecutorService.submit(SameThreadHierarchicalTestExecutorService.java:32) ~[junit-platform-engine-1.6.0.jar:1.6.0]
	at org.junit.platform.engine.support.hierarchical.HierarchicalTestExecutor.execute(HierarchicalTestExecutor.java:57) ~[junit-platform-engine-1.6.0.jar:1.6.0]
	at org.junit.platform.engine.support.hierarchical.HierarchicalTestEngine.execute(HierarchicalTestEngine.java:51) ~[junit-platform-engine-1.6.0.jar:1.6.0]
	at org.junit.platform.launcher.core.DefaultLauncher.execute(DefaultLauncher.java:229) ~[.cp/:?]
	at org.junit.platform.launcher.core.DefaultLauncher.lambda$execute$6(DefaultLauncher.java:197) ~[.cp/:?]
	at org.junit.platform.launcher.core.DefaultLauncher.withInterceptedStreams(DefaultLauncher.java:211) [.cp/:?]
	at org.junit.platform.launcher.core.DefaultLauncher.execute(DefaultLauncher.java:191) [.cp/:?]
	at org.junit.platform.launcher.core.DefaultLauncher.execute(DefaultLauncher.java:137) [.cp/:?]
	at org.eclipse.jdt.internal.junit5.runner.JUnit5TestReference.run(JUnit5TestReference.java:89) [.cp/:?]
	at org.eclipse.jdt.internal.junit.runner.TestExecution.run(TestExecution.java:41) [.cp/:?]
	at org.eclipse.jdt.internal.junit.runner.RemoteTestRunner.runTests(RemoteTestRunner.java:542) [.cp/:?]
	at org.eclipse.jdt.internal.junit.runner.RemoteTestRunner.runTests(RemoteTestRunner.java:770) [.cp/:?]
	at org.eclipse.jdt.internal.junit.runner.RemoteTestRunner.run(RemoteTestRunner.java:464) [.cp/:?]
	at org.eclipse.jdt.internal.junit.runner.RemoteTestRunner.main(RemoteTestRunner.java:210) [.cp/:?]
2020-03-07 22:41:28 [main] ERROR ParkingService:77 - Unable to process exiting vehicle
java.lang.NullPointerException: null
	at com.parkit.parkingsystem.service.ParkingService.processExitingVehicle(ParkingService.java:64) ~[classes/:?]
	at com.parkit.parkingsystem.integration.ParkingDataBaseIT.testParkingLotExit(ParkingDataBaseIT.java:81) ~[test-classes/:?]
	at sun.reflect.NativeMethodAccessorImpl.invoke0(Native Method) ~[?:1.8.0_131]
	at sun.reflect.NativeMethodAccessorImpl.invoke(NativeMethodAccessorImpl.java:62) ~[?:1.8.0_131]
	at sun.reflect.DelegatingMethodAccessorImpl.invoke(DelegatingMethodAccessorImpl.java:43) ~[?:1.8.0_131]
	at java.lang.reflect.Method.invoke(Method.java:498) ~[?:1.8.0_131]
	at org.junit.platform.commons.util.ReflectionUtils.invokeMethod(ReflectionUtils.java:686) ~[junit-platform-commons-1.6.0.jar:1.6.0]
	at org.junit.jupiter.engine.execution.MethodInvocation.proceed(MethodInvocation.java:60) ~[junit-jupiter-engine-5.6.0.jar:5.6.0]
	at org.junit.jupiter.engine.execution.InvocationInterceptorChain$ValidatingInvocation.proceed(InvocationInterceptorChain.java:131) ~[junit-jupiter-engine-5.6.0.jar:5.6.0]
	at org.junit.jupiter.engine.extension.TimeoutExtension.intercept(TimeoutExtension.java:149) ~[junit-jupiter-engine-5.6.0.jar:5.6.0]
	at org.junit.jupiter.engine.extension.TimeoutExtension.interceptTestableMethod(TimeoutExtension.java:140) ~[junit-jupiter-engine-5.6.0.jar:5.6.0]
	at org.junit.jupiter.engine.extension.TimeoutExtension.interceptTestMethod(TimeoutExtension.java:84) ~[junit-jupiter-engine-5.6.0.jar:5.6.0]
	at org.junit.jupiter.engine.execution.ExecutableInvoker$ReflectiveInterceptorCall.lambda$ofVoidMethod$0(ExecutableInvoker.java:115) ~[junit-jupiter-engine-5.6.0.jar:5.6.0]
	at org.junit.jupiter.engine.execution.ExecutableInvoker.lambda$invoke$0(ExecutableInvoker.java:105) ~[junit-jupiter-engine-5.6.0.jar:5.6.0]
	at org.junit.jupiter.engine.execution.InvocationInterceptorChain$InterceptedInvocation.proceed(InvocationInterceptorChain.java:106) ~[junit-jupiter-engine-5.6.0.jar:5.6.0]
	at org.junit.jupiter.engine.execution.InvocationInterceptorChain.proceed(InvocationInterceptorChain.java:64) ~[junit-jupiter-engine-5.6.0.jar:5.6.0]
	at org.junit.jupiter.engine.execution.InvocationInterceptorChain.chainAndInvoke(InvocationInterceptorChain.java:45) ~[junit-jupiter-engine-5.6.0.jar:5.6.0]
	at org.junit.jupiter.engine.execution.InvocationInterceptorChain.invoke(InvocationInterceptorChain.java:37) ~[junit-jupiter-engine-5.6.0.jar:5.6.0]
	at org.junit.jupiter.engine.execution.ExecutableInvoker.invoke(ExecutableInvoker.java:104) ~[junit-jupiter-engine-5.6.0.jar:5.6.0]
	at org.junit.jupiter.engine.execution.ExecutableInvoker.invoke(ExecutableInvoker.java:98) ~[junit-jupiter-engine-5.6.0.jar:5.6.0]
	at org.junit.jupiter.engine.descriptor.TestMethodTestDescriptor.lambda$invokeTestMethod$6(TestMethodTestDescriptor.java:205) ~[junit-jupiter-engine-5.6.0.jar:5.6.0]
	at org.junit.platform.engine.support.hierarchical.ThrowableCollector.execute(ThrowableCollector.java:73) ~[junit-platform-engine-1.6.0.jar:1.6.0]
	at org.junit.jupiter.engine.descriptor.TestMethodTestDescriptor.invokeTestMethod(TestMethodTestDescriptor.java:201) ~[junit-jupiter-engine-5.6.0.jar:5.6.0]
	at org.junit.jupiter.engine.descriptor.TestMethodTestDescriptor.execute(TestMethodTestDescriptor.java:137) ~[junit-jupiter-engine-5.6.0.jar:5.6.0]
	at org.junit.jupiter.engine.descriptor.TestMethodTestDescriptor.execute(TestMethodTestDescriptor.java:71) ~[junit-jupiter-engine-5.6.0.jar:5.6.0]
	at org.junit.platform.engine.support.hierarchical.NodeTestTask.lambda$executeRecursively$5(NodeTestTask.java:135) ~[junit-platform-engine-1.6.0.jar:1.6.0]
	at org.junit.platform.engine.support.hierarchical.ThrowableCollector.execute(ThrowableCollector.java:73) ~[junit-platform-engine-1.6.0.jar:1.6.0]
	at org.junit.platform.engine.support.hierarchical.NodeTestTask.lambda$executeRecursively$7(NodeTestTask.java:125) ~[junit-platform-engine-1.6.0.jar:1.6.0]
	at org.junit.platform.engine.support.hierarchical.Node.around(Node.java:135) ~[junit-platform-engine-1.6.0.jar:1.6.0]
	at org.junit.platform.engine.support.hierarchical.NodeTestTask.lambda$executeRecursively$8(NodeTestTask.java:123) ~[junit-platform-engine-1.6.0.jar:1.6.0]
	at org.junit.platform.engine.support.hierarchical.ThrowableCollector.execute(ThrowableCollector.java:73) ~[junit-platform-engine-1.6.0.jar:1.6.0]
	at org.junit.platform.engine.support.hierarchical.NodeTestTask.executeRecursively(NodeTestTask.java:122) ~[junit-platform-engine-1.6.0.jar:1.6.0]
	at org.junit.platform.engine.support.hierarchical.NodeTestTask.execute(NodeTestTask.java:80) ~[junit-platform-engine-1.6.0.jar:1.6.0]
	at java.util.ArrayList.forEach(ArrayList.java:1249) ~[?:1.8.0_131]
	at org.junit.platform.engine.support.hierarchical.SameThreadHierarchicalTestExecutorService.invokeAll(SameThreadHierarchicalTestExecutorService.java:38) ~[junit-platform-engine-1.6.0.jar:1.6.0]
	at org.junit.platform.engine.support.hierarchical.NodeTestTask.lambda$executeRecursively$5(NodeTestTask.java:139) ~[junit-platform-engine-1.6.0.jar:1.6.0]
	at org.junit.platform.engine.support.hierarchical.ThrowableCollector.execute(ThrowableCollector.java:73) ~[junit-platform-engine-1.6.0.jar:1.6.0]
	at org.junit.platform.engine.support.hierarchical.NodeTestTask.lambda$executeRecursively$7(NodeTestTask.java:125) ~[junit-platform-engine-1.6.0.jar:1.6.0]
	at org.junit.platform.engine.support.hierarchical.Node.around(Node.java:135) ~[junit-platform-engine-1.6.0.jar:1.6.0]
	at org.junit.platform.engine.support.hierarchical.NodeTestTask.lambda$executeRecursively$8(NodeTestTask.java:123) ~[junit-platform-engine-1.6.0.jar:1.6.0]
	at org.junit.platform.engine.support.hierarchical.ThrowableCollector.execute(ThrowableCollector.java:73) ~[junit-platform-engine-1.6.0.jar:1.6.0]
	at org.junit.platform.engine.support.hierarchical.NodeTestTask.executeRecursively(NodeTestTask.java:122) ~[junit-platform-engine-1.6.0.jar:1.6.0]
	at org.junit.platform.engine.support.hierarchical.NodeTestTask.execute(NodeTestTask.java:80) ~[junit-platform-engine-1.6.0.jar:1.6.0]
	at java.util.ArrayList.forEach(ArrayList.java:1249) ~[?:1.8.0_131]
	at org.junit.platform.engine.support.hierarchical.SameThreadHierarchicalTestExecutorService.invokeAll(SameThreadHierarchicalTestExecutorService.java:38) ~[junit-platform-engine-1.6.0.jar:1.6.0]
	at org.junit.platform.engine.support.hierarchical.NodeTestTask.lambda$executeRecursively$5(NodeTestTask.java:139) ~[junit-platform-engine-1.6.0.jar:1.6.0]
	at org.junit.platform.engine.support.hierarchical.ThrowableCollector.execute(ThrowableCollector.java:73) ~[junit-platform-engine-1.6.0.jar:1.6.0]
	at org.junit.platform.engine.support.hierarchical.NodeTestTask.lambda$executeRecursively$7(NodeTestTask.java:125) ~[junit-platform-engine-1.6.0.jar:1.6.0]
	at org.junit.platform.engine.support.hierarchical.Node.around(Node.java:135) ~[junit-platform-engine-1.6.0.jar:1.6.0]
	at org.junit.platform.engine.support.hierarchical.NodeTestTask.lambda$executeRecursively$8(NodeTestTask.java:123) ~[junit-platform-engine-1.6.0.jar:1.6.0]
	at org.junit.platform.engine.support.hierarchical.ThrowableCollector.execute(ThrowableCollector.java:73) ~[junit-platform-engine-1.6.0.jar:1.6.0]
	at org.junit.platform.engine.support.hierarchical.NodeTestTask.executeRecursively(NodeTestTask.java:122) ~[junit-platform-engine-1.6.0.jar:1.6.0]
	at org.junit.platform.engine.support.hierarchical.NodeTestTask.execute(NodeTestTask.java:80) ~[junit-platform-engine-1.6.0.jar:1.6.0]
	at org.junit.platform.engine.support.hierarchical.SameThreadHierarchicalTestExecutorService.submit(SameThreadHierarchicalTestExecutorService.java:32) ~[junit-platform-engine-1.6.0.jar:1.6.0]
	at org.junit.platform.engine.support.hierarchical.HierarchicalTestExecutor.execute(HierarchicalTestExecutor.java:57) ~[junit-platform-engine-1.6.0.jar:1.6.0]
	at org.junit.platform.engine.support.hierarchical.HierarchicalTestEngine.execute(HierarchicalTestEngine.java:51) ~[junit-platform-engine-1.6.0.jar:1.6.0]
	at org.junit.platform.launcher.core.DefaultLauncher.execute(DefaultLauncher.java:229) ~[.cp/:?]
	at org.junit.platform.launcher.core.DefaultLauncher.lambda$execute$6(DefaultLauncher.java:197) ~[.cp/:?]
	at org.junit.platform.launcher.core.DefaultLauncher.withInterceptedStreams(DefaultLauncher.java:211) [.cp/:?]
	at org.junit.platform.launcher.core.DefaultLauncher.execute(DefaultLauncher.java:191) [.cp/:?]
	at org.junit.platform.launcher.core.DefaultLauncher.execute(DefaultLauncher.java:137) [.cp/:?]
	at org.eclipse.jdt.internal.junit5.runner.JUnit5TestReference.run(JUnit5TestReference.java:89) [.cp/:?]
	at org.eclipse.jdt.internal.junit.runner.TestExecution.run(TestExecution.java:41) [.cp/:?]
	at org.eclipse.jdt.internal.junit.runner.RemoteTestRunner.runTests(RemoteTestRunner.java:542) [.cp/:?]
	at org.eclipse.jdt.internal.junit.runner.RemoteTestRunner.runTests(RemoteTestRunner.java:770) [.cp/:?]
	at org.eclipse.jdt.internal.junit.runner.RemoteTestRunner.run(RemoteTestRunner.java:464) [.cp/:?]
	at org.eclipse.jdt.internal.junit.runner.RemoteTestRunner.main(RemoteTestRunner.java:210) [.cp/:?]
2020-03-07 22:41:28 [main] INFO  DataBaseTestConfig:21 - Create DB connection
2020-03-07 22:41:28 [main] INFO  DataBaseTestConfig:21 - Create DB connection
2020-03-07 22:41:28 [main] INFO  DataBaseTestConfig:21 - Create DB connection
2020-03-07 22:41:28 [main] ERROR ParkingSpotDAO:45 - Error fetching next available slot
java.sql.SQLException: Access denied for user ''@'localhost' (using password: NO)
	at com.mysql.cj.jdbc.exceptions.SQLError.createSQLException(SQLError.java:129) ~[mysql-connector-java-8.0.17.jar:8.0.17]
	at com.mysql.cj.jdbc.exceptions.SQLError.createSQLException(SQLError.java:97) ~[mysql-connector-java-8.0.17.jar:8.0.17]
	at com.mysql.cj.jdbc.exceptions.SQLExceptionsMapping.translateException(SQLExceptionsMapping.java:122) ~[mysql-connector-java-8.0.17.jar:8.0.17]
	at com.mysql.cj.jdbc.ConnectionImpl.createNewIO(ConnectionImpl.java:827) ~[mysql-connector-java-8.0.17.jar:8.0.17]
	at com.mysql.cj.jdbc.ConnectionImpl.<init>(ConnectionImpl.java:447) ~[mysql-connector-java-8.0.17.jar:8.0.17]
	at com.mysql.cj.jdbc.ConnectionImpl.getInstance(ConnectionImpl.java:237) ~[mysql-connector-java-8.0.17.jar:8.0.17]
	at com.mysql.cj.jdbc.NonRegisteringDriver.connect(NonRegisteringDriver.java:199) ~[mysql-connector-java-8.0.17.jar:8.0.17]
	at java.sql.DriverManager.getConnection(DriverManager.java:664) ~[?:1.8.0_131]
	at java.sql.DriverManager.getConnection(DriverManager.java:247) ~[?:1.8.0_131]
	at com.parkit.parkingsystem.integration.config.DataBaseTestConfig.getConnection(DataBaseTestConfig.java:33) ~[test-classes/:?]
	at com.parkit.parkingsystem.dao.ParkingSpotDAO.getNextAvailableSlot(ParkingSpotDAO.java:35) ~[classes/:?]
	at com.parkit.parkingsystem.service.ParkingService.getNextParkingNumberIfAvailable(ParkingService.java:92) ~[classes/:?]
	at com.parkit.parkingsystem.service.ParkingService.processIncomingVehicle(ParkingService.java:33) ~[classes/:?]
	at com.parkit.parkingsystem.integration.ParkingDataBaseIT.testParkingACar(ParkingDataBaseIT.java:66) ~[test-classes/:?]
	at sun.reflect.NativeMethodAccessorImpl.invoke0(Native Method) ~[?:1.8.0_131]
	at sun.reflect.NativeMethodAccessorImpl.invoke(NativeMethodAccessorImpl.java:62) ~[?:1.8.0_131]
	at sun.reflect.DelegatingMethodAccessorImpl.invoke(DelegatingMethodAccessorImpl.java:43) ~[?:1.8.0_131]
	at java.lang.reflect.Method.invoke(Method.java:498) ~[?:1.8.0_131]
	at org.junit.platform.commons.util.ReflectionUtils.invokeMethod(ReflectionUtils.java:686) ~[junit-platform-commons-1.6.0.jar:1.6.0]
	at org.junit.jupiter.engine.execution.MethodInvocation.proceed(MethodInvocation.java:60) ~[junit-jupiter-engine-5.6.0.jar:5.6.0]
	at org.junit.jupiter.engine.execution.InvocationInterceptorChain$ValidatingInvocation.proceed(InvocationInterceptorChain.java:131) ~[junit-jupiter-engine-5.6.0.jar:5.6.0]
	at org.junit.jupiter.engine.extension.TimeoutExtension.intercept(TimeoutExtension.java:149) ~[junit-jupiter-engine-5.6.0.jar:5.6.0]
	at org.junit.jupiter.engine.extension.TimeoutExtension.interceptTestableMethod(TimeoutExtension.java:140) ~[junit-jupiter-engine-5.6.0.jar:5.6.0]
	at org.junit.jupiter.engine.extension.TimeoutExtension.interceptTestMethod(TimeoutExtension.java:84) ~[junit-jupiter-engine-5.6.0.jar:5.6.0]
	at org.junit.jupiter.engine.execution.ExecutableInvoker$ReflectiveInterceptorCall.lambda$ofVoidMethod$0(ExecutableInvoker.java:115) ~[junit-jupiter-engine-5.6.0.jar:5.6.0]
	at org.junit.jupiter.engine.execution.ExecutableInvoker.lambda$invoke$0(ExecutableInvoker.java:105) ~[junit-jupiter-engine-5.6.0.jar:5.6.0]
	at org.junit.jupiter.engine.execution.InvocationInterceptorChain$InterceptedInvocation.proceed(InvocationInterceptorChain.java:106) ~[junit-jupiter-engine-5.6.0.jar:5.6.0]
	at org.junit.jupiter.engine.execution.InvocationInterceptorChain.proceed(InvocationInterceptorChain.java:64) ~[junit-jupiter-engine-5.6.0.jar:5.6.0]
	at org.junit.jupiter.engine.execution.InvocationInterceptorChain.chainAndInvoke(InvocationInterceptorChain.java:45) ~[junit-jupiter-engine-5.6.0.jar:5.6.0]
	at org.junit.jupiter.engine.execution.InvocationInterceptorChain.invoke(InvocationInterceptorChain.java:37) ~[junit-jupiter-engine-5.6.0.jar:5.6.0]
	at org.junit.jupiter.engine.execution.ExecutableInvoker.invoke(ExecutableInvoker.java:104) ~[junit-jupiter-engine-5.6.0.jar:5.6.0]
	at org.junit.jupiter.engine.execution.ExecutableInvoker.invoke(ExecutableInvoker.java:98) ~[junit-jupiter-engine-5.6.0.jar:5.6.0]
	at org.junit.jupiter.engine.descriptor.TestMethodTestDescriptor.lambda$invokeTestMethod$6(TestMethodTestDescriptor.java:205) ~[junit-jupiter-engine-5.6.0.jar:5.6.0]
	at org.junit.platform.engine.support.hierarchical.ThrowableCollector.execute(ThrowableCollector.java:73) ~[junit-platform-engine-1.6.0.jar:1.6.0]
	at org.junit.jupiter.engine.descriptor.TestMethodTestDescriptor.invokeTestMethod(TestMethodTestDescriptor.java:201) ~[junit-jupiter-engine-5.6.0.jar:5.6.0]
	at org.junit.jupiter.engine.descriptor.TestMethodTestDescriptor.execute(TestMethodTestDescriptor.java:137) ~[junit-jupiter-engine-5.6.0.jar:5.6.0]
	at org.junit.jupiter.engine.descriptor.TestMethodTestDescriptor.execute(TestMethodTestDescriptor.java:71) ~[junit-jupiter-engine-5.6.0.jar:5.6.0]
	at org.junit.platform.engine.support.hierarchical.NodeTestTask.lambda$executeRecursively$5(NodeTestTask.java:135) ~[junit-platform-engine-1.6.0.jar:1.6.0]
	at org.junit.platform.engine.support.hierarchical.ThrowableCollector.execute(ThrowableCollector.java:73) ~[junit-platform-engine-1.6.0.jar:1.6.0]
	at org.junit.platform.engine.support.hierarchical.NodeTestTask.lambda$executeRecursively$7(NodeTestTask.java:125) ~[junit-platform-engine-1.6.0.jar:1.6.0]
	at org.junit.platform.engine.support.hierarchical.Node.around(Node.java:135) ~[junit-platform-engine-1.6.0.jar:1.6.0]
	at org.junit.platform.engine.support.hierarchical.NodeTestTask.lambda$executeRecursively$8(NodeTestTask.java:123) ~[junit-platform-engine-1.6.0.jar:1.6.0]
	at org.junit.platform.engine.support.hierarchical.ThrowableCollector.execute(ThrowableCollector.java:73) ~[junit-platform-engine-1.6.0.jar:1.6.0]
	at org.junit.platform.engine.support.hierarchical.NodeTestTask.executeRecursively(NodeTestTask.java:122) ~[junit-platform-engine-1.6.0.jar:1.6.0]
	at org.junit.platform.engine.support.hierarchical.NodeTestTask.execute(NodeTestTask.java:80) ~[junit-platform-engine-1.6.0.jar:1.6.0]
	at java.util.ArrayList.forEach(ArrayList.java:1249) ~[?:1.8.0_131]
	at org.junit.platform.engine.support.hierarchical.SameThreadHierarchicalTestExecutorService.invokeAll(SameThreadHierarchicalTestExecutorService.java:38) ~[junit-platform-engine-1.6.0.jar:1.6.0]
	at org.junit.platform.engine.support.hierarchical.NodeTestTask.lambda$executeRecursively$5(NodeTestTask.java:139) ~[junit-platform-engine-1.6.0.jar:1.6.0]
	at org.junit.platform.engine.support.hierarchical.ThrowableCollector.execute(ThrowableCollector.java:73) ~[junit-platform-engine-1.6.0.jar:1.6.0]
	at org.junit.platform.engine.support.hierarchical.NodeTestTask.lambda$executeRecursively$7(NodeTestTask.java:125) ~[junit-platform-engine-1.6.0.jar:1.6.0]
	at org.junit.platform.engine.support.hierarchical.Node.around(Node.java:135) ~[junit-platform-engine-1.6.0.jar:1.6.0]
	at org.junit.platform.engine.support.hierarchical.NodeTestTask.lambda$executeRecursively$8(NodeTestTask.java:123) ~[junit-platform-engine-1.6.0.jar:1.6.0]
	at org.junit.platform.engine.support.hierarchical.ThrowableCollector.execute(ThrowableCollector.java:73) ~[junit-platform-engine-1.6.0.jar:1.6.0]
	at org.junit.platform.engine.support.hierarchical.NodeTestTask.executeRecursively(NodeTestTask.java:122) ~[junit-platform-engine-1.6.0.jar:1.6.0]
	at org.junit.platform.engine.support.hierarchical.NodeTestTask.execute(NodeTestTask.java:80) ~[junit-platform-engine-1.6.0.jar:1.6.0]
	at java.util.ArrayList.forEach(ArrayList.java:1249) ~[?:1.8.0_131]
	at org.junit.platform.engine.support.hierarchical.SameThreadHierarchicalTestExecutorService.invokeAll(SameThreadHierarchicalTestExecutorService.java:38) ~[junit-platform-engine-1.6.0.jar:1.6.0]
	at org.junit.platform.engine.support.hierarchical.NodeTestTask.lambda$executeRecursively$5(NodeTestTask.java:139) ~[junit-platform-engine-1.6.0.jar:1.6.0]
	at org.junit.platform.engine.support.hierarchical.ThrowableCollector.execute(ThrowableCollector.java:73) ~[junit-platform-engine-1.6.0.jar:1.6.0]
	at org.junit.platform.engine.support.hierarchical.NodeTestTask.lambda$executeRecursively$7(NodeTestTask.java:125) ~[junit-platform-engine-1.6.0.jar:1.6.0]
	at org.junit.platform.engine.support.hierarchical.Node.around(Node.java:135) ~[junit-platform-engine-1.6.0.jar:1.6.0]
	at org.junit.platform.engine.support.hierarchical.NodeTestTask.lambda$executeRecursively$8(NodeTestTask.java:123) ~[junit-platform-engine-1.6.0.jar:1.6.0]
	at org.junit.platform.engine.support.hierarchical.ThrowableCollector.execute(ThrowableCollector.java:73) ~[junit-platform-engine-1.6.0.jar:1.6.0]
	at org.junit.platform.engine.support.hierarchical.NodeTestTask.executeRecursively(NodeTestTask.java:122) ~[junit-platform-engine-1.6.0.jar:1.6.0]
	at org.junit.platform.engine.support.hierarchical.NodeTestTask.execute(NodeTestTask.java:80) ~[junit-platform-engine-1.6.0.jar:1.6.0]
	at org.junit.platform.engine.support.hierarchical.SameThreadHierarchicalTestExecutorService.submit(SameThreadHierarchicalTestExecutorService.java:32) ~[junit-platform-engine-1.6.0.jar:1.6.0]
	at org.junit.platform.engine.support.hierarchical.HierarchicalTestExecutor.execute(HierarchicalTestExecutor.java:57) ~[junit-platform-engine-1.6.0.jar:1.6.0]
	at org.junit.platform.engine.support.hierarchical.HierarchicalTestEngine.execute(HierarchicalTestEngine.java:51) ~[junit-platform-engine-1.6.0.jar:1.6.0]
	at org.junit.platform.launcher.core.DefaultLauncher.execute(DefaultLauncher.java:229) ~[.cp/:?]
	at org.junit.platform.launcher.core.DefaultLauncher.lambda$execute$6(DefaultLauncher.java:197) ~[.cp/:?]
	at org.junit.platform.launcher.core.DefaultLauncher.withInterceptedStreams(DefaultLauncher.java:211) [.cp/:?]
	at org.junit.platform.launcher.core.DefaultLauncher.execute(DefaultLauncher.java:191) [.cp/:?]
	at org.junit.platform.launcher.core.DefaultLauncher.execute(DefaultLauncher.java:137) [.cp/:?]
	at org.eclipse.jdt.internal.junit5.runner.JUnit5TestReference.run(JUnit5TestReference.java:89) [.cp/:?]
	at org.eclipse.jdt.internal.junit.runner.TestExecution.run(TestExecution.java:41) [.cp/:?]
	at org.eclipse.jdt.internal.junit.runner.RemoteTestRunner.runTests(RemoteTestRunner.java:542) [.cp/:?]
	at org.eclipse.jdt.internal.junit.runner.RemoteTestRunner.runTests(RemoteTestRunner.java:770) [.cp/:?]
	at org.eclipse.jdt.internal.junit.runner.RemoteTestRunner.run(RemoteTestRunner.java:464) [.cp/:?]
	at org.eclipse.jdt.internal.junit.runner.RemoteTestRunner.main(RemoteTestRunner.java:210) [.cp/:?]
2020-03-07 22:41:28 [main] ERROR ParkingService:101 - Error fetching next available parking slot
java.lang.Exception: Error fetching parking number from DB. Parking slots might be full
	at com.parkit.parkingsystem.service.ParkingService.getNextParkingNumberIfAvailable(ParkingService.java:96) ~[classes/:?]
	at com.parkit.parkingsystem.service.ParkingService.processIncomingVehicle(ParkingService.java:33) ~[classes/:?]
	at com.parkit.parkingsystem.integration.ParkingDataBaseIT.testParkingACar(ParkingDataBaseIT.java:66) ~[test-classes/:?]
	at sun.reflect.NativeMethodAccessorImpl.invoke0(Native Method) ~[?:1.8.0_131]
	at sun.reflect.NativeMethodAccessorImpl.invoke(NativeMethodAccessorImpl.java:62) ~[?:1.8.0_131]
	at sun.reflect.DelegatingMethodAccessorImpl.invoke(DelegatingMethodAccessorImpl.java:43) ~[?:1.8.0_131]
	at java.lang.reflect.Method.invoke(Method.java:498) ~[?:1.8.0_131]
	at org.junit.platform.commons.util.ReflectionUtils.invokeMethod(ReflectionUtils.java:686) ~[junit-platform-commons-1.6.0.jar:1.6.0]
	at org.junit.jupiter.engine.execution.MethodInvocation.proceed(MethodInvocation.java:60) ~[junit-jupiter-engine-5.6.0.jar:5.6.0]
	at org.junit.jupiter.engine.execution.InvocationInterceptorChain$ValidatingInvocation.proceed(InvocationInterceptorChain.java:131) ~[junit-jupiter-engine-5.6.0.jar:5.6.0]
	at org.junit.jupiter.engine.extension.TimeoutExtension.intercept(TimeoutExtension.java:149) ~[junit-jupiter-engine-5.6.0.jar:5.6.0]
	at org.junit.jupiter.engine.extension.TimeoutExtension.interceptTestableMethod(TimeoutExtension.java:140) ~[junit-jupiter-engine-5.6.0.jar:5.6.0]
	at org.junit.jupiter.engine.extension.TimeoutExtension.interceptTestMethod(TimeoutExtension.java:84) ~[junit-jupiter-engine-5.6.0.jar:5.6.0]
	at org.junit.jupiter.engine.execution.ExecutableInvoker$ReflectiveInterceptorCall.lambda$ofVoidMethod$0(ExecutableInvoker.java:115) ~[junit-jupiter-engine-5.6.0.jar:5.6.0]
	at org.junit.jupiter.engine.execution.ExecutableInvoker.lambda$invoke$0(ExecutableInvoker.java:105) ~[junit-jupiter-engine-5.6.0.jar:5.6.0]
	at org.junit.jupiter.engine.execution.InvocationInterceptorChain$InterceptedInvocation.proceed(InvocationInterceptorChain.java:106) ~[junit-jupiter-engine-5.6.0.jar:5.6.0]
	at org.junit.jupiter.engine.execution.InvocationInterceptorChain.proceed(InvocationInterceptorChain.java:64) ~[junit-jupiter-engine-5.6.0.jar:5.6.0]
	at org.junit.jupiter.engine.execution.InvocationInterceptorChain.chainAndInvoke(InvocationInterceptorChain.java:45) ~[junit-jupiter-engine-5.6.0.jar:5.6.0]
	at org.junit.jupiter.engine.execution.InvocationInterceptorChain.invoke(InvocationInterceptorChain.java:37) ~[junit-jupiter-engine-5.6.0.jar:5.6.0]
	at org.junit.jupiter.engine.execution.ExecutableInvoker.invoke(ExecutableInvoker.java:104) ~[junit-jupiter-engine-5.6.0.jar:5.6.0]
	at org.junit.jupiter.engine.execution.ExecutableInvoker.invoke(ExecutableInvoker.java:98) ~[junit-jupiter-engine-5.6.0.jar:5.6.0]
	at org.junit.jupiter.engine.descriptor.TestMethodTestDescriptor.lambda$invokeTestMethod$6(TestMethodTestDescriptor.java:205) ~[junit-jupiter-engine-5.6.0.jar:5.6.0]
	at org.junit.platform.engine.support.hierarchical.ThrowableCollector.execute(ThrowableCollector.java:73) ~[junit-platform-engine-1.6.0.jar:1.6.0]
	at org.junit.jupiter.engine.descriptor.TestMethodTestDescriptor.invokeTestMethod(TestMethodTestDescriptor.java:201) ~[junit-jupiter-engine-5.6.0.jar:5.6.0]
	at org.junit.jupiter.engine.descriptor.TestMethodTestDescriptor.execute(TestMethodTestDescriptor.java:137) ~[junit-jupiter-engine-5.6.0.jar:5.6.0]
	at org.junit.jupiter.engine.descriptor.TestMethodTestDescriptor.execute(TestMethodTestDescriptor.java:71) ~[junit-jupiter-engine-5.6.0.jar:5.6.0]
	at org.junit.platform.engine.support.hierarchical.NodeTestTask.lambda$executeRecursively$5(NodeTestTask.java:135) ~[junit-platform-engine-1.6.0.jar:1.6.0]
	at org.junit.platform.engine.support.hierarchical.ThrowableCollector.execute(ThrowableCollector.java:73) ~[junit-platform-engine-1.6.0.jar:1.6.0]
	at org.junit.platform.engine.support.hierarchical.NodeTestTask.lambda$executeRecursively$7(NodeTestTask.java:125) ~[junit-platform-engine-1.6.0.jar:1.6.0]
	at org.junit.platform.engine.support.hierarchical.Node.around(Node.java:135) ~[junit-platform-engine-1.6.0.jar:1.6.0]
	at org.junit.platform.engine.support.hierarchical.NodeTestTask.lambda$executeRecursively$8(NodeTestTask.java:123) ~[junit-platform-engine-1.6.0.jar:1.6.0]
	at org.junit.platform.engine.support.hierarchical.ThrowableCollector.execute(ThrowableCollector.java:73) ~[junit-platform-engine-1.6.0.jar:1.6.0]
	at org.junit.platform.engine.support.hierarchical.NodeTestTask.executeRecursively(NodeTestTask.java:122) ~[junit-platform-engine-1.6.0.jar:1.6.0]
	at org.junit.platform.engine.support.hierarchical.NodeTestTask.execute(NodeTestTask.java:80) ~[junit-platform-engine-1.6.0.jar:1.6.0]
	at java.util.ArrayList.forEach(ArrayList.java:1249) ~[?:1.8.0_131]
	at org.junit.platform.engine.support.hierarchical.SameThreadHierarchicalTestExecutorService.invokeAll(SameThreadHierarchicalTestExecutorService.java:38) ~[junit-platform-engine-1.6.0.jar:1.6.0]
	at org.junit.platform.engine.support.hierarchical.NodeTestTask.lambda$executeRecursively$5(NodeTestTask.java:139) ~[junit-platform-engine-1.6.0.jar:1.6.0]
	at org.junit.platform.engine.support.hierarchical.ThrowableCollector.execute(ThrowableCollector.java:73) ~[junit-platform-engine-1.6.0.jar:1.6.0]
	at org.junit.platform.engine.support.hierarchical.NodeTestTask.lambda$executeRecursively$7(NodeTestTask.java:125) ~[junit-platform-engine-1.6.0.jar:1.6.0]
	at org.junit.platform.engine.support.hierarchical.Node.around(Node.java:135) ~[junit-platform-engine-1.6.0.jar:1.6.0]
	at org.junit.platform.engine.support.hierarchical.NodeTestTask.lambda$executeRecursively$8(NodeTestTask.java:123) ~[junit-platform-engine-1.6.0.jar:1.6.0]
	at org.junit.platform.engine.support.hierarchical.ThrowableCollector.execute(ThrowableCollector.java:73) ~[junit-platform-engine-1.6.0.jar:1.6.0]
	at org.junit.platform.engine.support.hierarchical.NodeTestTask.executeRecursively(NodeTestTask.java:122) ~[junit-platform-engine-1.6.0.jar:1.6.0]
	at org.junit.platform.engine.support.hierarchical.NodeTestTask.execute(NodeTestTask.java:80) ~[junit-platform-engine-1.6.0.jar:1.6.0]
	at java.util.ArrayList.forEach(ArrayList.java:1249) ~[?:1.8.0_131]
	at org.junit.platform.engine.support.hierarchical.SameThreadHierarchicalTestExecutorService.invokeAll(SameThreadHierarchicalTestExecutorService.java:38) ~[junit-platform-engine-1.6.0.jar:1.6.0]
	at org.junit.platform.engine.support.hierarchical.NodeTestTask.lambda$executeRecursively$5(NodeTestTask.java:139) ~[junit-platform-engine-1.6.0.jar:1.6.0]
	at org.junit.platform.engine.support.hierarchical.ThrowableCollector.execute(ThrowableCollector.java:73) ~[junit-platform-engine-1.6.0.jar:1.6.0]
	at org.junit.platform.engine.support.hierarchical.NodeTestTask.lambda$executeRecursively$7(NodeTestTask.java:125) ~[junit-platform-engine-1.6.0.jar:1.6.0]
	at org.junit.platform.engine.support.hierarchical.Node.around(Node.java:135) ~[junit-platform-engine-1.6.0.jar:1.6.0]
	at org.junit.platform.engine.support.hierarchical.NodeTestTask.lambda$executeRecursively$8(NodeTestTask.java:123) ~[junit-platform-engine-1.6.0.jar:1.6.0]
	at org.junit.platform.engine.support.hierarchical.ThrowableCollector.execute(ThrowableCollector.java:73) ~[junit-platform-engine-1.6.0.jar:1.6.0]
	at org.junit.platform.engine.support.hierarchical.NodeTestTask.executeRecursively(NodeTestTask.java:122) ~[junit-platform-engine-1.6.0.jar:1.6.0]
	at org.junit.platform.engine.support.hierarchical.NodeTestTask.execute(NodeTestTask.java:80) ~[junit-platform-engine-1.6.0.jar:1.6.0]
	at org.junit.platform.engine.support.hierarchical.SameThreadHierarchicalTestExecutorService.submit(SameThreadHierarchicalTestExecutorService.java:32) ~[junit-platform-engine-1.6.0.jar:1.6.0]
	at org.junit.platform.engine.support.hierarchical.HierarchicalTestExecutor.execute(HierarchicalTestExecutor.java:57) ~[junit-platform-engine-1.6.0.jar:1.6.0]
	at org.junit.platform.engine.support.hierarchical.HierarchicalTestEngine.execute(HierarchicalTestEngine.java:51) ~[junit-platform-engine-1.6.0.jar:1.6.0]
	at org.junit.platform.launcher.core.DefaultLauncher.execute(DefaultLauncher.java:229) ~[.cp/:?]
	at org.junit.platform.launcher.core.DefaultLauncher.lambda$execute$6(DefaultLauncher.java:197) ~[.cp/:?]
	at org.junit.platform.launcher.core.DefaultLauncher.withInterceptedStreams(DefaultLauncher.java:211) [.cp/:?]
	at org.junit.platform.launcher.core.DefaultLauncher.execute(DefaultLauncher.java:191) [.cp/:?]
	at org.junit.platform.launcher.core.DefaultLauncher.execute(DefaultLauncher.java:137) [.cp/:?]
	at org.eclipse.jdt.internal.junit5.runner.JUnit5TestReference.run(JUnit5TestReference.java:89) [.cp/:?]
	at org.eclipse.jdt.internal.junit.runner.TestExecution.run(TestExecution.java:41) [.cp/:?]
	at org.eclipse.jdt.internal.junit.runner.RemoteTestRunner.runTests(RemoteTestRunner.java:542) [.cp/:?]
	at org.eclipse.jdt.internal.junit.runner.RemoteTestRunner.runTests(RemoteTestRunner.java:770) [.cp/:?]
	at org.eclipse.jdt.internal.junit.runner.RemoteTestRunner.run(RemoteTestRunner.java:464) [.cp/:?]
	at org.eclipse.jdt.internal.junit.runner.RemoteTestRunner.main(RemoteTestRunner.java:210) [.cp/:?]
2020-03-07 22:41:28 [main] INFO  DataBaseTestConfig:21 - Create DB connection
2020-03-07 22:41:28 [main] ERROR TicketDAO:83 - Error fetching next available slot
java.sql.SQLException: Access denied for user ''@'localhost' (using password: NO)
	at com.mysql.cj.jdbc.exceptions.SQLError.createSQLException(SQLError.java:129) ~[mysql-connector-java-8.0.17.jar:8.0.17]
	at com.mysql.cj.jdbc.exceptions.SQLError.createSQLException(SQLError.java:97) ~[mysql-connector-java-8.0.17.jar:8.0.17]
	at com.mysql.cj.jdbc.exceptions.SQLExceptionsMapping.translateException(SQLExceptionsMapping.java:122) ~[mysql-connector-java-8.0.17.jar:8.0.17]
	at com.mysql.cj.jdbc.ConnectionImpl.createNewIO(ConnectionImpl.java:827) ~[mysql-connector-java-8.0.17.jar:8.0.17]
	at com.mysql.cj.jdbc.ConnectionImpl.<init>(ConnectionImpl.java:447) ~[mysql-connector-java-8.0.17.jar:8.0.17]
	at com.mysql.cj.jdbc.ConnectionImpl.getInstance(ConnectionImpl.java:237) ~[mysql-connector-java-8.0.17.jar:8.0.17]
	at com.mysql.cj.jdbc.NonRegisteringDriver.connect(NonRegisteringDriver.java:199) ~[mysql-connector-java-8.0.17.jar:8.0.17]
	at java.sql.DriverManager.getConnection(DriverManager.java:664) ~[?:1.8.0_131]
	at java.sql.DriverManager.getConnection(DriverManager.java:247) ~[?:1.8.0_131]
	at com.parkit.parkingsystem.integration.config.DataBaseTestConfig.getConnection(DataBaseTestConfig.java:33) ~[test-classes/:?]
	at com.parkit.parkingsystem.dao.TicketDAO.getTicket(TicketDAO.java:67) ~[classes/:?]
	at com.parkit.parkingsystem.integration.ParkingDataBaseIT.testParkingACar(ParkingDataBaseIT.java:67) ~[test-classes/:?]
	at sun.reflect.NativeMethodAccessorImpl.invoke0(Native Method) ~[?:1.8.0_131]
	at sun.reflect.NativeMethodAccessorImpl.invoke(NativeMethodAccessorImpl.java:62) ~[?:1.8.0_131]
	at sun.reflect.DelegatingMethodAccessorImpl.invoke(DelegatingMethodAccessorImpl.java:43) ~[?:1.8.0_131]
	at java.lang.reflect.Method.invoke(Method.java:498) ~[?:1.8.0_131]
	at org.junit.platform.commons.util.ReflectionUtils.invokeMethod(ReflectionUtils.java:686) ~[junit-platform-commons-1.6.0.jar:1.6.0]
	at org.junit.jupiter.engine.execution.MethodInvocation.proceed(MethodInvocation.java:60) ~[junit-jupiter-engine-5.6.0.jar:5.6.0]
	at org.junit.jupiter.engine.execution.InvocationInterceptorChain$ValidatingInvocation.proceed(InvocationInterceptorChain.java:131) ~[junit-jupiter-engine-5.6.0.jar:5.6.0]
	at org.junit.jupiter.engine.extension.TimeoutExtension.intercept(TimeoutExtension.java:149) ~[junit-jupiter-engine-5.6.0.jar:5.6.0]
	at org.junit.jupiter.engine.extension.TimeoutExtension.interceptTestableMethod(TimeoutExtension.java:140) ~[junit-jupiter-engine-5.6.0.jar:5.6.0]
	at org.junit.jupiter.engine.extension.TimeoutExtension.interceptTestMethod(TimeoutExtension.java:84) ~[junit-jupiter-engine-5.6.0.jar:5.6.0]
	at org.junit.jupiter.engine.execution.ExecutableInvoker$ReflectiveInterceptorCall.lambda$ofVoidMethod$0(ExecutableInvoker.java:115) ~[junit-jupiter-engine-5.6.0.jar:5.6.0]
	at org.junit.jupiter.engine.execution.ExecutableInvoker.lambda$invoke$0(ExecutableInvoker.java:105) ~[junit-jupiter-engine-5.6.0.jar:5.6.0]
	at org.junit.jupiter.engine.execution.InvocationInterceptorChain$InterceptedInvocation.proceed(InvocationInterceptorChain.java:106) ~[junit-jupiter-engine-5.6.0.jar:5.6.0]
	at org.junit.jupiter.engine.execution.InvocationInterceptorChain.proceed(InvocationInterceptorChain.java:64) ~[junit-jupiter-engine-5.6.0.jar:5.6.0]
	at org.junit.jupiter.engine.execution.InvocationInterceptorChain.chainAndInvoke(InvocationInterceptorChain.java:45) ~[junit-jupiter-engine-5.6.0.jar:5.6.0]
	at org.junit.jupiter.engine.execution.InvocationInterceptorChain.invoke(InvocationInterceptorChain.java:37) ~[junit-jupiter-engine-5.6.0.jar:5.6.0]
	at org.junit.jupiter.engine.execution.ExecutableInvoker.invoke(ExecutableInvoker.java:104) ~[junit-jupiter-engine-5.6.0.jar:5.6.0]
	at org.junit.jupiter.engine.execution.ExecutableInvoker.invoke(ExecutableInvoker.java:98) ~[junit-jupiter-engine-5.6.0.jar:5.6.0]
	at org.junit.jupiter.engine.descriptor.TestMethodTestDescriptor.lambda$invokeTestMethod$6(TestMethodTestDescriptor.java:205) ~[junit-jupiter-engine-5.6.0.jar:5.6.0]
	at org.junit.platform.engine.support.hierarchical.ThrowableCollector.execute(ThrowableCollector.java:73) ~[junit-platform-engine-1.6.0.jar:1.6.0]
	at org.junit.jupiter.engine.descriptor.TestMethodTestDescriptor.invokeTestMethod(TestMethodTestDescriptor.java:201) ~[junit-jupiter-engine-5.6.0.jar:5.6.0]
	at org.junit.jupiter.engine.descriptor.TestMethodTestDescriptor.execute(TestMethodTestDescriptor.java:137) ~[junit-jupiter-engine-5.6.0.jar:5.6.0]
	at org.junit.jupiter.engine.descriptor.TestMethodTestDescriptor.execute(TestMethodTestDescriptor.java:71) ~[junit-jupiter-engine-5.6.0.jar:5.6.0]
	at org.junit.platform.engine.support.hierarchical.NodeTestTask.lambda$executeRecursively$5(NodeTestTask.java:135) ~[junit-platform-engine-1.6.0.jar:1.6.0]
	at org.junit.platform.engine.support.hierarchical.ThrowableCollector.execute(ThrowableCollector.java:73) ~[junit-platform-engine-1.6.0.jar:1.6.0]
	at org.junit.platform.engine.support.hierarchical.NodeTestTask.lambda$executeRecursively$7(NodeTestTask.java:125) ~[junit-platform-engine-1.6.0.jar:1.6.0]
	at org.junit.platform.engine.support.hierarchical.Node.around(Node.java:135) ~[junit-platform-engine-1.6.0.jar:1.6.0]
	at org.junit.platform.engine.support.hierarchical.NodeTestTask.lambda$executeRecursively$8(NodeTestTask.java:123) ~[junit-platform-engine-1.6.0.jar:1.6.0]
	at org.junit.platform.engine.support.hierarchical.ThrowableCollector.execute(ThrowableCollector.java:73) ~[junit-platform-engine-1.6.0.jar:1.6.0]
	at org.junit.platform.engine.support.hierarchical.NodeTestTask.executeRecursively(NodeTestTask.java:122) ~[junit-platform-engine-1.6.0.jar:1.6.0]
	at org.junit.platform.engine.support.hierarchical.NodeTestTask.execute(NodeTestTask.java:80) ~[junit-platform-engine-1.6.0.jar:1.6.0]
	at java.util.ArrayList.forEach(ArrayList.java:1249) ~[?:1.8.0_131]
	at org.junit.platform.engine.support.hierarchical.SameThreadHierarchicalTestExecutorService.invokeAll(SameThreadHierarchicalTestExecutorService.java:38) ~[junit-platform-engine-1.6.0.jar:1.6.0]
	at org.junit.platform.engine.support.hierarchical.NodeTestTask.lambda$executeRecursively$5(NodeTestTask.java:139) ~[junit-platform-engine-1.6.0.jar:1.6.0]
	at org.junit.platform.engine.support.hierarchical.ThrowableCollector.execute(ThrowableCollector.java:73) ~[junit-platform-engine-1.6.0.jar:1.6.0]
	at org.junit.platform.engine.support.hierarchical.NodeTestTask.lambda$executeRecursively$7(NodeTestTask.java:125) ~[junit-platform-engine-1.6.0.jar:1.6.0]
	at org.junit.platform.engine.support.hierarchical.Node.around(Node.java:135) ~[junit-platform-engine-1.6.0.jar:1.6.0]
	at org.junit.platform.engine.support.hierarchical.NodeTestTask.lambda$executeRecursively$8(NodeTestTask.java:123) ~[junit-platform-engine-1.6.0.jar:1.6.0]
	at org.junit.platform.engine.support.hierarchical.ThrowableCollector.execute(ThrowableCollector.java:73) ~[junit-platform-engine-1.6.0.jar:1.6.0]
	at org.junit.platform.engine.support.hierarchical.NodeTestTask.executeRecursively(NodeTestTask.java:122) ~[junit-platform-engine-1.6.0.jar:1.6.0]
	at org.junit.platform.engine.support.hierarchical.NodeTestTask.execute(NodeTestTask.java:80) ~[junit-platform-engine-1.6.0.jar:1.6.0]
	at java.util.ArrayList.forEach(ArrayList.java:1249) ~[?:1.8.0_131]
	at org.junit.platform.engine.support.hierarchical.SameThreadHierarchicalTestExecutorService.invokeAll(SameThreadHierarchicalTestExecutorService.java:38) ~[junit-platform-engine-1.6.0.jar:1.6.0]
	at org.junit.platform.engine.support.hierarchical.NodeTestTask.lambda$executeRecursively$5(NodeTestTask.java:139) ~[junit-platform-engine-1.6.0.jar:1.6.0]
	at org.junit.platform.engine.support.hierarchical.ThrowableCollector.execute(ThrowableCollector.java:73) ~[junit-platform-engine-1.6.0.jar:1.6.0]
	at org.junit.platform.engine.support.hierarchical.NodeTestTask.lambda$executeRecursively$7(NodeTestTask.java:125) ~[junit-platform-engine-1.6.0.jar:1.6.0]
	at org.junit.platform.engine.support.hierarchical.Node.around(Node.java:135) ~[junit-platform-engine-1.6.0.jar:1.6.0]
	at org.junit.platform.engine.support.hierarchical.NodeTestTask.lambda$executeRecursively$8(NodeTestTask.java:123) ~[junit-platform-engine-1.6.0.jar:1.6.0]
	at org.junit.platform.engine.support.hierarchical.ThrowableCollector.execute(ThrowableCollector.java:73) ~[junit-platform-engine-1.6.0.jar:1.6.0]
	at org.junit.platform.engine.support.hierarchical.NodeTestTask.executeRecursively(NodeTestTask.java:122) ~[junit-platform-engine-1.6.0.jar:1.6.0]
	at org.junit.platform.engine.support.hierarchical.NodeTestTask.execute(NodeTestTask.java:80) ~[junit-platform-engine-1.6.0.jar:1.6.0]
	at org.junit.platform.engine.support.hierarchical.SameThreadHierarchicalTestExecutorService.submit(SameThreadHierarchicalTestExecutorService.java:32) ~[junit-platform-engine-1.6.0.jar:1.6.0]
	at org.junit.platform.engine.support.hierarchical.HierarchicalTestExecutor.execute(HierarchicalTestExecutor.java:57) ~[junit-platform-engine-1.6.0.jar:1.6.0]
	at org.junit.platform.engine.support.hierarchical.HierarchicalTestEngine.execute(HierarchicalTestEngine.java:51) ~[junit-platform-engine-1.6.0.jar:1.6.0]
	at org.junit.platform.launcher.core.DefaultLauncher.execute(DefaultLauncher.java:229) ~[.cp/:?]
	at org.junit.platform.launcher.core.DefaultLauncher.lambda$execute$6(DefaultLauncher.java:197) ~[.cp/:?]
	at org.junit.platform.launcher.core.DefaultLauncher.withInterceptedStreams(DefaultLauncher.java:211) [.cp/:?]
	at org.junit.platform.launcher.core.DefaultLauncher.execute(DefaultLauncher.java:191) [.cp/:?]
	at org.junit.platform.launcher.core.DefaultLauncher.execute(DefaultLauncher.java:137) [.cp/:?]
	at org.eclipse.jdt.internal.junit5.runner.JUnit5TestReference.run(JUnit5TestReference.java:89) [.cp/:?]
	at org.eclipse.jdt.internal.junit.runner.TestExecution.run(TestExecution.java:41) [.cp/:?]
	at org.eclipse.jdt.internal.junit.runner.RemoteTestRunner.runTests(RemoteTestRunner.java:542) [.cp/:?]
	at org.eclipse.jdt.internal.junit.runner.RemoteTestRunner.runTests(RemoteTestRunner.java:770) [.cp/:?]
	at org.eclipse.jdt.internal.junit.runner.RemoteTestRunner.run(RemoteTestRunner.java:464) [.cp/:?]
	at org.eclipse.jdt.internal.junit.runner.RemoteTestRunner.main(RemoteTestRunner.java:210) [.cp/:?]
2020-03-07 22:41:28 [main] INFO  DataBaseTestConfig:21 - Create DB connection
2020-03-07 22:41:29 [main] ERROR TicketDAO:83 - Error fetching next available slot
java.sql.SQLException: Access denied for user ''@'localhost' (using password: NO)
	at com.mysql.cj.jdbc.exceptions.SQLError.createSQLException(SQLError.java:129) ~[mysql-connector-java-8.0.17.jar:8.0.17]
	at com.mysql.cj.jdbc.exceptions.SQLError.createSQLException(SQLError.java:97) ~[mysql-connector-java-8.0.17.jar:8.0.17]
	at com.mysql.cj.jdbc.exceptions.SQLExceptionsMapping.translateException(SQLExceptionsMapping.java:122) ~[mysql-connector-java-8.0.17.jar:8.0.17]
	at com.mysql.cj.jdbc.ConnectionImpl.createNewIO(ConnectionImpl.java:827) ~[mysql-connector-java-8.0.17.jar:8.0.17]
	at com.mysql.cj.jdbc.ConnectionImpl.<init>(ConnectionImpl.java:447) ~[mysql-connector-java-8.0.17.jar:8.0.17]
	at com.mysql.cj.jdbc.ConnectionImpl.getInstance(ConnectionImpl.java:237) ~[mysql-connector-java-8.0.17.jar:8.0.17]
	at com.mysql.cj.jdbc.NonRegisteringDriver.connect(NonRegisteringDriver.java:199) ~[mysql-connector-java-8.0.17.jar:8.0.17]
	at java.sql.DriverManager.getConnection(DriverManager.java:664) ~[?:1.8.0_131]
	at java.sql.DriverManager.getConnection(DriverManager.java:247) ~[?:1.8.0_131]
	at com.parkit.parkingsystem.integration.config.DataBaseTestConfig.getConnection(DataBaseTestConfig.java:33) ~[test-classes/:?]
	at com.parkit.parkingsystem.dao.TicketDAO.getTicket(TicketDAO.java:67) ~[classes/:?]
	at com.parkit.parkingsystem.integration.ParkingDataBaseIT.testParkingACar(ParkingDataBaseIT.java:68) ~[test-classes/:?]
	at sun.reflect.NativeMethodAccessorImpl.invoke0(Native Method) ~[?:1.8.0_131]
	at sun.reflect.NativeMethodAccessorImpl.invoke(NativeMethodAccessorImpl.java:62) ~[?:1.8.0_131]
	at sun.reflect.DelegatingMethodAccessorImpl.invoke(DelegatingMethodAccessorImpl.java:43) ~[?:1.8.0_131]
	at java.lang.reflect.Method.invoke(Method.java:498) ~[?:1.8.0_131]
	at org.junit.platform.commons.util.ReflectionUtils.invokeMethod(ReflectionUtils.java:686) ~[junit-platform-commons-1.6.0.jar:1.6.0]
	at org.junit.jupiter.engine.execution.MethodInvocation.proceed(MethodInvocation.java:60) ~[junit-jupiter-engine-5.6.0.jar:5.6.0]
	at org.junit.jupiter.engine.execution.InvocationInterceptorChain$ValidatingInvocation.proceed(InvocationInterceptorChain.java:131) ~[junit-jupiter-engine-5.6.0.jar:5.6.0]
	at org.junit.jupiter.engine.extension.TimeoutExtension.intercept(TimeoutExtension.java:149) ~[junit-jupiter-engine-5.6.0.jar:5.6.0]
	at org.junit.jupiter.engine.extension.TimeoutExtension.interceptTestableMethod(TimeoutExtension.java:140) ~[junit-jupiter-engine-5.6.0.jar:5.6.0]
	at org.junit.jupiter.engine.extension.TimeoutExtension.interceptTestMethod(TimeoutExtension.java:84) ~[junit-jupiter-engine-5.6.0.jar:5.6.0]
	at org.junit.jupiter.engine.execution.ExecutableInvoker$ReflectiveInterceptorCall.lambda$ofVoidMethod$0(ExecutableInvoker.java:115) ~[junit-jupiter-engine-5.6.0.jar:5.6.0]
	at org.junit.jupiter.engine.execution.ExecutableInvoker.lambda$invoke$0(ExecutableInvoker.java:105) ~[junit-jupiter-engine-5.6.0.jar:5.6.0]
	at org.junit.jupiter.engine.execution.InvocationInterceptorChain$InterceptedInvocation.proceed(InvocationInterceptorChain.java:106) ~[junit-jupiter-engine-5.6.0.jar:5.6.0]
	at org.junit.jupiter.engine.execution.InvocationInterceptorChain.proceed(InvocationInterceptorChain.java:64) ~[junit-jupiter-engine-5.6.0.jar:5.6.0]
	at org.junit.jupiter.engine.execution.InvocationInterceptorChain.chainAndInvoke(InvocationInterceptorChain.java:45) ~[junit-jupiter-engine-5.6.0.jar:5.6.0]
	at org.junit.jupiter.engine.execution.InvocationInterceptorChain.invoke(InvocationInterceptorChain.java:37) ~[junit-jupiter-engine-5.6.0.jar:5.6.0]
	at org.junit.jupiter.engine.execution.ExecutableInvoker.invoke(ExecutableInvoker.java:104) ~[junit-jupiter-engine-5.6.0.jar:5.6.0]
	at org.junit.jupiter.engine.execution.ExecutableInvoker.invoke(ExecutableInvoker.java:98) ~[junit-jupiter-engine-5.6.0.jar:5.6.0]
	at org.junit.jupiter.engine.descriptor.TestMethodTestDescriptor.lambda$invokeTestMethod$6(TestMethodTestDescriptor.java:205) ~[junit-jupiter-engine-5.6.0.jar:5.6.0]
	at org.junit.platform.engine.support.hierarchical.ThrowableCollector.execute(ThrowableCollector.java:73) ~[junit-platform-engine-1.6.0.jar:1.6.0]
	at org.junit.jupiter.engine.descriptor.TestMethodTestDescriptor.invokeTestMethod(TestMethodTestDescriptor.java:201) ~[junit-jupiter-engine-5.6.0.jar:5.6.0]
	at org.junit.jupiter.engine.descriptor.TestMethodTestDescriptor.execute(TestMethodTestDescriptor.java:137) ~[junit-jupiter-engine-5.6.0.jar:5.6.0]
	at org.junit.jupiter.engine.descriptor.TestMethodTestDescriptor.execute(TestMethodTestDescriptor.java:71) ~[junit-jupiter-engine-5.6.0.jar:5.6.0]
	at org.junit.platform.engine.support.hierarchical.NodeTestTask.lambda$executeRecursively$5(NodeTestTask.java:135) ~[junit-platform-engine-1.6.0.jar:1.6.0]
	at org.junit.platform.engine.support.hierarchical.ThrowableCollector.execute(ThrowableCollector.java:73) ~[junit-platform-engine-1.6.0.jar:1.6.0]
	at org.junit.platform.engine.support.hierarchical.NodeTestTask.lambda$executeRecursively$7(NodeTestTask.java:125) ~[junit-platform-engine-1.6.0.jar:1.6.0]
	at org.junit.platform.engine.support.hierarchical.Node.around(Node.java:135) ~[junit-platform-engine-1.6.0.jar:1.6.0]
	at org.junit.platform.engine.support.hierarchical.NodeTestTask.lambda$executeRecursively$8(NodeTestTask.java:123) ~[junit-platform-engine-1.6.0.jar:1.6.0]
	at org.junit.platform.engine.support.hierarchical.ThrowableCollector.execute(ThrowableCollector.java:73) ~[junit-platform-engine-1.6.0.jar:1.6.0]
	at org.junit.platform.engine.support.hierarchical.NodeTestTask.executeRecursively(NodeTestTask.java:122) ~[junit-platform-engine-1.6.0.jar:1.6.0]
	at org.junit.platform.engine.support.hierarchical.NodeTestTask.execute(NodeTestTask.java:80) ~[junit-platform-engine-1.6.0.jar:1.6.0]
	at java.util.ArrayList.forEach(ArrayList.java:1249) ~[?:1.8.0_131]
	at org.junit.platform.engine.support.hierarchical.SameThreadHierarchicalTestExecutorService.invokeAll(SameThreadHierarchicalTestExecutorService.java:38) ~[junit-platform-engine-1.6.0.jar:1.6.0]
	at org.junit.platform.engine.support.hierarchical.NodeTestTask.lambda$executeRecursively$5(NodeTestTask.java:139) ~[junit-platform-engine-1.6.0.jar:1.6.0]
	at org.junit.platform.engine.support.hierarchical.ThrowableCollector.execute(ThrowableCollector.java:73) ~[junit-platform-engine-1.6.0.jar:1.6.0]
	at org.junit.platform.engine.support.hierarchical.NodeTestTask.lambda$executeRecursively$7(NodeTestTask.java:125) ~[junit-platform-engine-1.6.0.jar:1.6.0]
	at org.junit.platform.engine.support.hierarchical.Node.around(Node.java:135) ~[junit-platform-engine-1.6.0.jar:1.6.0]
	at org.junit.platform.engine.support.hierarchical.NodeTestTask.lambda$executeRecursively$8(NodeTestTask.java:123) ~[junit-platform-engine-1.6.0.jar:1.6.0]
	at org.junit.platform.engine.support.hierarchical.ThrowableCollector.execute(ThrowableCollector.java:73) ~[junit-platform-engine-1.6.0.jar:1.6.0]
	at org.junit.platform.engine.support.hierarchical.NodeTestTask.executeRecursively(NodeTestTask.java:122) ~[junit-platform-engine-1.6.0.jar:1.6.0]
	at org.junit.platform.engine.support.hierarchical.NodeTestTask.execute(NodeTestTask.java:80) ~[junit-platform-engine-1.6.0.jar:1.6.0]
	at java.util.ArrayList.forEach(ArrayList.java:1249) ~[?:1.8.0_131]
	at org.junit.platform.engine.support.hierarchical.SameThreadHierarchicalTestExecutorService.invokeAll(SameThreadHierarchicalTestExecutorService.java:38) ~[junit-platform-engine-1.6.0.jar:1.6.0]
	at org.junit.platform.engine.support.hierarchical.NodeTestTask.lambda$executeRecursively$5(NodeTestTask.java:139) ~[junit-platform-engine-1.6.0.jar:1.6.0]
	at org.junit.platform.engine.support.hierarchical.ThrowableCollector.execute(ThrowableCollector.java:73) ~[junit-platform-engine-1.6.0.jar:1.6.0]
	at org.junit.platform.engine.support.hierarchical.NodeTestTask.lambda$executeRecursively$7(NodeTestTask.java:125) ~[junit-platform-engine-1.6.0.jar:1.6.0]
	at org.junit.platform.engine.support.hierarchical.Node.around(Node.java:135) ~[junit-platform-engine-1.6.0.jar:1.6.0]
	at org.junit.platform.engine.support.hierarchical.NodeTestTask.lambda$executeRecursively$8(NodeTestTask.java:123) ~[junit-platform-engine-1.6.0.jar:1.6.0]
	at org.junit.platform.engine.support.hierarchical.ThrowableCollector.execute(ThrowableCollector.java:73) ~[junit-platform-engine-1.6.0.jar:1.6.0]
	at org.junit.platform.engine.support.hierarchical.NodeTestTask.executeRecursively(NodeTestTask.java:122) ~[junit-platform-engine-1.6.0.jar:1.6.0]
	at org.junit.platform.engine.support.hierarchical.NodeTestTask.execute(NodeTestTask.java:80) ~[junit-platform-engine-1.6.0.jar:1.6.0]
	at org.junit.platform.engine.support.hierarchical.SameThreadHierarchicalTestExecutorService.submit(SameThreadHierarchicalTestExecutorService.java:32) ~[junit-platform-engine-1.6.0.jar:1.6.0]
	at org.junit.platform.engine.support.hierarchical.HierarchicalTestExecutor.execute(HierarchicalTestExecutor.java:57) ~[junit-platform-engine-1.6.0.jar:1.6.0]
	at org.junit.platform.engine.support.hierarchical.HierarchicalTestEngine.execute(HierarchicalTestEngine.java:51) ~[junit-platform-engine-1.6.0.jar:1.6.0]
	at org.junit.platform.launcher.core.DefaultLauncher.execute(DefaultLauncher.java:229) ~[.cp/:?]
	at org.junit.platform.launcher.core.DefaultLauncher.lambda$execute$6(DefaultLauncher.java:197) ~[.cp/:?]
	at org.junit.platform.launcher.core.DefaultLauncher.withInterceptedStreams(DefaultLauncher.java:211) [.cp/:?]
	at org.junit.platform.launcher.core.DefaultLauncher.execute(DefaultLauncher.java:191) [.cp/:?]
	at org.junit.platform.launcher.core.DefaultLauncher.execute(DefaultLauncher.java:137) [.cp/:?]
	at org.eclipse.jdt.internal.junit5.runner.JUnit5TestReference.run(JUnit5TestReference.java:89) [.cp/:?]
	at org.eclipse.jdt.internal.junit.runner.TestExecution.run(TestExecution.java:41) [.cp/:?]
	at org.eclipse.jdt.internal.junit.runner.RemoteTestRunner.runTests(RemoteTestRunner.java:542) [.cp/:?]
	at org.eclipse.jdt.internal.junit.runner.RemoteTestRunner.runTests(RemoteTestRunner.java:770) [.cp/:?]
	at org.eclipse.jdt.internal.junit.runner.RemoteTestRunner.run(RemoteTestRunner.java:464) [.cp/:?]
	at org.eclipse.jdt.internal.junit.runner.RemoteTestRunner.main(RemoteTestRunner.java:210) [.cp/:?]
2020-03-07 22:41:29 [main] INFO  DataBaseTestConfig:21 - Create DB connection
2020-03-07 22:41:29 [main] INFO  DataBaseTestConfig:21 - Create DB connection
2020-03-07 22:41:29 [main] INFO  DataBaseTestConfig:21 - Create DB connection
2020-03-07 22:41:29 [main] INFO  DataBaseTestConfig:21 - Create DB connection
2020-03-07 22:41:29 [main] INFO  DataBaseTestConfig:21 - Create DB connection
2020-03-07 22:41:30 [main] INFO  DataBaseTestConfig:21 - Create DB connection
2020-03-07 22:41:30 [main] INFO  DataBaseTestConfig:21 - Create DB connection
2020-03-07 22:41:30 [main] INFO  DataBaseTestConfig:21 - Create DB connection
2020-03-07 22:41:30 [main] INFO  DataBaseTestConfig:21 - Create DB connection
2020-03-07 22:41:30 [main] INFO  DataBaseTestConfig:21 - Create DB connection
2020-03-07 22:41:30 [main] INFO  DataBaseTestConfig:21 - Create DB connection
2020-03-07 22:41:30 [main] INFO  DataBaseTestConfig:21 - Create DB connection
2020-03-07 22:41:30 [main] INFO  DataBaseTestConfig:21 - Create DB connection
2020-03-07 22:41:30 [main] INFO  DataBaseTestConfig:21 - Create DB connection
2020-03-07 22:41:30 [main] INFO  DataBaseTestConfig:21 - Create DB connection
2020-03-07 22:41:30 [main] INFO  DataBaseTestConfig:21 - Create DB connection
2020-03-07 22:41:30 [main] INFO  DataBaseTestConfig:21 - Create DB connection
2020-03-07 22:41:30 [main] INFO  DataBaseTestConfig:21 - Create DB connection
2020-03-07 22:41:30 [main] INFO  DataBaseTestConfig:21 - Create DB connection
2020-03-07 22:41:30 [main] INFO  DataBaseTestConfig:21 - Create DB connection
2020-03-07 22:41:30 [main] INFO  DataBaseTestConfig:21 - Create DB connection
2020-03-07 22:41:30 [main] INFO  DataBaseTestConfig:21 - Create DB connection
2020-03-07 22:41:30 [main] INFO  DataBaseTestConfig:21 - Create DB connection
2020-03-07 22:41:30 [main] INFO  DataBaseTestConfig:21 - Create DB connection
2020-03-07 22:41:30 [main] INFO  DataBaseTestConfig:21 - Create DB connection
2020-03-07 22:41:30 [main] INFO  DataBaseTestConfig:21 - Create DB connection
2020-03-07 22:41:30 [main] INFO  DataBaseTestConfig:21 - Create DB connection
2020-03-07 22:41:30 [main] INFO  DataBaseTestConfig:21 - Create DB connection
2020-03-07 22:41:30 [main] INFO  DataBaseTestConfig:21 - Create DB connection
2020-03-07 22:41:30 [main] INFO  DataBaseTestConfig:21 - Create DB connection
2020-03-07 22:41:30 [main] INFO  DataBaseTestConfig:21 - Create DB connection
2020-03-07 22:41:30 [main] INFO  DataBaseTestConfig:21 - Create DB connection
2020-03-07 22:41:30 [main] INFO  DataBaseTestConfig:21 - Create DB connection
2020-03-07 22:41:30 [main] INFO  DataBaseTestConfig:21 - Create DB connection
2020-03-07 22:41:31 [main] INFO  DataBaseTestConfig:21 - Create DB connection
